<?xml version="1.0" encoding="UTF-8"?>
<testsuite xmlns:xsi="http://www.w3.org/2001/XMLSchema-instance" xsi:noNamespaceSchemaLocation="https://maven.apache.org/surefire/maven-surefire-plugin/xsd/surefire-test-report-3.0.xsd" version="3.0" name="com.jpmc.midascore.TaskFiveTests" time="9.771" tests="1" errors="0" skipped="0" failures="0">
  <properties>
    <property name="jdk.tls.rejectClientInitiatedRenegotiation" value="true"/>
    <property name="java.specification.version" value="17"/>
    <property name="sun.jnu.encoding" value="UTF-8"/>
    <property name="java.class.path" value="/root/test/forage-midas/target/test-classes:/root/test/forage-midas/target/classes:/root/.m2/repository/org/springframework/boot/spring-boot-starter-data-jpa/3.2.5/spring-boot-starter-data-jpa-3.2.5.jar:/root/.m2/repository/org/springframework/boot/spring-boot-starter-aop/3.2.5/spring-boot-starter-aop-3.2.5.jar:/root/.m2/repository/org/springframework/spring-aop/6.1.6/spring-aop-6.1.6.jar:/root/.m2/repository/org/aspectj/aspectjweaver/1.9.22/aspectjweaver-1.9.22.jar:/root/.m2/repository/org/springframework/boot/spring-boot-starter-jdbc/3.2.5/spring-boot-starter-jdbc-3.2.5.jar:/root/.m2/repository/com/zaxxer/HikariCP/5.0.1/HikariCP-5.0.1.jar:/root/.m2/repository/org/springframework/spring-jdbc/6.1.6/spring-jdbc-6.1.6.jar:/root/.m2/repository/org/hibernate/orm/hibernate-core/6.4.4.Final/hibernate-core-6.4.4.Final.jar:/root/.m2/repository/jakarta/persistence/jakarta.persistence-api/3.1.0/jakarta.persistence-api-3.1.0.jar:/root/.m2/repository/jakarta/transaction/jakarta.transaction-api/2.0.1/jakarta.transaction-api-2.0.1.jar:/root/.m2/repository/org/jboss/logging/jboss-logging/3.5.3.Final/jboss-logging-3.5.3.Final.jar:/root/.m2/repository/org/hibernate/common/hibernate-commons-annotations/6.0.6.Final/hibernate-commons-annotations-6.0.6.Final.jar:/root/.m2/repository/io/smallrye/jandex/3.1.2/jandex-3.1.2.jar:/root/.m2/repository/com/fasterxml/classmate/1.6.0/classmate-1.6.0.jar:/root/.m2/repository/net/bytebuddy/byte-buddy/1.14.13/byte-buddy-1.14.13.jar:/root/.m2/repository/org/glassfish/jaxb/jaxb-runtime/4.0.5/jaxb-runtime-4.0.5.jar:/root/.m2/repository/org/glassfish/jaxb/jaxb-core/4.0.5/jaxb-core-4.0.5.jar:/root/.m2/repository/org/eclipse/angus/angus-activation/2.0.2/angus-activation-2.0.2.jar:/root/.m2/repository/org/glassfish/jaxb/txw2/4.0.5/txw2-4.0.5.jar:/root/.m2/repository/com/sun/istack/istack-commons-runtime/4.1.2/istack-commons-runtime-4.1.2.jar:/root/.m2/repository/jakarta/inject/jakarta.inject-api/2.0.1/jakarta.inject-api-2.0.1.jar:/root/.m2/repository/org/antlr/antlr4-runtime/4.13.0/antlr4-runtime-4.13.0.jar:/root/.m2/repository/org/springframework/data/spring-data-jpa/3.2.5/spring-data-jpa-3.2.5.jar:/root/.m2/repository/org/springframework/data/spring-data-commons/3.2.5/spring-data-commons-3.2.5.jar:/root/.m2/repository/org/springframework/spring-orm/6.1.6/spring-orm-6.1.6.jar:/root/.m2/repository/org/springframework/spring-beans/6.1.6/spring-beans-6.1.6.jar:/root/.m2/repository/jakarta/annotation/jakarta.annotation-api/2.1.1/jakarta.annotation-api-2.1.1.jar:/root/.m2/repository/org/slf4j/slf4j-api/2.0.13/slf4j-api-2.0.13.jar:/root/.m2/repository/org/springframework/spring-aspects/6.1.6/spring-aspects-6.1.6.jar:/root/.m2/repository/org/springframework/boot/spring-boot-starter-web/3.2.5/spring-boot-starter-web-3.2.5.jar:/root/.m2/repository/org/springframework/boot/spring-boot-starter/3.2.5/spring-boot-starter-3.2.5.jar:/root/.m2/repository/org/springframework/boot/spring-boot/3.2.5/spring-boot-3.2.5.jar:/root/.m2/repository/org/springframework/boot/spring-boot-autoconfigure/3.2.5/spring-boot-autoconfigure-3.2.5.jar:/root/.m2/repository/org/springframework/boot/spring-boot-starter-logging/3.2.5/spring-boot-starter-logging-3.2.5.jar:/root/.m2/repository/org/apache/logging/log4j/log4j-to-slf4j/2.21.1/log4j-to-slf4j-2.21.1.jar:/root/.m2/repository/org/apache/logging/log4j/log4j-api/2.21.1/log4j-api-2.21.1.jar:/root/.m2/repository/org/slf4j/jul-to-slf4j/2.0.13/jul-to-slf4j-2.0.13.jar:/root/.m2/repository/org/yaml/snakeyaml/2.2/snakeyaml-2.2.jar:/root/.m2/repository/org/springframework/boot/spring-boot-starter-json/3.2.5/spring-boot-starter-json-3.2.5.jar:/root/.m2/repository/com/fasterxml/jackson/core/jackson-databind/2.15.4/jackson-databind-2.15.4.jar:/root/.m2/repository/com/fasterxml/jackson/core/jackson-annotations/2.15.4/jackson-annotations-2.15.4.jar:/root/.m2/repository/com/fasterxml/jackson/core/jackson-core/2.15.4/jackson-core-2.15.4.jar:/root/.m2/repository/com/fasterxml/jackson/datatype/jackson-datatype-jdk8/2.15.4/jackson-datatype-jdk8-2.15.4.jar:/root/.m2/repository/com/fasterxml/jackson/datatype/jackson-datatype-jsr310/2.15.4/jackson-datatype-jsr310-2.15.4.jar:/root/.m2/repository/com/fasterxml/jackson/module/jackson-module-parameter-names/2.15.4/jackson-module-parameter-names-2.15.4.jar:/root/.m2/repository/org/springframework/boot/spring-boot-starter-tomcat/3.2.5/spring-boot-starter-tomcat-3.2.5.jar:/root/.m2/repository/org/apache/tomcat/embed/tomcat-embed-core/10.1.20/tomcat-embed-core-10.1.20.jar:/root/.m2/repository/org/apache/tomcat/embed/tomcat-embed-el/10.1.20/tomcat-embed-el-10.1.20.jar:/root/.m2/repository/org/apache/tomcat/embed/tomcat-embed-websocket/10.1.20/tomcat-embed-websocket-10.1.20.jar:/root/.m2/repository/org/springframework/spring-web/6.1.6/spring-web-6.1.6.jar:/root/.m2/repository/org/springframework/spring-webmvc/6.1.6/spring-webmvc-6.1.6.jar:/root/.m2/repository/org/springframework/spring-expression/6.1.6/spring-expression-6.1.6.jar:/root/.m2/repository/org/springframework/boot/spring-boot-starter-test/3.2.5/spring-boot-starter-test-3.2.5.jar:/root/.m2/repository/org/springframework/boot/spring-boot-test/3.2.5/spring-boot-test-3.2.5.jar:/root/.m2/repository/org/springframework/boot/spring-boot-test-autoconfigure/3.2.5/spring-boot-test-autoconfigure-3.2.5.jar:/root/.m2/repository/com/jayway/jsonpath/json-path/2.9.0/json-path-2.9.0.jar:/root/.m2/repository/jakarta/xml/bind/jakarta.xml.bind-api/4.0.2/jakarta.xml.bind-api-4.0.2.jar:/root/.m2/repository/jakarta/activation/jakarta.activation-api/2.1.3/jakarta.activation-api-2.1.3.jar:/root/.m2/repository/net/minidev/json-smart/2.5.1/json-smart-2.5.1.jar:/root/.m2/repository/net/minidev/accessors-smart/2.5.1/accessors-smart-2.5.1.jar:/root/.m2/repository/org/ow2/asm/asm/9.6/asm-9.6.jar:/root/.m2/repository/org/assertj/assertj-core/3.24.2/assertj-core-3.24.2.jar:/root/.m2/repository/org/awaitility/awaitility/4.2.1/awaitility-4.2.1.jar:/root/.m2/repository/org/hamcrest/hamcrest/2.2/hamcrest-2.2.jar:/root/.m2/repository/org/junit/jupiter/junit-jupiter/5.10.2/junit-jupiter-5.10.2.jar:/root/.m2/repository/org/junit/jupiter/junit-jupiter-params/5.10.2/junit-jupiter-params-5.10.2.jar:/root/.m2/repository/org/junit/jupiter/junit-jupiter-engine/5.10.2/junit-jupiter-engine-5.10.2.jar:/root/.m2/repository/org/mockito/mockito-core/5.7.0/mockito-core-5.7.0.jar:/root/.m2/repository/net/bytebuddy/byte-buddy-agent/1.14.13/byte-buddy-agent-1.14.13.jar:/root/.m2/repository/org/objenesis/objenesis/3.3/objenesis-3.3.jar:/root/.m2/repository/org/mockito/mockito-junit-jupiter/5.7.0/mockito-junit-jupiter-5.7.0.jar:/root/.m2/repository/org/skyscreamer/jsonassert/1.5.1/jsonassert-1.5.1.jar:/root/.m2/repository/com/vaadin/external/google/android-json/0.0.20131108.vaadin1/android-json-0.0.20131108.vaadin1.jar:/root/.m2/repository/org/springframework/spring-core/6.1.6/spring-core-6.1.6.jar:/root/.m2/repository/org/springframework/spring-jcl/6.1.6/spring-jcl-6.1.6.jar:/root/.m2/repository/org/springframework/spring-test/6.1.6/spring-test-6.1.6.jar:/root/.m2/repository/org/xmlunit/xmlunit-core/2.9.1/xmlunit-core-2.9.1.jar:/root/.m2/repository/com/h2database/h2/2.2.224/h2-2.2.224.jar:/root/.m2/repository/org/springframework/kafka/spring-kafka/3.1.4/spring-kafka-3.1.4.jar:/root/.m2/repository/org/springframework/spring-context/6.1.6/spring-context-6.1.6.jar:/root/.m2/repository/org/springframework/spring-messaging/6.1.6/spring-messaging-6.1.6.jar:/root/.m2/repository/org/springframework/spring-tx/6.1.6/spring-tx-6.1.6.jar:/root/.m2/repository/org/springframework/retry/spring-retry/2.0.5/spring-retry-2.0.5.jar:/root/.m2/repository/org/apache/kafka/kafka-clients/3.6.2/kafka-clients-3.6.2.jar:/root/.m2/repository/com/github/luben/zstd-jni/1.5.5-1/zstd-jni-1.5.5-1.jar:/root/.m2/repository/org/lz4/lz4-java/1.8.0/lz4-java-1.8.0.jar:/root/.m2/repository/org/xerial/snappy/snappy-java/1.1.10.5/snappy-java-1.1.10.5.jar:/root/.m2/repository/io/micrometer/micrometer-observation/1.12.5/micrometer-observation-1.12.5.jar:/root/.m2/repository/io/micrometer/micrometer-commons/1.12.5/micrometer-commons-1.12.5.jar:/root/.m2/repository/com/google/code/findbugs/jsr305/3.0.2/jsr305-3.0.2.jar:/root/.m2/repository/org/springframework/kafka/spring-kafka-test/3.1.4/spring-kafka-test-3.1.4.jar:/root/.m2/repository/org/apache/zookeeper/zookeeper/3.8.4/zookeeper-3.8.4.jar:/root/.m2/repository/org/apache/zookeeper/zookeeper-jute/3.8.4/zookeeper-jute-3.8.4.jar:/root/.m2/repository/org/apache/yetus/audience-annotations/0.12.0/audience-annotations-0.12.0.jar:/root/.m2/repository/io/netty/netty-handler/4.1.109.Final/netty-handler-4.1.109.Final.jar:/root/.m2/repository/io/netty/netty-common/4.1.109.Final/netty-common-4.1.109.Final.jar:/root/.m2/repository/io/netty/netty-resolver/4.1.109.Final/netty-resolver-4.1.109.Final.jar:/root/.m2/repository/io/netty/netty-buffer/4.1.109.Final/netty-buffer-4.1.109.Final.jar:/root/.m2/repository/io/netty/netty-transport/4.1.109.Final/netty-transport-4.1.109.Final.jar:/root/.m2/repository/io/netty/netty-transport-native-unix-common/4.1.109.Final/netty-transport-native-unix-common-4.1.109.Final.jar:/root/.m2/repository/io/netty/netty-codec/4.1.109.Final/netty-codec-4.1.109.Final.jar:/root/.m2/repository/io/netty/netty-transport-native-epoll/4.1.109.Final/netty-transport-native-epoll-4.1.109.Final.jar:/root/.m2/repository/io/netty/netty-transport-classes-epoll/4.1.109.Final/netty-transport-classes-epoll-4.1.109.Final.jar:/root/.m2/repository/ch/qos/logback/logback-core/1.4.14/logback-core-1.4.14.jar:/root/.m2/repository/ch/qos/logback/logback-classic/1.4.14/logback-classic-1.4.14.jar:/root/.m2/repository/commons-io/commons-io/2.11.0/commons-io-2.11.0.jar:/root/.m2/repository/org/apache/kafka/kafka-clients/3.6.2/kafka-clients-3.6.2-test.jar:/root/.m2/repository/org/apache/kafka/kafka-metadata/3.6.2/kafka-metadata-3.6.2.jar:/root/.m2/repository/org/apache/kafka/kafka-raft/3.6.2/kafka-raft-3.6.2.jar:/root/.m2/repository/com/yammer/metrics/metrics-core/2.2.0/metrics-core-2.2.0.jar:/root/.m2/repository/org/apache/kafka/kafka-server-common/3.6.2/kafka-server-common-3.6.2.jar:/root/.m2/repository/net/sf/jopt-simple/jopt-simple/5.0.4/jopt-simple-5.0.4.jar:/root/.m2/repository/org/pcollections/pcollections/4.0.1/pcollections-4.0.1.jar:/root/.m2/repository/org/apache/kafka/kafka-server-common/3.6.2/kafka-server-common-3.6.2-test.jar:/root/.m2/repository/org/apache/kafka/kafka-streams-test-utils/3.6.2/kafka-streams-test-utils-3.6.2.jar:/root/.m2/repository/org/apache/kafka/kafka-streams/3.6.2/kafka-streams-3.6.2.jar:/root/.m2/repository/org/rocksdb/rocksdbjni/7.9.2/rocksdbjni-7.9.2.jar:/root/.m2/repository/org/apache/kafka/kafka_2.13/3.6.2/kafka_2.13-3.6.2.jar:/root/.m2/repository/org/scala-lang/scala-library/2.13.11/scala-library-2.13.11.jar:/root/.m2/repository/org/apache/kafka/kafka-group-coordinator/3.6.2/kafka-group-coordinator-3.6.2.jar:/root/.m2/repository/org/apache/kafka/kafka-storage-api/3.6.2/kafka-storage-api-3.6.2.jar:/root/.m2/repository/org/apache/kafka/kafka-tools-api/3.6.2/kafka-tools-api-3.6.2.jar:/root/.m2/repository/org/apache/kafka/kafka-storage/3.6.2/kafka-storage-3.6.2.jar:/root/.m2/repository/com/github/ben-manes/caffeine/caffeine/3.1.8/caffeine-3.1.8.jar:/root/.m2/repository/org/checkerframework/checker-qual/3.37.0/checker-qual-3.37.0.jar:/root/.m2/repository/com/google/errorprone/error_prone_annotations/2.21.1/error_prone_annotations-2.21.1.jar:/root/.m2/repository/net/sourceforge/argparse4j/argparse4j/0.7.0/argparse4j-0.7.0.jar:/root/.m2/repository/commons-validator/commons-validator/1.7/commons-validator-1.7.jar:/root/.m2/repository/commons-beanutils/commons-beanutils/1.9.4/commons-beanutils-1.9.4.jar:/root/.m2/repository/commons-digester/commons-digester/2.1/commons-digester-2.1.jar:/root/.m2/repository/commons-collections/commons-collections/3.2.2/commons-collections-3.2.2.jar:/root/.m2/repository/com/fasterxml/jackson/module/jackson-module-scala_2.13/2.15.4/jackson-module-scala_2.13-2.15.4.jar:/root/.m2/repository/com/thoughtworks/paranamer/paranamer/2.8/paranamer-2.8.jar:/root/.m2/repository/com/fasterxml/jackson/dataformat/jackson-dataformat-csv/2.15.4/jackson-dataformat-csv-2.15.4.jar:/root/.m2/repository/org/bitbucket/b_c/jose4j/0.9.4/jose4j-0.9.4.jar:/root/.m2/repository/org/scala-lang/modules/scala-collection-compat_2.13/2.10.0/scala-collection-compat_2.13-2.10.0.jar:/root/.m2/repository/org/scala-lang/modules/scala-java8-compat_2.13/1.0.2/scala-java8-compat_2.13-1.0.2.jar:/root/.m2/repository/org/scala-lang/scala-reflect/2.13.11/scala-reflect-2.13.11.jar:/root/.m2/repository/com/typesafe/scala-logging/scala-logging_2.13/3.9.4/scala-logging_2.13-3.9.4.jar:/root/.m2/repository/io/dropwizard/metrics/metrics-core/4.2.25/metrics-core-4.2.25.jar:/root/.m2/repository/commons-cli/commons-cli/1.4/commons-cli-1.4.jar:/root/.m2/repository/org/apache/kafka/kafka_2.13/3.6.2/kafka_2.13-3.6.2-test.jar:/root/.m2/repository/org/junit/jupiter/junit-jupiter-api/5.10.2/junit-jupiter-api-5.10.2.jar:/root/.m2/repository/org/opentest4j/opentest4j/1.3.0/opentest4j-1.3.0.jar:/root/.m2/repository/org/junit/platform/junit-platform-commons/1.10.2/junit-platform-commons-1.10.2.jar:/root/.m2/repository/org/apiguardian/apiguardian-api/1.1.2/apiguardian-api-1.1.2.jar:/root/.m2/repository/org/junit/platform/junit-platform-launcher/1.10.2/junit-platform-launcher-1.10.2.jar:/root/.m2/repository/org/junit/platform/junit-platform-engine/1.10.2/junit-platform-engine-1.10.2.jar:/root/.m2/repository/org/testcontainers/kafka/1.19.1/kafka-1.19.1.jar:/root/.m2/repository/org/testcontainers/testcontainers/1.19.7/testcontainers-1.19.7.jar:/root/.m2/repository/junit/junit/4.13.2/junit-4.13.2.jar:/root/.m2/repository/org/hamcrest/hamcrest-core/2.2/hamcrest-core-2.2.jar:/root/.m2/repository/org/apache/commons/commons-compress/1.24.0/commons-compress-1.24.0.jar:/root/.m2/repository/org/rnorth/duct-tape/duct-tape/1.0.8/duct-tape-1.0.8.jar:/root/.m2/repository/org/jetbrains/annotations/17.0.0/annotations-17.0.0.jar:/root/.m2/repository/com/github/docker-java/docker-java-api/3.3.6/docker-java-api-3.3.6.jar:/root/.m2/repository/com/github/docker-java/docker-java-transport-zerodep/3.3.6/docker-java-transport-zerodep-3.3.6.jar:/root/.m2/repository/com/github/docker-java/docker-java-transport/3.3.6/docker-java-transport-3.3.6.jar:/root/.m2/repository/net/java/dev/jna/jna/5.13.0/jna-5.13.0.jar:"/>
    <property name="java.vm.vendor" value="Oracle Corporation"/>
    <property name="sun.arch.data.model" value="64"/>
    <property name="catalina.useNaming" value="false"/>
    <property name="java.vendor.url" value="https://java.oracle.com/"/>
    <property name="user.timezone" value="UTC"/>
    <property name="org.jboss.logging.provider" value="slf4j"/>
    <property name="os.name" value="Linux"/>
    <property name="java.vm.specification.version" value="17"/>
    <property name="sun.java.launcher" value="SUN_STANDARD"/>
    <property name="user.country" value="US"/>
    <property name="sun.boot.library.path" value="/jdk-17.0.12/lib"/>
    <property name="sun.java.command" value="/root/test/forage-midas/target/surefire/surefirebooter-20250718073734521_3.jar /root/test/forage-midas/target/surefire 2025-07-18T07-37-34_447-jvmRun1 surefire-20250718073734521_1tmp surefire_0-20250718073734521_2tmp"/>
    <property name="jdk.debug" value="release"/>
    <property name="surefire.test.class.path" value="/root/test/forage-midas/target/test-classes:/root/test/forage-midas/target/classes:/root/.m2/repository/org/springframework/boot/spring-boot-starter-data-jpa/3.2.5/spring-boot-starter-data-jpa-3.2.5.jar:/root/.m2/repository/org/springframework/boot/spring-boot-starter-aop/3.2.5/spring-boot-starter-aop-3.2.5.jar:/root/.m2/repository/org/springframework/spring-aop/6.1.6/spring-aop-6.1.6.jar:/root/.m2/repository/org/aspectj/aspectjweaver/1.9.22/aspectjweaver-1.9.22.jar:/root/.m2/repository/org/springframework/boot/spring-boot-starter-jdbc/3.2.5/spring-boot-starter-jdbc-3.2.5.jar:/root/.m2/repository/com/zaxxer/HikariCP/5.0.1/HikariCP-5.0.1.jar:/root/.m2/repository/org/springframework/spring-jdbc/6.1.6/spring-jdbc-6.1.6.jar:/root/.m2/repository/org/hibernate/orm/hibernate-core/6.4.4.Final/hibernate-core-6.4.4.Final.jar:/root/.m2/repository/jakarta/persistence/jakarta.persistence-api/3.1.0/jakarta.persistence-api-3.1.0.jar:/root/.m2/repository/jakarta/transaction/jakarta.transaction-api/2.0.1/jakarta.transaction-api-2.0.1.jar:/root/.m2/repository/org/jboss/logging/jboss-logging/3.5.3.Final/jboss-logging-3.5.3.Final.jar:/root/.m2/repository/org/hibernate/common/hibernate-commons-annotations/6.0.6.Final/hibernate-commons-annotations-6.0.6.Final.jar:/root/.m2/repository/io/smallrye/jandex/3.1.2/jandex-3.1.2.jar:/root/.m2/repository/com/fasterxml/classmate/1.6.0/classmate-1.6.0.jar:/root/.m2/repository/net/bytebuddy/byte-buddy/1.14.13/byte-buddy-1.14.13.jar:/root/.m2/repository/org/glassfish/jaxb/jaxb-runtime/4.0.5/jaxb-runtime-4.0.5.jar:/root/.m2/repository/org/glassfish/jaxb/jaxb-core/4.0.5/jaxb-core-4.0.5.jar:/root/.m2/repository/org/eclipse/angus/angus-activation/2.0.2/angus-activation-2.0.2.jar:/root/.m2/repository/org/glassfish/jaxb/txw2/4.0.5/txw2-4.0.5.jar:/root/.m2/repository/com/sun/istack/istack-commons-runtime/4.1.2/istack-commons-runtime-4.1.2.jar:/root/.m2/repository/jakarta/inject/jakarta.inject-api/2.0.1/jakarta.inject-api-2.0.1.jar:/root/.m2/repository/org/antlr/antlr4-runtime/4.13.0/antlr4-runtime-4.13.0.jar:/root/.m2/repository/org/springframework/data/spring-data-jpa/3.2.5/spring-data-jpa-3.2.5.jar:/root/.m2/repository/org/springframework/data/spring-data-commons/3.2.5/spring-data-commons-3.2.5.jar:/root/.m2/repository/org/springframework/spring-orm/6.1.6/spring-orm-6.1.6.jar:/root/.m2/repository/org/springframework/spring-beans/6.1.6/spring-beans-6.1.6.jar:/root/.m2/repository/jakarta/annotation/jakarta.annotation-api/2.1.1/jakarta.annotation-api-2.1.1.jar:/root/.m2/repository/org/slf4j/slf4j-api/2.0.13/slf4j-api-2.0.13.jar:/root/.m2/repository/org/springframework/spring-aspects/6.1.6/spring-aspects-6.1.6.jar:/root/.m2/repository/org/springframework/boot/spring-boot-starter-web/3.2.5/spring-boot-starter-web-3.2.5.jar:/root/.m2/repository/org/springframework/boot/spring-boot-starter/3.2.5/spring-boot-starter-3.2.5.jar:/root/.m2/repository/org/springframework/boot/spring-boot/3.2.5/spring-boot-3.2.5.jar:/root/.m2/repository/org/springframework/boot/spring-boot-autoconfigure/3.2.5/spring-boot-autoconfigure-3.2.5.jar:/root/.m2/repository/org/springframework/boot/spring-boot-starter-logging/3.2.5/spring-boot-starter-logging-3.2.5.jar:/root/.m2/repository/org/apache/logging/log4j/log4j-to-slf4j/2.21.1/log4j-to-slf4j-2.21.1.jar:/root/.m2/repository/org/apache/logging/log4j/log4j-api/2.21.1/log4j-api-2.21.1.jar:/root/.m2/repository/org/slf4j/jul-to-slf4j/2.0.13/jul-to-slf4j-2.0.13.jar:/root/.m2/repository/org/yaml/snakeyaml/2.2/snakeyaml-2.2.jar:/root/.m2/repository/org/springframework/boot/spring-boot-starter-json/3.2.5/spring-boot-starter-json-3.2.5.jar:/root/.m2/repository/com/fasterxml/jackson/core/jackson-databind/2.15.4/jackson-databind-2.15.4.jar:/root/.m2/repository/com/fasterxml/jackson/core/jackson-annotations/2.15.4/jackson-annotations-2.15.4.jar:/root/.m2/repository/com/fasterxml/jackson/core/jackson-core/2.15.4/jackson-core-2.15.4.jar:/root/.m2/repository/com/fasterxml/jackson/datatype/jackson-datatype-jdk8/2.15.4/jackson-datatype-jdk8-2.15.4.jar:/root/.m2/repository/com/fasterxml/jackson/datatype/jackson-datatype-jsr310/2.15.4/jackson-datatype-jsr310-2.15.4.jar:/root/.m2/repository/com/fasterxml/jackson/module/jackson-module-parameter-names/2.15.4/jackson-module-parameter-names-2.15.4.jar:/root/.m2/repository/org/springframework/boot/spring-boot-starter-tomcat/3.2.5/spring-boot-starter-tomcat-3.2.5.jar:/root/.m2/repository/org/apache/tomcat/embed/tomcat-embed-core/10.1.20/tomcat-embed-core-10.1.20.jar:/root/.m2/repository/org/apache/tomcat/embed/tomcat-embed-el/10.1.20/tomcat-embed-el-10.1.20.jar:/root/.m2/repository/org/apache/tomcat/embed/tomcat-embed-websocket/10.1.20/tomcat-embed-websocket-10.1.20.jar:/root/.m2/repository/org/springframework/spring-web/6.1.6/spring-web-6.1.6.jar:/root/.m2/repository/org/springframework/spring-webmvc/6.1.6/spring-webmvc-6.1.6.jar:/root/.m2/repository/org/springframework/spring-expression/6.1.6/spring-expression-6.1.6.jar:/root/.m2/repository/org/springframework/boot/spring-boot-starter-test/3.2.5/spring-boot-starter-test-3.2.5.jar:/root/.m2/repository/org/springframework/boot/spring-boot-test/3.2.5/spring-boot-test-3.2.5.jar:/root/.m2/repository/org/springframework/boot/spring-boot-test-autoconfigure/3.2.5/spring-boot-test-autoconfigure-3.2.5.jar:/root/.m2/repository/com/jayway/jsonpath/json-path/2.9.0/json-path-2.9.0.jar:/root/.m2/repository/jakarta/xml/bind/jakarta.xml.bind-api/4.0.2/jakarta.xml.bind-api-4.0.2.jar:/root/.m2/repository/jakarta/activation/jakarta.activation-api/2.1.3/jakarta.activation-api-2.1.3.jar:/root/.m2/repository/net/minidev/json-smart/2.5.1/json-smart-2.5.1.jar:/root/.m2/repository/net/minidev/accessors-smart/2.5.1/accessors-smart-2.5.1.jar:/root/.m2/repository/org/ow2/asm/asm/9.6/asm-9.6.jar:/root/.m2/repository/org/assertj/assertj-core/3.24.2/assertj-core-3.24.2.jar:/root/.m2/repository/org/awaitility/awaitility/4.2.1/awaitility-4.2.1.jar:/root/.m2/repository/org/hamcrest/hamcrest/2.2/hamcrest-2.2.jar:/root/.m2/repository/org/junit/jupiter/junit-jupiter/5.10.2/junit-jupiter-5.10.2.jar:/root/.m2/repository/org/junit/jupiter/junit-jupiter-params/5.10.2/junit-jupiter-params-5.10.2.jar:/root/.m2/repository/org/junit/jupiter/junit-jupiter-engine/5.10.2/junit-jupiter-engine-5.10.2.jar:/root/.m2/repository/org/mockito/mockito-core/5.7.0/mockito-core-5.7.0.jar:/root/.m2/repository/net/bytebuddy/byte-buddy-agent/1.14.13/byte-buddy-agent-1.14.13.jar:/root/.m2/repository/org/objenesis/objenesis/3.3/objenesis-3.3.jar:/root/.m2/repository/org/mockito/mockito-junit-jupiter/5.7.0/mockito-junit-jupiter-5.7.0.jar:/root/.m2/repository/org/skyscreamer/jsonassert/1.5.1/jsonassert-1.5.1.jar:/root/.m2/repository/com/vaadin/external/google/android-json/0.0.20131108.vaadin1/android-json-0.0.20131108.vaadin1.jar:/root/.m2/repository/org/springframework/spring-core/6.1.6/spring-core-6.1.6.jar:/root/.m2/repository/org/springframework/spring-jcl/6.1.6/spring-jcl-6.1.6.jar:/root/.m2/repository/org/springframework/spring-test/6.1.6/spring-test-6.1.6.jar:/root/.m2/repository/org/xmlunit/xmlunit-core/2.9.1/xmlunit-core-2.9.1.jar:/root/.m2/repository/com/h2database/h2/2.2.224/h2-2.2.224.jar:/root/.m2/repository/org/springframework/kafka/spring-kafka/3.1.4/spring-kafka-3.1.4.jar:/root/.m2/repository/org/springframework/spring-context/6.1.6/spring-context-6.1.6.jar:/root/.m2/repository/org/springframework/spring-messaging/6.1.6/spring-messaging-6.1.6.jar:/root/.m2/repository/org/springframework/spring-tx/6.1.6/spring-tx-6.1.6.jar:/root/.m2/repository/org/springframework/retry/spring-retry/2.0.5/spring-retry-2.0.5.jar:/root/.m2/repository/org/apache/kafka/kafka-clients/3.6.2/kafka-clients-3.6.2.jar:/root/.m2/repository/com/github/luben/zstd-jni/1.5.5-1/zstd-jni-1.5.5-1.jar:/root/.m2/repository/org/lz4/lz4-java/1.8.0/lz4-java-1.8.0.jar:/root/.m2/repository/org/xerial/snappy/snappy-java/1.1.10.5/snappy-java-1.1.10.5.jar:/root/.m2/repository/io/micrometer/micrometer-observation/1.12.5/micrometer-observation-1.12.5.jar:/root/.m2/repository/io/micrometer/micrometer-commons/1.12.5/micrometer-commons-1.12.5.jar:/root/.m2/repository/com/google/code/findbugs/jsr305/3.0.2/jsr305-3.0.2.jar:/root/.m2/repository/org/springframework/kafka/spring-kafka-test/3.1.4/spring-kafka-test-3.1.4.jar:/root/.m2/repository/org/apache/zookeeper/zookeeper/3.8.4/zookeeper-3.8.4.jar:/root/.m2/repository/org/apache/zookeeper/zookeeper-jute/3.8.4/zookeeper-jute-3.8.4.jar:/root/.m2/repository/org/apache/yetus/audience-annotations/0.12.0/audience-annotations-0.12.0.jar:/root/.m2/repository/io/netty/netty-handler/4.1.109.Final/netty-handler-4.1.109.Final.jar:/root/.m2/repository/io/netty/netty-common/4.1.109.Final/netty-common-4.1.109.Final.jar:/root/.m2/repository/io/netty/netty-resolver/4.1.109.Final/netty-resolver-4.1.109.Final.jar:/root/.m2/repository/io/netty/netty-buffer/4.1.109.Final/netty-buffer-4.1.109.Final.jar:/root/.m2/repository/io/netty/netty-transport/4.1.109.Final/netty-transport-4.1.109.Final.jar:/root/.m2/repository/io/netty/netty-transport-native-unix-common/4.1.109.Final/netty-transport-native-unix-common-4.1.109.Final.jar:/root/.m2/repository/io/netty/netty-codec/4.1.109.Final/netty-codec-4.1.109.Final.jar:/root/.m2/repository/io/netty/netty-transport-native-epoll/4.1.109.Final/netty-transport-native-epoll-4.1.109.Final.jar:/root/.m2/repository/io/netty/netty-transport-classes-epoll/4.1.109.Final/netty-transport-classes-epoll-4.1.109.Final.jar:/root/.m2/repository/ch/qos/logback/logback-core/1.4.14/logback-core-1.4.14.jar:/root/.m2/repository/ch/qos/logback/logback-classic/1.4.14/logback-classic-1.4.14.jar:/root/.m2/repository/commons-io/commons-io/2.11.0/commons-io-2.11.0.jar:/root/.m2/repository/org/apache/kafka/kafka-clients/3.6.2/kafka-clients-3.6.2-test.jar:/root/.m2/repository/org/apache/kafka/kafka-metadata/3.6.2/kafka-metadata-3.6.2.jar:/root/.m2/repository/org/apache/kafka/kafka-raft/3.6.2/kafka-raft-3.6.2.jar:/root/.m2/repository/com/yammer/metrics/metrics-core/2.2.0/metrics-core-2.2.0.jar:/root/.m2/repository/org/apache/kafka/kafka-server-common/3.6.2/kafka-server-common-3.6.2.jar:/root/.m2/repository/net/sf/jopt-simple/jopt-simple/5.0.4/jopt-simple-5.0.4.jar:/root/.m2/repository/org/pcollections/pcollections/4.0.1/pcollections-4.0.1.jar:/root/.m2/repository/org/apache/kafka/kafka-server-common/3.6.2/kafka-server-common-3.6.2-test.jar:/root/.m2/repository/org/apache/kafka/kafka-streams-test-utils/3.6.2/kafka-streams-test-utils-3.6.2.jar:/root/.m2/repository/org/apache/kafka/kafka-streams/3.6.2/kafka-streams-3.6.2.jar:/root/.m2/repository/org/rocksdb/rocksdbjni/7.9.2/rocksdbjni-7.9.2.jar:/root/.m2/repository/org/apache/kafka/kafka_2.13/3.6.2/kafka_2.13-3.6.2.jar:/root/.m2/repository/org/scala-lang/scala-library/2.13.11/scala-library-2.13.11.jar:/root/.m2/repository/org/apache/kafka/kafka-group-coordinator/3.6.2/kafka-group-coordinator-3.6.2.jar:/root/.m2/repository/org/apache/kafka/kafka-storage-api/3.6.2/kafka-storage-api-3.6.2.jar:/root/.m2/repository/org/apache/kafka/kafka-tools-api/3.6.2/kafka-tools-api-3.6.2.jar:/root/.m2/repository/org/apache/kafka/kafka-storage/3.6.2/kafka-storage-3.6.2.jar:/root/.m2/repository/com/github/ben-manes/caffeine/caffeine/3.1.8/caffeine-3.1.8.jar:/root/.m2/repository/org/checkerframework/checker-qual/3.37.0/checker-qual-3.37.0.jar:/root/.m2/repository/com/google/errorprone/error_prone_annotations/2.21.1/error_prone_annotations-2.21.1.jar:/root/.m2/repository/net/sourceforge/argparse4j/argparse4j/0.7.0/argparse4j-0.7.0.jar:/root/.m2/repository/commons-validator/commons-validator/1.7/commons-validator-1.7.jar:/root/.m2/repository/commons-beanutils/commons-beanutils/1.9.4/commons-beanutils-1.9.4.jar:/root/.m2/repository/commons-digester/commons-digester/2.1/commons-digester-2.1.jar:/root/.m2/repository/commons-collections/commons-collections/3.2.2/commons-collections-3.2.2.jar:/root/.m2/repository/com/fasterxml/jackson/module/jackson-module-scala_2.13/2.15.4/jackson-module-scala_2.13-2.15.4.jar:/root/.m2/repository/com/thoughtworks/paranamer/paranamer/2.8/paranamer-2.8.jar:/root/.m2/repository/com/fasterxml/jackson/dataformat/jackson-dataformat-csv/2.15.4/jackson-dataformat-csv-2.15.4.jar:/root/.m2/repository/org/bitbucket/b_c/jose4j/0.9.4/jose4j-0.9.4.jar:/root/.m2/repository/org/scala-lang/modules/scala-collection-compat_2.13/2.10.0/scala-collection-compat_2.13-2.10.0.jar:/root/.m2/repository/org/scala-lang/modules/scala-java8-compat_2.13/1.0.2/scala-java8-compat_2.13-1.0.2.jar:/root/.m2/repository/org/scala-lang/scala-reflect/2.13.11/scala-reflect-2.13.11.jar:/root/.m2/repository/com/typesafe/scala-logging/scala-logging_2.13/3.9.4/scala-logging_2.13-3.9.4.jar:/root/.m2/repository/io/dropwizard/metrics/metrics-core/4.2.25/metrics-core-4.2.25.jar:/root/.m2/repository/commons-cli/commons-cli/1.4/commons-cli-1.4.jar:/root/.m2/repository/org/apache/kafka/kafka_2.13/3.6.2/kafka_2.13-3.6.2-test.jar:/root/.m2/repository/org/junit/jupiter/junit-jupiter-api/5.10.2/junit-jupiter-api-5.10.2.jar:/root/.m2/repository/org/opentest4j/opentest4j/1.3.0/opentest4j-1.3.0.jar:/root/.m2/repository/org/junit/platform/junit-platform-commons/1.10.2/junit-platform-commons-1.10.2.jar:/root/.m2/repository/org/apiguardian/apiguardian-api/1.1.2/apiguardian-api-1.1.2.jar:/root/.m2/repository/org/junit/platform/junit-platform-launcher/1.10.2/junit-platform-launcher-1.10.2.jar:/root/.m2/repository/org/junit/platform/junit-platform-engine/1.10.2/junit-platform-engine-1.10.2.jar:/root/.m2/repository/org/testcontainers/kafka/1.19.1/kafka-1.19.1.jar:/root/.m2/repository/org/testcontainers/testcontainers/1.19.7/testcontainers-1.19.7.jar:/root/.m2/repository/junit/junit/4.13.2/junit-4.13.2.jar:/root/.m2/repository/org/hamcrest/hamcrest-core/2.2/hamcrest-core-2.2.jar:/root/.m2/repository/org/apache/commons/commons-compress/1.24.0/commons-compress-1.24.0.jar:/root/.m2/repository/org/rnorth/duct-tape/duct-tape/1.0.8/duct-tape-1.0.8.jar:/root/.m2/repository/org/jetbrains/annotations/17.0.0/annotations-17.0.0.jar:/root/.m2/repository/com/github/docker-java/docker-java-api/3.3.6/docker-java-api-3.3.6.jar:/root/.m2/repository/com/github/docker-java/docker-java-transport-zerodep/3.3.6/docker-java-transport-zerodep-3.3.6.jar:/root/.m2/repository/com/github/docker-java/docker-java-transport/3.3.6/docker-java-transport-3.3.6.jar:/root/.m2/repository/net/java/dev/jna/jna/5.13.0/jna-5.13.0.jar:"/>
    <property name="test" value="TaskFiveTests"/>
    <property name="sun.cpu.endian" value="little"/>
    <property name="user.home" value="/root"/>
    <property name="user.language" value="en"/>
    <property name="java.specification.vendor" value="Oracle Corporation"/>
    <property name="spring.embedded.kafka.brokers" value="localhost:41641"/>
    <property name="java.version.date" value="2024-07-16"/>
    <property name="java.home" value="/jdk-17.0.12"/>
    <property name="file.separator" value="/"/>
    <property name="basedir" value="/root/test/forage-midas"/>
    <property name="java.vm.compressedOopsMode" value="Zero based"/>
    <property name="line.separator" value="&#10;"/>
    <property name="java.specification.name" value="Java Platform API Specification"/>
    <property name="java.vm.specification.vendor" value="Oracle Corporation"/>
    <property name="FILE_LOG_CHARSET" value="UTF-8"/>
    <property name="java.awt.headless" value="true"/>
    <property name="surefire.real.class.path" value="/root/test/forage-midas/target/surefire/surefirebooter-20250718073734521_3.jar"/>
    <property name="sun.management.compiler" value="HotSpot 64-Bit Tiered Compilers"/>
    <property name="java.runtime.version" value="17.0.12+8-LTS-286"/>
    <property name="user.name" value="root"/>
    <property name="path.separator" value=":"/>
    <property name="os.version" value="5.15.167.4-microsoft-standard-WSL2"/>
    <property name="java.runtime.name" value="Java(TM) SE Runtime Environment"/>
    <property name="file.encoding" value="UTF-8"/>
    <property name="java.vm.name" value="Java HotSpot(TM) 64-Bit Server VM"/>
    <property name="localRepository" value="/root/.m2/repository"/>
    <property name="java.vendor.url.bug" value="https://bugreport.java.com/bugreport/"/>
    <property name="java.io.tmpdir" value="/tmp"/>
    <property name="catalina.home" value="/tmp/tomcat.33400.1865574033357911376"/>
    <property name="com.zaxxer.hikari.pool_number" value="1"/>
    <property name="java.version" value="17.0.12"/>
    <property name="spring.kafka.bootstrap-servers" value="localhost:41641"/>
    <property name="user.dir" value="/root/test/forage-midas"/>
    <property name="os.arch" value="amd64"/>
    <property name="java.vm.specification.name" value="Java Virtual Machine Specification"/>
    <property name="PID" value="27376"/>
    <property name="CONSOLE_LOG_CHARSET" value="UTF-8"/>
    <property name="catalina.base" value="/tmp/tomcat.33400.1865574033357911376"/>
    <property name="native.encoding" value="UTF-8"/>
    <property name="java.library.path" value="/usr/java/packages/lib:/usr/lib64:/lib64:/lib:/usr/lib"/>
    <property name="java.vm.info" value="mixed mode, sharing"/>
    <property name="java.vendor" value="Oracle Corporation"/>
    <property name="java.vm.version" value="17.0.12+8-LTS-286"/>
    <property name="sun.io.unicode.encoding" value="UnicodeLittle"/>
    <property name="java.class.version" value="61.0"/>
  </properties>
  <testcase name="task_five_verifier" classname="com.jpmc.midascore.TaskFiveTests" time="2.893">
    <system-out><![CDATA[07:37:35.298 [main] INFO org.springframework.test.context.support.AnnotationConfigContextLoaderUtils -- Could not detect default configuration classes for test class [com.jpmc.midascore.TaskFiveTests]: TaskFiveTests does not declare any static, non-private, non-final, nested classes annotated with @Configuration.
07:37:35.477 [main] INFO org.springframework.boot.test.context.SpringBootTestContextBootstrapper -- Found @SpringBootConfiguration com.jpmc.midascore.MidasCoreApplication for test class com.jpmc.midascore.TaskFiveTests

  .   ____          _            __ _ _
 /\\ / ___'_ __ _ _(_)_ __  __ _ \ \ \ \
( ( )\___ | '_ | '_| | '_ \/ _` | \ \ \ \
 \\/  ___)| |_)| | | | | || (_| |  ) ) ) )
  '  |____| .__|_| |_|_| |_\__, | / / / /
 =========|_|==============|___/=/_/_/_/
 :: Spring Boot ::                (v3.2.5)

2025-07-18T07:37:36.334Z  INFO 27376 --- [           main] k.utils.Log4jControllerRegistration$     : Registered kafka:type=kafka.Log4jController MBean
2025-07-18T07:37:36.360Z  INFO 27376 --- [           main] org.apache.zookeeper.common.X509Util     : Setting -D jdk.tls.rejectClientInitiatedRenegotiation=true to disable client-initiated TLS renegotiation
2025-07-18T07:37:36.509Z  INFO 27376 --- [-kit-executor-1] kafka.server.ControllerServer            : Formatting /tmp/kafka-9291295645755567285/controller_0 with metadata.version 3.3-IV0.
2025-07-18T07:37:36.512Z  INFO 27376 --- [-kit-executor-3] kafka.server.BrokerServer                : [BrokerServer id=0] Transition from SHUTDOWN to STARTING
2025-07-18T07:37:36.512Z  INFO 27376 --- [-kit-executor-2] kafka.server.ControllerServer            : [ControllerServer id=0] Starting controller
2025-07-18T07:37:36.512Z  INFO 27376 --- [-kit-executor-3] kafka.server.SharedServer                : [SharedServer id=0] Starting SharedServer
2025-07-18T07:37:36.538Z  INFO 27376 --- [-kit-executor-2] o.a.k.s.network.EndpointReadyFutures     : authorizerStart completed for endpoint CONTROLLER. Endpoint is now READY.
2025-07-18T07:37:36.637Z  INFO 27376 --- [-kit-executor-3] kafka.log.UnifiedLog$                    : [LogLoader partition=__cluster_metadata-0, dir=/tmp/kafka-9291295645755567285/controller_0] Loading producer state till offset 0 with message format version 2
2025-07-18T07:37:36.637Z  INFO 27376 --- [-kit-executor-3] kafka.log.UnifiedLog$                    : [LogLoader partition=__cluster_metadata-0, dir=/tmp/kafka-9291295645755567285/controller_0] Reloading from producer snapshot and rebuilding producer state from offset 0
2025-07-18T07:37:36.637Z  INFO 27376 --- [-kit-executor-3] kafka.log.UnifiedLog$                    : [LogLoader partition=__cluster_metadata-0, dir=/tmp/kafka-9291295645755567285/controller_0] Producer state recovery took 0ms for snapshot load and 0ms for segment recovery from offset 0
2025-07-18T07:37:36.676Z  INFO 27376 --- [-kit-executor-3] kafka.raft.KafkaMetadataLog$             : Initialized snapshots with IDs SortedSet() from /tmp/kafka-9291295645755567285/controller_0/__cluster_metadata-0
2025-07-18T07:37:36.712Z  INFO 27376 --- [piration-reaper] ExpirationService$ExpiredOperationReaper : [raft-expiration-reaper]: Starting
2025-07-18T07:37:36.766Z  INFO 27376 --- [-kit-executor-3] org.apache.kafka.raft.QuorumState        : [RaftManager id=0] Completed transition to Unattached(epoch=0, voters=[0], electionTimeoutMs=1092) from null
2025-07-18T07:37:36.778Z  INFO 27376 --- [-kit-executor-3] org.apache.kafka.raft.QuorumState        : [RaftManager id=0] Completed transition to CandidateState(localId=0, epoch=1, retries=1, voteStates={0=GRANTED}, highWatermark=Optional.empty, electionTimeoutMs=1324) from Unattached(epoch=0, voters=[0], electionTimeoutMs=1092)
2025-07-18T07:37:36.788Z  INFO 27376 --- [-kit-executor-3] org.apache.kafka.raft.QuorumState        : [RaftManager id=0] Completed transition to Leader(localId=0, epoch=1, epochStartOffset=0, highWatermark=Optional.empty, voterStates={0=ReplicaState(nodeId=0, endOffset=Optional.empty, lastFetchTimestamp=-1, lastCaughtUpTimestamp=-1, hasAcknowledgedLeader=true)}) from CandidateState(localId=0, epoch=1, retries=1, voteStates={0=GRANTED}, highWatermark=Optional.empty, electionTimeoutMs=1324)
2025-07-18T07:37:36.904Z  INFO 27376 --- [-kit-executor-2] kafka.network.ConnectionQuotas           : Updated connection-accept-rate max connection creation rate to 2147483647
2025-07-18T07:37:36.913Z  INFO 27376 --- [-kit-executor-2] kafka.network.DataPlaneAcceptor          : Awaiting socket connections on localhost:44447.
2025-07-18T07:37:36.914Z  INFO 27376 --- [-kit-executor-2] kafka.network.DataPlaneAcceptor          : Opened wildcard endpoint localhost:44447
2025-07-18T07:37:36.928Z  INFO 27376 --- [-kit-executor-2] kafka.network.SocketServer               : [SocketServer listenerType=CONTROLLER, nodeId=0] Created data-plane acceptor and processors for endpoint : ListenerName(CONTROLLER)
2025-07-18T07:37:36.932Z  INFO 27376 --- [-request-thread] kafka.raft.RaftSendThread                : [kafka-0-raft-outbound-request-thread]: Starting
2025-07-18T07:37:36.932Z  INFO 27376 --- [-raft-io-thread] k.raft.KafkaRaftManager$RaftIoThread     : [kafka-0-raft-io-thread]: Starting
2025-07-18T07:37:36.947Z  INFO 27376 --- [-raft-io-thread] org.apache.kafka.raft.LeaderState        : [RaftManager id=0] High watermark set to LogOffsetMetadata(offset=1, metadata=Optional[(segmentBaseOffset=0,relativePositionInSegment=91)]) for the first time for epoch 1 based on indexOfHw 0 and voters [ReplicaState(nodeId=0, endOffset=Optional[LogOffsetMetadata(offset=1, metadata=Optional[(segmentBaseOffset=0,relativePositionInSegment=91)])], lastFetchTimestamp=-1, lastCaughtUpTimestamp=-1, hasAcknowledgedLeader=true)]
2025-07-18T07:37:36.959Z  INFO 27376 --- [r-event-handler] o.a.kafka.image.loader.MetadataLoader    : [MetadataLoader id=0] initializeNewPublishers: The loader is still catching up because we have loaded up to offset -1, but the high water mark is 1
2025-07-18T07:37:36.960Z  INFO 27376 --- [-kit-executor-3] kafka.server.BrokerServer                : [BrokerServer id=0] Starting broker
2025-07-18T07:37:36.960Z  INFO 27376 --- [-kit-executor-2] kafka.server.ControllerServer            : [ControllerServer id=0] Waiting for controller quorum voters future
2025-07-18T07:37:36.961Z  INFO 27376 --- [-kit-executor-2] kafka.server.ControllerServer            : [ControllerServer id=0] Finished waiting for controller quorum voters future
2025-07-18T07:37:36.962Z  INFO 27376 --- [-raft-io-thread] org.apache.kafka.raft.KafkaRaftClient    : [RaftManager id=0] Registered the listener org.apache.kafka.image.loader.MetadataLoader@720174658
2025-07-18T07:37:36.972Z  INFO 27376 --- [r-event-handler] o.a.kafka.image.loader.MetadataLoader    : [MetadataLoader id=0] maybePublishMetadata(LOG_DELTA): The loader is still catching up because we have not loaded a controller record as of offset 0 and high water mark is 1
2025-07-18T07:37:36.979Z  INFO 27376 --- [nelReaper-Fetch] lientQuotaManager$ThrottledChannelReaper : [broker-0-ThrottledChannelReaper-Fetch]: Starting
2025-07-18T07:37:36.980Z  INFO 27376 --- [lReaper-Produce] lientQuotaManager$ThrottledChannelReaper : [broker-0-ThrottledChannelReaper-Produce]: Starting
2025-07-18T07:37:36.980Z  INFO 27376 --- [lReaper-Request] lientQuotaManager$ThrottledChannelReaper : [broker-0-ThrottledChannelReaper-Request]: Starting
2025-07-18T07:37:36.983Z  INFO 27376 --- [trollerMutation] lientQuotaManager$ThrottledChannelReaper : [broker-0-ThrottledChannelReaper-ControllerMutation]: Starting
2025-07-18T07:37:36.990Z  INFO 27376 --- [-kit-executor-2] o.a.kafka.controller.QuorumController    : [QuorumController id=0] Creating new QuorumController with clusterId vr5-Gqx2QXCQegI0tO5bxw.
2025-07-18T07:37:36.991Z  INFO 27376 --- [-raft-io-thread] org.apache.kafka.raft.KafkaRaftClient    : [RaftManager id=0] Registered the listener org.apache.kafka.controller.QuorumController$QuorumMetaLogListener@1357438750
2025-07-18T07:37:36.991Z  INFO 27376 --- [nelReaper-Fetch] lientQuotaManager$ThrottledChannelReaper : [controller-0-ThrottledChannelReaper-Fetch]: Starting
2025-07-18T07:37:36.991Z  INFO 27376 --- [lReaper-Produce] lientQuotaManager$ThrottledChannelReaper : [controller-0-ThrottledChannelReaper-Produce]: Starting
2025-07-18T07:37:36.992Z  INFO 27376 --- [lReaper-Request] lientQuotaManager$ThrottledChannelReaper : [controller-0-ThrottledChannelReaper-Request]: Starting
2025-07-18T07:37:36.992Z  INFO 27376 --- [trollerMutation] lientQuotaManager$ThrottledChannelReaper : [controller-0-ThrottledChannelReaper-ControllerMutation]: Starting
2025-07-18T07:37:36.993Z  INFO 27376 --- [0-event-handler] o.a.kafka.controller.QuorumController    : [QuorumController id=0] Becoming the active controller at epoch 1, next write offset 1.
2025-07-18T07:37:36.997Z  WARN 27376 --- [0-event-handler] o.a.kafka.controller.QuorumController    : [QuorumController id=0] Performing controller activation. The metadata log appears to be empty. Appending 1 bootstrap record(s) in metadata transaction at metadata.version 3.6-IV2 from bootstrap source 'testkit'. Setting the ZK migration state to NONE since this is a de-novo KRaft cluster.
2025-07-18T07:37:36.998Z  INFO 27376 --- [0-event-handler] o.a.k.controller.OffsetControlManager    : [QuorumController id=0] Replayed BeginTransactionRecord(name='Bootstrap records') at offset 1.
2025-07-18T07:37:36.998Z  INFO 27376 --- [-kit-executor-3] kafka.log.LogManager                     : Log directory /tmp/kafka-9291295645755567285/broker_0_data0 not found, creating it.
2025-07-18T07:37:36.999Z  INFO 27376 --- [0-event-handler] o.a.k.controller.FeatureControlManager   : [QuorumController id=0] Replayed a FeatureLevelRecord setting metadata version to 3.6-IV2
2025-07-18T07:37:37.000Z  INFO 27376 --- [0-event-handler] o.a.k.controller.OffsetControlManager    : [QuorumController id=0] Replayed EndTransactionRecord() at offset 4.
2025-07-18T07:37:37.008Z  INFO 27376 --- [-kit-executor-3] kafka.server.BrokerServer                : [BrokerServer id=0] Waiting for controller quorum voters future
2025-07-18T07:37:37.008Z  INFO 27376 --- [-kit-executor-3] kafka.server.BrokerServer                : [BrokerServer id=0] Finished waiting for controller quorum voters future
2025-07-18T07:37:37.009Z  INFO 27376 --- [per-0-AlterAcls] perationPurgatory$ExpiredOperationReaper : [ExpirationReaper-0-AlterAcls]: Starting
2025-07-18T07:37:37.014Z  INFO 27376 --- [channel-manager] k.s.BrokerToControllerRequestThread      : [broker-0-to-controller-forwarding-channel-manager]: Starting
2025-07-18T07:37:37.016Z  INFO 27376 --- [channel-manager] k.s.BrokerToControllerRequestThread      : [broker-0-to-controller-forwarding-channel-manager]: Recorded new controller, from now on will use node localhost:44447 (id: 0 rack: null)
2025-07-18T07:37:37.023Z  INFO 27376 --- [-kit-executor-2] kafka.server.ControllerServer            : [ControllerServer id=0] Waiting for the controller metadata publishers to be installed
2025-07-18T07:37:37.023Z  INFO 27376 --- [r-event-handler] o.a.kafka.image.loader.MetadataLoader    : [MetadataLoader id=0] initializeNewPublishers: The loader finished catching up to the current high water mark of 1
2025-07-18T07:37:37.023Z  INFO 27376 --- [-kit-executor-2] kafka.server.ControllerServer            : [ControllerServer id=0] Finished waiting for the controller metadata publishers to be installed
2025-07-18T07:37:37.024Z  INFO 27376 --- [-kit-executor-2] kafka.network.SocketServer               : [SocketServer listenerType=CONTROLLER, nodeId=0] Enabling request processing.
2025-07-18T07:37:37.029Z  INFO 27376 --- [r-event-handler] o.a.kafka.image.loader.MetadataLoader    : [MetadataLoader id=0] InitializeNewPublishers: initializing SnapshotGenerator with a snapshot at offset 0
2025-07-18T07:37:37.030Z  INFO 27376 --- [-kit-executor-2] kafka.server.ControllerServer            : [ControllerServer id=0] Waiting for all of the authorizer futures to be completed
2025-07-18T07:37:37.030Z  INFO 27376 --- [r-event-handler] o.a.kafka.image.loader.MetadataLoader    : [MetadataLoader id=0] InitializeNewPublishers: initializing FeaturesPublisher with a snapshot at offset 0
2025-07-18T07:37:37.030Z  INFO 27376 --- [-kit-executor-2] kafka.server.ControllerServer            : [ControllerServer id=0] Finished waiting for all of the authorizer futures to be completed
2025-07-18T07:37:37.030Z  INFO 27376 --- [r-event-handler] o.a.kafka.image.loader.MetadataLoader    : [MetadataLoader id=0] InitializeNewPublishers: initializing DynamicConfigPublisher controller id=0 with a snapshot at offset 0
2025-07-18T07:37:37.030Z  INFO 27376 --- [-kit-executor-2] kafka.server.ControllerServer            : [ControllerServer id=0] Waiting for all of the SocketServer Acceptors to be started
2025-07-18T07:37:37.030Z  INFO 27376 --- [-kit-executor-2] kafka.server.ControllerServer            : [ControllerServer id=0] Finished waiting for all of the SocketServer Acceptors to be started
2025-07-18T07:37:37.031Z  INFO 27376 --- [r-event-handler] o.a.kafka.image.loader.MetadataLoader    : [MetadataLoader id=0] InitializeNewPublishers: initializing DynamicClientQuotaPublisher controller id=0 with a snapshot at offset 0
2025-07-18T07:37:37.032Z  INFO 27376 --- [r-event-handler] o.a.kafka.image.loader.MetadataLoader    : [MetadataLoader id=0] InitializeNewPublishers: initializing ScramPublisher controller id=0 with a snapshot at offset 0
2025-07-18T07:37:37.034Z  INFO 27376 --- [r-event-handler] o.a.kafka.image.loader.MetadataLoader    : [MetadataLoader id=0] InitializeNewPublishers: initializing DelegationTokenPublisher controller id=0 with a snapshot at offset 0
2025-07-18T07:37:37.036Z  INFO 27376 --- [r-event-handler] o.a.kafka.image.loader.MetadataLoader    : [MetadataLoader id=0] InitializeNewPublishers: initializing ControllerMetadataMetricsPublisher with a snapshot at offset 0
2025-07-18T07:37:37.036Z  INFO 27376 --- [r-event-handler] o.a.kafka.image.loader.MetadataLoader    : [MetadataLoader id=0] InitializeNewPublishers: initializing AclPublisher controller id=0 with a snapshot at offset 0
2025-07-18T07:37:37.041Z  INFO 27376 --- [-kit-executor-3] kafka.network.ConnectionQuotas           : Updated connection-accept-rate max connection creation rate to 2147483647
2025-07-18T07:37:37.041Z  INFO 27376 --- [-kit-executor-3] kafka.network.DataPlaneAcceptor          : Awaiting socket connections on localhost:41641.
2025-07-18T07:37:37.041Z  INFO 27376 --- [-kit-executor-3] kafka.network.DataPlaneAcceptor          : Opened wildcard endpoint localhost:41641
2025-07-18T07:37:37.045Z  INFO 27376 --- [-kit-executor-3] kafka.network.SocketServer               : [SocketServer listenerType=BROKER, nodeId=0] Created data-plane acceptor and processors for endpoint : ListenerName(EXTERNAL)
2025-07-18T07:37:37.051Z  INFO 27376 --- [channel-manager] k.s.BrokerToControllerRequestThread      : [broker-0-to-controller-alter-partition-channel-manager]: Starting
2025-07-18T07:37:37.052Z  INFO 27376 --- [channel-manager] k.s.BrokerToControllerRequestThread      : [broker-0-to-controller-alter-partition-channel-manager]: Recorded new controller, from now on will use node localhost:44447 (id: 0 rack: null)
2025-07-18T07:37:37.069Z  INFO 27376 --- [eaper-0-Produce] perationPurgatory$ExpiredOperationReaper : [ExpirationReaper-0-Produce]: Starting
2025-07-18T07:37:37.070Z  INFO 27376 --- [nReaper-0-Fetch] perationPurgatory$ExpiredOperationReaper : [ExpirationReaper-0-Fetch]: Starting
2025-07-18T07:37:37.074Z  INFO 27376 --- [0-DeleteRecords] perationPurgatory$ExpiredOperationReaper : [ExpirationReaper-0-DeleteRecords]: Starting
2025-07-18T07:37:37.075Z  INFO 27376 --- [r-0-ElectLeader] perationPurgatory$ExpiredOperationReaper : [ExpirationReaper-0-ElectLeader]: Starting
2025-07-18T07:37:37.076Z  INFO 27376 --- [r-0-RemoteFetch] perationPurgatory$ExpiredOperationReaper : [ExpirationReaper-0-RemoteFetch]: Starting
2025-07-18T07:37:37.100Z  INFO 27376 --- [per-0-Heartbeat] perationPurgatory$ExpiredOperationReaper : [ExpirationReaper-0-Heartbeat]: Starting
2025-07-18T07:37:37.100Z  INFO 27376 --- [per-0-Rebalance] perationPurgatory$ExpiredOperationReaper : [ExpirationReaper-0-Rebalance]: Starting
2025-07-18T07:37:37.137Z  INFO 27376 --- [channel-manager] k.s.BrokerToControllerRequestThread      : [broker-0-to-controller-heartbeat-channel-manager]: Starting
2025-07-18T07:37:37.138Z  INFO 27376 --- [channel-manager] k.s.BrokerToControllerRequestThread      : [broker-0-to-controller-heartbeat-channel-manager]: Recorded new controller, from now on will use node localhost:44447 (id: 0 rack: null)
2025-07-18T07:37:37.140Z  INFO 27376 --- [r-event-handler] kafka.server.BrokerLifecycleManager      : [BrokerLifecycleManager id=0] Incarnation WRGb9NwJTdGub_itCQOH7Q of broker 0 in cluster vr5-Gqx2QXCQegI0tO5bxw is now STARTING.
2025-07-18T07:37:37.155Z  INFO 27376 --- [per-0-AlterAcls] perationPurgatory$ExpiredOperationReaper : [ExpirationReaper-0-AlterAcls]: Starting
2025-07-18T07:37:37.171Z  INFO 27376 --- [-kit-executor-3] kafka.server.BrokerServer                : [BrokerServer id=0] Waiting for the broker metadata publishers to be installed
2025-07-18T07:37:37.171Z  INFO 27376 --- [r-event-handler] o.a.kafka.image.loader.MetadataLoader    : [MetadataLoader id=0] InitializeNewPublishers: initializing BrokerMetadataPublisher with a snapshot at offset 4
2025-07-18T07:37:37.171Z  INFO 27376 --- [-kit-executor-3] kafka.server.BrokerServer                : [BrokerServer id=0] Finished waiting for the broker metadata publishers to be installed
2025-07-18T07:37:37.171Z  INFO 27376 --- [-kit-executor-3] kafka.server.BrokerServer                : [BrokerServer id=0] Waiting for the controller to acknowledge that we are caught up
2025-07-18T07:37:37.172Z  INFO 27376 --- [r-event-handler] k.s.metadata.BrokerMetadataPublisher     : [BrokerMetadataPublisher id=0] Publishing initial metadata at offset OffsetAndEpoch(offset=4, epoch=1) with metadata.version 3.6-IV2.
2025-07-18T07:37:37.172Z  INFO 27376 --- [r-event-handler] kafka.log.LogManager                     : Loading logs from log dirs ArraySeq(/tmp/kafka-9291295645755567285/broker_0_data0)
2025-07-18T07:37:37.176Z  INFO 27376 --- [r-event-handler] kafka.log.LogManager                     : No logs found to be loaded in /tmp/kafka-9291295645755567285/broker_0_data0
2025-07-18T07:37:37.182Z  INFO 27376 --- [r-event-handler] kafka.log.LogManager                     : Loaded 0 logs in 9ms
2025-07-18T07:37:37.183Z  INFO 27376 --- [r-event-handler] kafka.log.LogManager                     : Starting log cleanup with a period of 300000 ms.
2025-07-18T07:37:37.184Z  INFO 27376 --- [r-event-handler] kafka.log.LogManager                     : Starting log flusher with a default period of 9223372036854775807 ms.
2025-07-18T07:37:37.196Z  INFO 27376 --- [r-event-handler] kafka.log.LogCleaner                     : Starting the log cleaner
2025-07-18T07:37:37.196Z  INFO 27376 --- [0-event-handler] o.a.k.controller.ClusterControlManager   : [QuorumController id=0] Replayed initial RegisterBrokerRecord for broker 0: RegisterBrokerRecord(brokerId=0, isMigratingZkBroker=false, incarnationId=WRGb9NwJTdGub_itCQOH7Q, brokerEpoch=5, endPoints=[BrokerEndpoint(name='EXTERNAL', host='localhost', port=41641, securityProtocol=0)], features=[BrokerFeature(name='metadata.version', minSupportedVersion=1, maxSupportedVersion=14)], rack=null, fenced=true, inControlledShutdown=false)
2025-07-18T07:37:37.207Z  INFO 27376 --- [leaner-thread-0] kafka.log.LogCleaner$CleanerThread       : [kafka-log-cleaner-thread-0]: Starting
2025-07-18T07:37:37.210Z  INFO 27376 --- [rFailureHandler] k.s.ReplicaManager$LogDirFailureHandler  : [LogDirFailureHandler]: Starting
2025-07-18T07:37:37.211Z  INFO 27376 --- [nSenderThread-0] kafka.server.AddPartitionsToTxnManager   : [AddPartitionsToTxnSenderThread-0]: Starting
2025-07-18T07:37:37.211Z  INFO 27376 --- [r-event-handler] k.coordinator.group.GroupCoordinator     : [GroupCoordinator 0]: Starting up.
2025-07-18T07:37:37.213Z  INFO 27376 --- [r-event-handler] k.coordinator.group.GroupCoordinator     : [GroupCoordinator 0]: Startup complete.
2025-07-18T07:37:37.214Z  INFO 27376 --- [r-event-handler] k.c.transaction.TransactionCoordinator   : [TransactionCoordinator id=0] Starting up.
2025-07-18T07:37:37.218Z  INFO 27376 --- [rSenderThread-0] k.c.t.TransactionMarkerChannelManager    : [TxnMarkerSenderThread-0]: Starting
2025-07-18T07:37:37.219Z  INFO 27376 --- [r-event-handler] k.c.transaction.TransactionCoordinator   : [TransactionCoordinator id=0] Startup complete.
2025-07-18T07:37:37.220Z  INFO 27376 --- [r-event-handler] k.s.metadata.BrokerMetadataPublisher     : [BrokerMetadataPublisher id=0] Updating metadata.version to 14 at offset OffsetAndEpoch(offset=4, epoch=1).
2025-07-18T07:37:37.225Z  INFO 27376 --- [channel-manager] kafka.server.BrokerLifecycleManager      : [BrokerLifecycleManager id=0] Successfully registered broker 0 with broker epoch 5
2025-07-18T07:37:37.243Z  INFO 27376 --- [channel-manager] kafka.server.BrokerLifecycleManager      : [BrokerLifecycleManager id=0] The broker has caught up. Transitioning from STARTING to RECOVERY.
2025-07-18T07:37:37.243Z  INFO 27376 --- [-kit-executor-3] kafka.server.BrokerServer                : [BrokerServer id=0] Finished waiting for the controller to acknowledge that we are caught up
2025-07-18T07:37:37.243Z  INFO 27376 --- [-kit-executor-3] kafka.server.BrokerServer                : [BrokerServer id=0] Waiting for the initial broker metadata update to be published
2025-07-18T07:37:37.243Z  INFO 27376 --- [-kit-executor-3] kafka.server.BrokerServer                : [BrokerServer id=0] Finished waiting for the initial broker metadata update to be published
2025-07-18T07:37:37.244Z  INFO 27376 --- [-kit-executor-3] kafka.server.KafkaConfig                 : KafkaConfig values: 
	advertised.listeners = null
	alter.config.policy.class.name = null
	alter.log.dirs.replication.quota.window.num = 11
	alter.log.dirs.replication.quota.window.size.seconds = 1
	authorizer.class.name = 
	auto.create.topics.enable = true
	auto.include.jmx.reporter = true
	auto.leader.rebalance.enable = true
	background.threads = 10
	broker.heartbeat.interval.ms = 2000
	broker.id = 0
	broker.id.generation.enable = true
	broker.rack = null
	broker.session.timeout.ms = 9000
	client.quota.callback.class = null
	compression.type = producer
	connection.failed.authentication.delay.ms = 100
	connections.max.idle.ms = 600000
	connections.max.reauth.ms = 0
	control.plane.listener.name = null
	controlled.shutdown.enable = true
	controlled.shutdown.max.retries = 3
	controlled.shutdown.retry.backoff.ms = 5000
	controller.listener.names = CONTROLLER
	controller.quorum.append.linger.ms = 25
	controller.quorum.election.backoff.max.ms = 1000
	controller.quorum.election.timeout.ms = 1000
	controller.quorum.fetch.timeout.ms = 2000
	controller.quorum.request.timeout.ms = 2000
	controller.quorum.retry.backoff.ms = 20
	controller.quorum.voters = [0@0.0.0.0:0]
	controller.quota.window.num = 11
	controller.quota.window.size.seconds = 1
	controller.socket.timeout.ms = 30000
	create.topic.policy.class.name = null
	default.replication.factor = 1
	delegation.token.expiry.check.interval.ms = 3600000
	delegation.token.expiry.time.ms = 86400000
	delegation.token.master.key = null
	delegation.token.max.lifetime.ms = 604800000
	delegation.token.secret.key = null
	delete.records.purgatory.purge.interval.requests = 1
	delete.topic.enable = true
	early.start.listeners = null
	fetch.max.bytes = 57671680
	fetch.purgatory.purge.interval.requests = 1000
	group.consumer.assignors = [org.apache.kafka.coordinator.group.assignor.RangeAssignor]
	group.consumer.heartbeat.interval.ms = 5000
	group.consumer.max.heartbeat.interval.ms = 15000
	group.consumer.max.session.timeout.ms = 60000
	group.consumer.max.size = 2147483647
	group.consumer.min.heartbeat.interval.ms = 5000
	group.consumer.min.session.timeout.ms = 45000
	group.consumer.session.timeout.ms = 45000
	group.coordinator.new.enable = false
	group.coordinator.threads = 1
	group.initial.rebalance.delay.ms = 0
	group.max.session.timeout.ms = 1800000
	group.max.size = 2147483647
	group.min.session.timeout.ms = 6000
	initial.broker.registration.timeout.ms = 60000
	inter.broker.listener.name = EXTERNAL
	inter.broker.protocol.version = 3.6-IV2
	kafka.metrics.polling.interval.secs = 10
	kafka.metrics.reporters = []
	leader.imbalance.check.interval.seconds = 300
	leader.imbalance.per.broker.percentage = 10
	listener.security.protocol.map = EXTERNAL:PLAINTEXT,CONTROLLER:PLAINTEXT
	listeners = EXTERNAL://localhost:0,CONTROLLER://localhost:0
	log.cleaner.backoff.ms = 15000
	log.cleaner.dedupe.buffer.size = 2097152
	log.cleaner.delete.retention.ms = 86400000
	log.cleaner.enable = true
	log.cleaner.io.buffer.load.factor = 0.9
	log.cleaner.io.buffer.size = 524288
	log.cleaner.io.max.bytes.per.second = 1.7976931348623157E308
	log.cleaner.max.compaction.lag.ms = 9223372036854775807
	log.cleaner.min.cleanable.ratio = 0.5
	log.cleaner.min.compaction.lag.ms = 0
	log.cleaner.threads = 1
	log.cleanup.policy = [delete]
	log.dir = /tmp/kafka-logs
	log.dirs = /tmp/kafka-9291295645755567285/broker_0_data0
	log.flush.interval.messages = 9223372036854775807
	log.flush.interval.ms = null
	log.flush.offset.checkpoint.interval.ms = 60000
	log.flush.scheduler.interval.ms = 9223372036854775807
	log.flush.start.offset.checkpoint.interval.ms = 60000
	log.index.interval.bytes = 4096
	log.index.size.max.bytes = 10485760
	log.local.retention.bytes = -2
	log.local.retention.ms = -2
	log.message.downconversion.enable = true
	log.message.format.version = 3.0-IV1
	log.message.timestamp.after.max.ms = 9223372036854775807
	log.message.timestamp.before.max.ms = 9223372036854775807
	log.message.timestamp.difference.max.ms = 9223372036854775807
	log.message.timestamp.type = CreateTime
	log.preallocate = false
	log.retention.bytes = -1
	log.retention.check.interval.ms = 300000
	log.retention.hours = 168
	log.retention.minutes = null
	log.retention.ms = null
	log.roll.hours = 168
	log.roll.jitter.hours = 0
	log.roll.jitter.ms = null
	log.roll.ms = null
	log.segment.bytes = 1073741824
	log.segment.delete.delay.ms = 60000
	max.connection.creation.rate = 2147483647
	max.connections = 2147483647
	max.connections.per.ip = 2147483647
	max.connections.per.ip.overrides = 
	max.incremental.fetch.session.cache.slots = 1000
	message.max.bytes = 1048588
	metadata.log.dir = /tmp/kafka-9291295645755567285/controller_0
	metadata.log.max.record.bytes.between.snapshots = 20971520
	metadata.log.max.snapshot.interval.ms = 3600000
	metadata.log.segment.bytes = 1073741824
	metadata.log.segment.min.bytes = 8388608
	metadata.log.segment.ms = 604800000
	metadata.max.idle.interval.ms = 500
	metadata.max.retention.bytes = 104857600
	metadata.max.retention.ms = 604800000
	metric.reporters = []
	metrics.num.samples = 2
	metrics.recording.level = INFO
	metrics.sample.window.ms = 30000
	min.insync.replicas = 1
	node.id = 0
	num.io.threads = 8
	num.network.threads = 3
	num.partitions = 1
	num.recovery.threads.per.data.dir = 1
	num.replica.alter.log.dirs.threads = null
	num.replica.fetchers = 1
	offset.metadata.max.bytes = 4096
	offsets.commit.required.acks = -1
	offsets.commit.timeout.ms = 5000
	offsets.load.buffer.size = 5242880
	offsets.retention.check.interval.ms = 600000
	offsets.retention.minutes = 10080
	offsets.topic.compression.codec = 0
	offsets.topic.num.partitions = 50
	offsets.topic.replication.factor = 1
	offsets.topic.segment.bytes = 104857600
	password.encoder.cipher.algorithm = AES/CBC/PKCS5Padding
	password.encoder.iterations = 4096
	password.encoder.key.length = 128
	password.encoder.keyfactory.algorithm = null
	password.encoder.old.secret = null
	password.encoder.secret = null
	principal.builder.class = class org.apache.kafka.common.security.authenticator.DefaultKafkaPrincipalBuilder
	process.roles = [broker, controller]
	producer.id.expiration.check.interval.ms = 600000
	producer.id.expiration.ms = 86400000
	producer.purgatory.purge.interval.requests = 1000
	queued.max.request.bytes = -1
	queued.max.requests = 500
	quota.window.num = 11
	quota.window.size.seconds = 1
	remote.log.index.file.cache.total.size.bytes = 1073741824
	remote.log.manager.task.interval.ms = 30000
	remote.log.manager.task.retry.backoff.max.ms = 30000
	remote.log.manager.task.retry.backoff.ms = 500
	remote.log.manager.task.retry.jitter = 0.2
	remote.log.manager.thread.pool.size = 10
	remote.log.metadata.custom.metadata.max.bytes = 128
	remote.log.metadata.manager.class.name = org.apache.kafka.server.log.remote.metadata.storage.TopicBasedRemoteLogMetadataManager
	remote.log.metadata.manager.class.path = null
	remote.log.metadata.manager.impl.prefix = rlmm.config.
	remote.log.metadata.manager.listener.name = null
	remote.log.reader.max.pending.tasks = 100
	remote.log.reader.threads = 10
	remote.log.storage.manager.class.name = null
	remote.log.storage.manager.class.path = null
	remote.log.storage.manager.impl.prefix = rsm.config.
	remote.log.storage.system.enable = false
	replica.fetch.backoff.ms = 1000
	replica.fetch.max.bytes = 1048576
	replica.fetch.min.bytes = 1
	replica.fetch.response.max.bytes = 10485760
	replica.fetch.wait.max.ms = 500
	replica.high.watermark.checkpoint.interval.ms = 5000
	replica.lag.time.max.ms = 30000
	replica.selector.class = null
	replica.socket.receive.buffer.bytes = 65536
	replica.socket.timeout.ms = 30000
	replication.quota.window.num = 11
	replication.quota.window.size.seconds = 1
	request.timeout.ms = 30000
	reserved.broker.max.id = 1000
	sasl.client.callback.handler.class = null
	sasl.enabled.mechanisms = [GSSAPI]
	sasl.jaas.config = null
	sasl.kerberos.kinit.cmd = /usr/bin/kinit
	sasl.kerberos.min.time.before.relogin = 60000
	sasl.kerberos.principal.to.local.rules = [DEFAULT]
	sasl.kerberos.service.name = null
	sasl.kerberos.ticket.renew.jitter = 0.05
	sasl.kerberos.ticket.renew.window.factor = 0.8
	sasl.login.callback.handler.class = null
	sasl.login.class = null
	sasl.login.connect.timeout.ms = null
	sasl.login.read.timeout.ms = null
	sasl.login.refresh.buffer.seconds = 300
	sasl.login.refresh.min.period.seconds = 60
	sasl.login.refresh.window.factor = 0.8
	sasl.login.refresh.window.jitter = 0.05
	sasl.login.retry.backoff.max.ms = 10000
	sasl.login.retry.backoff.ms = 100
	sasl.mechanism.controller.protocol = GSSAPI
	sasl.mechanism.inter.broker.protocol = GSSAPI
	sasl.oauthbearer.clock.skew.seconds = 30
	sasl.oauthbearer.expected.audience = null
	sasl.oauthbearer.expected.issuer = null
	sasl.oauthbearer.jwks.endpoint.refresh.ms = 3600000
	sasl.oauthbearer.jwks.endpoint.retry.backoff.max.ms = 10000
	sasl.oauthbearer.jwks.endpoint.retry.backoff.ms = 100
	sasl.oauthbearer.jwks.endpoint.url = null
	sasl.oauthbearer.scope.claim.name = scope
	sasl.oauthbearer.sub.claim.name = sub
	sasl.oauthbearer.token.endpoint.url = null
	sasl.server.callback.handler.class = null
	sasl.server.max.receive.size = 524288
	security.inter.broker.protocol = PLAINTEXT
	security.providers = null
	server.max.startup.time.ms = 600000
	socket.connection.setup.timeout.max.ms = 30000
	socket.connection.setup.timeout.ms = 10000
	socket.listen.backlog.size = 50
	socket.receive.buffer.bytes = 102400
	socket.request.max.bytes = 104857600
	socket.send.buffer.bytes = 102400
	ssl.cipher.suites = []
	ssl.client.auth = none
	ssl.enabled.protocols = [TLSv1.2, TLSv1.3]
	ssl.endpoint.identification.algorithm = https
	ssl.engine.factory.class = null
	ssl.key.password = null
	ssl.keymanager.algorithm = SunX509
	ssl.keystore.certificate.chain = null
	ssl.keystore.key = null
	ssl.keystore.location = null
	ssl.keystore.password = null
	ssl.keystore.type = JKS
	ssl.principal.mapping.rules = DEFAULT
	ssl.protocol = TLSv1.3
	ssl.provider = null
	ssl.secure.random.implementation = null
	ssl.trustmanager.algorithm = PKIX
	ssl.truststore.certificates = null
	ssl.truststore.location = null
	ssl.truststore.password = null
	ssl.truststore.type = JKS
	transaction.abort.timed.out.transaction.cleanup.interval.ms = 10000
	transaction.max.timeout.ms = 900000
	transaction.partition.verification.enable = true
	transaction.remove.expired.transaction.cleanup.interval.ms = 3600000
	transaction.state.log.load.buffer.size = 5242880
	transaction.state.log.min.isr = 2
	transaction.state.log.num.partitions = 50
	transaction.state.log.replication.factor = 3
	transaction.state.log.segment.bytes = 104857600
	transactional.id.expiration.ms = 604800000
	unclean.leader.election.enable = false
	unstable.api.versions.enable = false
	zookeeper.clientCnxnSocket = null
	zookeeper.connect = null
	zookeeper.connection.timeout.ms = null
	zookeeper.max.in.flight.requests = 10
	zookeeper.metadata.migration.enable = false
	zookeeper.metadata.migration.min.batch.size = 200
	zookeeper.session.timeout.ms = 18000
	zookeeper.set.acl = false
	zookeeper.ssl.cipher.suites = null
	zookeeper.ssl.client.enable = false
	zookeeper.ssl.crl.enable = false
	zookeeper.ssl.enabled.protocols = null
	zookeeper.ssl.endpoint.identification.algorithm = HTTPS
	zookeeper.ssl.keystore.location = null
	zookeeper.ssl.keystore.password = null
	zookeeper.ssl.keystore.type = null
	zookeeper.ssl.ocsp.enable = false
	zookeeper.ssl.protocol = TLSv1.2
	zookeeper.ssl.truststore.location = null
	zookeeper.ssl.truststore.password = null
	zookeeper.ssl.truststore.type = null

2025-07-18T07:37:37.250Z  INFO 27376 --- [-kit-executor-3] kafka.server.BrokerServer                : [BrokerServer id=0] Waiting for the broker to be unfenced
2025-07-18T07:37:37.251Z  INFO 27376 --- [0-event-handler] o.a.k.controller.BrokerHeartbeatManager  : [QuorumController id=0] The request from broker 0 to unfence has been granted because it has caught up with the offset of its register broker record 5.
2025-07-18T07:37:37.256Z  INFO 27376 --- [0-event-handler] o.a.k.controller.ClusterControlManager   : [QuorumController id=0] Replayed BrokerRegistrationChangeRecord modifying the registration for broker 0: BrokerRegistrationChangeRecord(brokerId=0, brokerEpoch=5, fenced=-1, inControlledShutdown=0)
2025-07-18T07:37:37.285Z  INFO 27376 --- [channel-manager] kafka.server.BrokerLifecycleManager      : [BrokerLifecycleManager id=0] The broker has been unfenced. Transitioning from RECOVERY to RUNNING.
2025-07-18T07:37:37.285Z  INFO 27376 --- [-kit-executor-3] kafka.server.BrokerServer                : [BrokerServer id=0] Finished waiting for the broker to be unfenced
2025-07-18T07:37:37.285Z  INFO 27376 --- [-kit-executor-3] o.a.k.s.network.EndpointReadyFutures     : authorizerStart completed for endpoint EXTERNAL. Endpoint is now READY.
2025-07-18T07:37:37.286Z  INFO 27376 --- [-kit-executor-3] kafka.network.SocketServer               : [SocketServer listenerType=BROKER, nodeId=0] Enabling request processing.
2025-07-18T07:37:37.287Z  INFO 27376 --- [-kit-executor-3] kafka.server.BrokerServer                : [BrokerServer id=0] Waiting for all of the authorizer futures to be completed
2025-07-18T07:37:37.287Z  INFO 27376 --- [-kit-executor-3] kafka.server.BrokerServer                : [BrokerServer id=0] Finished waiting for all of the authorizer futures to be completed
2025-07-18T07:37:37.287Z  INFO 27376 --- [-kit-executor-3] kafka.server.BrokerServer                : [BrokerServer id=0] Waiting for all of the SocketServer Acceptors to be started
2025-07-18T07:37:37.287Z  INFO 27376 --- [-kit-executor-3] kafka.server.BrokerServer                : [BrokerServer id=0] Finished waiting for all of the SocketServer Acceptors to be started
2025-07-18T07:37:37.288Z  INFO 27376 --- [-kit-executor-3] kafka.server.BrokerServer                : [BrokerServer id=0] Transition from STARTING to STARTED
2025-07-18T07:37:37.300Z  INFO 27376 --- [           main] o.a.k.clients.admin.AdminClientConfig    : AdminClientConfig values: 
	auto.include.jmx.reporter = true
	bootstrap.servers = [localhost:41641]
	client.dns.lookup = use_all_dns_ips
	client.id = 
	connections.max.idle.ms = 300000
	default.api.timeout.ms = 60000
	metadata.max.age.ms = 300000
	metric.reporters = []
	metrics.num.samples = 2
	metrics.recording.level = INFO
	metrics.sample.window.ms = 30000
	receive.buffer.bytes = 65536
	reconnect.backoff.max.ms = 1000
	reconnect.backoff.ms = 50
	request.timeout.ms = 30000
	retries = 2147483647
	retry.backoff.ms = 100
	sasl.client.callback.handler.class = null
	sasl.jaas.config = null
	sasl.kerberos.kinit.cmd = /usr/bin/kinit
	sasl.kerberos.min.time.before.relogin = 60000
	sasl.kerberos.service.name = null
	sasl.kerberos.ticket.renew.jitter = 0.05
	sasl.kerberos.ticket.renew.window.factor = 0.8
	sasl.login.callback.handler.class = null
	sasl.login.class = null
	sasl.login.connect.timeout.ms = null
	sasl.login.read.timeout.ms = null
	sasl.login.refresh.buffer.seconds = 300
	sasl.login.refresh.min.period.seconds = 60
	sasl.login.refresh.window.factor = 0.8
	sasl.login.refresh.window.jitter = 0.05
	sasl.login.retry.backoff.max.ms = 10000
	sasl.login.retry.backoff.ms = 100
	sasl.mechanism = GSSAPI
	sasl.oauthbearer.clock.skew.seconds = 30
	sasl.oauthbearer.expected.audience = null
	sasl.oauthbearer.expected.issuer = null
	sasl.oauthbearer.jwks.endpoint.refresh.ms = 3600000
	sasl.oauthbearer.jwks.endpoint.retry.backoff.max.ms = 10000
	sasl.oauthbearer.jwks.endpoint.retry.backoff.ms = 100
	sasl.oauthbearer.jwks.endpoint.url = null
	sasl.oauthbearer.scope.claim.name = scope
	sasl.oauthbearer.sub.claim.name = sub
	sasl.oauthbearer.token.endpoint.url = null
	security.protocol = PLAINTEXT
	security.providers = null
	send.buffer.bytes = 131072
	socket.connection.setup.timeout.max.ms = 30000
	socket.connection.setup.timeout.ms = 10000
	ssl.cipher.suites = null
	ssl.enabled.protocols = [TLSv1.2, TLSv1.3]
	ssl.endpoint.identification.algorithm = https
	ssl.engine.factory.class = null
	ssl.key.password = null
	ssl.keymanager.algorithm = SunX509
	ssl.keystore.certificate.chain = null
	ssl.keystore.key = null
	ssl.keystore.location = null
	ssl.keystore.password = null
	ssl.keystore.type = JKS
	ssl.protocol = TLSv1.3
	ssl.provider = null
	ssl.secure.random.implementation = null
	ssl.trustmanager.algorithm = PKIX
	ssl.truststore.certificates = null
	ssl.truststore.location = null
	ssl.truststore.password = null
	ssl.truststore.type = JKS

2025-07-18T07:37:37.325Z  INFO 27376 --- [           main] o.a.kafka.common.utils.AppInfoParser     : Kafka version: 3.6.2
2025-07-18T07:37:37.325Z  INFO 27376 --- [           main] o.a.kafka.common.utils.AppInfoParser     : Kafka commitId: c4deed513057c94e
2025-07-18T07:37:37.325Z  INFO 27376 --- [           main] o.a.kafka.common.utils.AppInfoParser     : Kafka startTimeMs: 1752824257325
2025-07-18T07:37:37.329Z  INFO 27376 --- [| adminclient-1] o.a.kafka.common.utils.AppInfoParser     : App info kafka.admin.client for adminclient-1 unregistered
2025-07-18T07:37:37.329Z  INFO 27376 --- [| adminclient-1] o.a.k.c.a.i.AdminMetadataManager         : [AdminClient clientId=adminclient-1] Metadata update failed

org.apache.kafka.common.errors.TimeoutException: Timed out waiting to send the call. Call: fetchMetadata

2025-07-18T07:37:37.331Z  INFO 27376 --- [| adminclient-1] o.a.k.clients.admin.KafkaAdminClient     : [AdminClient clientId=adminclient-1] Timed out 1 remaining operation(s) during close.
2025-07-18T07:37:37.335Z  INFO 27376 --- [| adminclient-1] o.apache.kafka.common.metrics.Metrics    : Metrics scheduler closed
2025-07-18T07:37:37.335Z  INFO 27376 --- [| adminclient-1] o.apache.kafka.common.metrics.Metrics    : Closing reporter org.apache.kafka.common.metrics.JmxReporter
2025-07-18T07:37:37.335Z  INFO 27376 --- [| adminclient-1] o.apache.kafka.common.metrics.Metrics    : Metrics reporters closed
2025-07-18T07:37:37.342Z  INFO 27376 --- [           main] com.jpmc.midascore.TaskFiveTests         : Starting TaskFiveTests using Java 17.0.12 with PID 27376 (started by root in /root/test/forage-midas)
2025-07-18T07:37:37.343Z  INFO 27376 --- [           main] com.jpmc.midascore.TaskFiveTests         : No active profile set, falling back to 1 default profile: "default"
2025-07-18T07:37:37.965Z  INFO 27376 --- [           main] .s.d.r.c.RepositoryConfigurationDelegate : Bootstrapping Spring Data JPA repositories in DEFAULT mode.
2025-07-18T07:37:38.020Z  INFO 27376 --- [           main] .s.d.r.c.RepositoryConfigurationDelegate : Finished Spring Data repository scanning in 42 ms. Found 2 JPA repository interfaces.
2025-07-18T07:37:38.566Z  INFO 27376 --- [           main] o.s.b.w.embedded.tomcat.TomcatWebServer  : Tomcat initialized with port 33400 (http)
2025-07-18T07:37:38.577Z  INFO 27376 --- [           main] o.apache.catalina.core.StandardService   : Starting service [Tomcat]
2025-07-18T07:37:38.577Z  INFO 27376 --- [           main] o.apache.catalina.core.StandardEngine    : Starting Servlet engine: [Apache Tomcat/10.1.20]
2025-07-18T07:37:38.630Z  INFO 27376 --- [           main] o.a.c.c.C.[Tomcat].[localhost].[/]       : Initializing Spring embedded WebApplicationContext
2025-07-18T07:37:38.632Z  INFO 27376 --- [           main] w.s.c.ServletWebServerApplicationContext : Root WebApplicationContext: initialization completed in 1273 ms
2025-07-18T07:37:38.761Z  INFO 27376 --- [           main] com.zaxxer.hikari.HikariDataSource       : HikariPool-1 - Starting...
2025-07-18T07:37:38.966Z  INFO 27376 --- [           main] com.zaxxer.hikari.pool.HikariPool        : HikariPool-1 - Added connection conn0: url=jdbc:h2:mem:00bb7095-0115-4024-9192-c9e74a4b1320 user=SA
2025-07-18T07:37:38.967Z  INFO 27376 --- [           main] com.zaxxer.hikari.HikariDataSource       : HikariPool-1 - Start completed.
2025-07-18T07:37:39.018Z  INFO 27376 --- [           main] o.hibernate.jpa.internal.util.LogHelper  : HHH000204: Processing PersistenceUnitInfo [name: default]
2025-07-18T07:37:39.090Z  INFO 27376 --- [           main] org.hibernate.Version                    : HHH000412: Hibernate ORM core version 6.4.4.Final
2025-07-18T07:37:39.138Z  INFO 27376 --- [           main] o.h.c.internal.RegionFactoryInitiator    : HHH000026: Second-level cache disabled
2025-07-18T07:37:39.388Z  INFO 27376 --- [           main] o.s.o.j.p.SpringPersistenceUnitInfo      : No LoadTimeWeaver setup: ignoring JPA class transformer
2025-07-18T07:37:40.297Z  INFO 27376 --- [           main] o.h.e.t.j.p.i.JtaPlatformInitiator       : HHH000489: No JTA platform available (set 'hibernate.transaction.jta.platform' to enable JTA platform integration)
2025-07-18T07:37:40.334Z  INFO 27376 --- [           main] j.LocalContainerEntityManagerFactoryBean : Initialized JPA EntityManagerFactory for persistence unit 'default'
2025-07-18T07:37:40.754Z  WARN 27376 --- [           main] JpaBaseConfiguration$JpaWebConfiguration : spring.jpa.open-in-view is enabled by default. Therefore, database queries may be performed during view rendering. Explicitly configure spring.jpa.open-in-view to disable this warning
2025-07-18T07:37:41.124Z  INFO 27376 --- [           main] o.s.b.w.embedded.tomcat.TomcatWebServer  : Tomcat started on port 33400 (http) with context path ''
2025-07-18T07:37:41.149Z  INFO 27376 --- [           main] o.a.k.clients.consumer.ConsumerConfig    : ConsumerConfig values: 
	allow.auto.create.topics = true
	auto.commit.interval.ms = 5000
	auto.include.jmx.reporter = true
	auto.offset.reset = earliest
	bootstrap.servers = [localhost:41641]
	check.crcs = true
	client.dns.lookup = use_all_dns_ips
	client.id = consumer-transaction-consumer-group-1
	client.rack = 
	connections.max.idle.ms = 540000
	default.api.timeout.ms = 60000
	enable.auto.commit = false
	exclude.internal.topics = true
	fetch.max.bytes = 52428800
	fetch.max.wait.ms = 500
	fetch.min.bytes = 1
	group.id = transaction-consumer-group
	group.instance.id = null
	heartbeat.interval.ms = 3000
	interceptor.classes = []
	internal.leave.group.on.close = true
	internal.throw.on.fetch.stable.offset.unsupported = false
	isolation.level = read_uncommitted
	key.deserializer = class org.apache.kafka.common.serialization.StringDeserializer
	max.partition.fetch.bytes = 1048576
	max.poll.interval.ms = 300000
	max.poll.records = 500
	metadata.max.age.ms = 300000
	metric.reporters = []
	metrics.num.samples = 2
	metrics.recording.level = INFO
	metrics.sample.window.ms = 30000
	partition.assignment.strategy = [class org.apache.kafka.clients.consumer.RangeAssignor, class org.apache.kafka.clients.consumer.CooperativeStickyAssignor]
	receive.buffer.bytes = 65536
	reconnect.backoff.max.ms = 1000
	reconnect.backoff.ms = 50
	request.timeout.ms = 30000
	retry.backoff.ms = 100
	sasl.client.callback.handler.class = null
	sasl.jaas.config = null
	sasl.kerberos.kinit.cmd = /usr/bin/kinit
	sasl.kerberos.min.time.before.relogin = 60000
	sasl.kerberos.service.name = null
	sasl.kerberos.ticket.renew.jitter = 0.05
	sasl.kerberos.ticket.renew.window.factor = 0.8
	sasl.login.callback.handler.class = null
	sasl.login.class = null
	sasl.login.connect.timeout.ms = null
	sasl.login.read.timeout.ms = null
	sasl.login.refresh.buffer.seconds = 300
	sasl.login.refresh.min.period.seconds = 60
	sasl.login.refresh.window.factor = 0.8
	sasl.login.refresh.window.jitter = 0.05
	sasl.login.retry.backoff.max.ms = 10000
	sasl.login.retry.backoff.ms = 100
	sasl.mechanism = GSSAPI
	sasl.oauthbearer.clock.skew.seconds = 30
	sasl.oauthbearer.expected.audience = null
	sasl.oauthbearer.expected.issuer = null
	sasl.oauthbearer.jwks.endpoint.refresh.ms = 3600000
	sasl.oauthbearer.jwks.endpoint.retry.backoff.max.ms = 10000
	sasl.oauthbearer.jwks.endpoint.retry.backoff.ms = 100
	sasl.oauthbearer.jwks.endpoint.url = null
	sasl.oauthbearer.scope.claim.name = scope
	sasl.oauthbearer.sub.claim.name = sub
	sasl.oauthbearer.token.endpoint.url = null
	security.protocol = PLAINTEXT
	security.providers = null
	send.buffer.bytes = 131072
	session.timeout.ms = 45000
	socket.connection.setup.timeout.max.ms = 30000
	socket.connection.setup.timeout.ms = 10000
	ssl.cipher.suites = null
	ssl.enabled.protocols = [TLSv1.2, TLSv1.3]
	ssl.endpoint.identification.algorithm = https
	ssl.engine.factory.class = null
	ssl.key.password = null
	ssl.keymanager.algorithm = SunX509
	ssl.keystore.certificate.chain = null
	ssl.keystore.key = null
	ssl.keystore.location = null
	ssl.keystore.password = null
	ssl.keystore.type = JKS
	ssl.protocol = TLSv1.3
	ssl.provider = null
	ssl.secure.random.implementation = null
	ssl.trustmanager.algorithm = PKIX
	ssl.truststore.certificates = null
	ssl.truststore.location = null
	ssl.truststore.password = null
	ssl.truststore.type = JKS
	value.deserializer = class org.springframework.kafka.support.serializer.JsonDeserializer

2025-07-18T07:37:41.193Z  INFO 27376 --- [           main] o.a.kafka.common.utils.AppInfoParser     : Kafka version: 3.6.2
2025-07-18T07:37:41.194Z  INFO 27376 --- [           main] o.a.kafka.common.utils.AppInfoParser     : Kafka commitId: c4deed513057c94e
2025-07-18T07:37:41.194Z  INFO 27376 --- [           main] o.a.kafka.common.utils.AppInfoParser     : Kafka startTimeMs: 1752824261193
2025-07-18T07:37:41.195Z  INFO 27376 --- [           main] fkaConsumerFactory$ExtendedKafkaConsumer : [Consumer clientId=consumer-transaction-consumer-group-1, groupId=transaction-consumer-group] Subscribed to topic(s): transaction-topic
2025-07-18T07:37:41.218Z  INFO 27376 --- [           main] com.jpmc.midascore.TaskFiveTests         : Started TaskFiveTests in 5.582 seconds (process running for 6.645)
2025-07-18T07:37:41.241Z  INFO 27376 --- [quest-handler-2] k.s.DefaultAutoTopicCreationManager      : Sent auto-creation request for Set(transaction-topic) to the active controller.
2025-07-18T07:37:41.253Z  INFO 27376 --- [quest-handler-0] k.s.DefaultAutoTopicCreationManager      : Sent auto-creation request for Set(__consumer_offsets) to the active controller.
2025-07-18T07:37:41.254Z  WARN 27376 --- [ntainer#0-0-C-1] org.apache.kafka.clients.NetworkClient   : [Consumer clientId=consumer-transaction-consumer-group-1, groupId=transaction-consumer-group] Error while fetching metadata with correlation id 2 : {transaction-topic=UNKNOWN_TOPIC_OR_PARTITION}
2025-07-18T07:37:41.255Z  INFO 27376 --- [ntainer#0-0-C-1] org.apache.kafka.clients.Metadata        : [Consumer clientId=consumer-transaction-consumer-group-1, groupId=transaction-consumer-group] Cluster ID: vr5-Gqx2QXCQegI0tO5bxw
2025-07-18T07:37:41.268Z  INFO 27376 --- [0-event-handler] o.a.k.c.ReplicationControlManager        : [QuorumController id=0] CreateTopics result(s): CreatableTopic(name='transaction-topic', numPartitions=1, replicationFactor=1, assignments=[], configs=[]): SUCCESS
2025-07-18T07:37:41.268Z  INFO 27376 --- [0-event-handler] o.a.k.c.ReplicationControlManager        : [QuorumController id=0] Replayed TopicRecord for topic transaction-topic with topic ID UB1YlYVpQ9C_lAIngjPqUA.
2025-07-18T07:37:41.269Z  INFO 27376 --- [0-event-handler] o.a.k.c.ReplicationControlManager        : [QuorumController id=0] Replayed PartitionRecord for new partition transaction-topic-0 with topic ID UB1YlYVpQ9C_lAIngjPqUA and PartitionRegistration(replicas=[0], isr=[0], removingReplicas=[], addingReplicas=[], leader=0, leaderRecoveryState=RECOVERED, leaderEpoch=0, partitionEpoch=0).
2025-07-18T07:37:41.301Z  INFO 27376 --- [r-event-handler] state.change.logger                      : [Broker id=0] Transitioning 1 partition(s) to local leaders.
2025-07-18T07:37:41.303Z  INFO 27376 --- [r-event-handler] kafka.server.ReplicaFetcherManager       : [ReplicaFetcherManager on broker 0] Removed fetcher for partitions Set(transaction-topic-0)
2025-07-18T07:37:41.305Z  INFO 27376 --- [r-event-handler] state.change.logger                      : [Broker id=0] Creating new partition transaction-topic-0 with topic id UB1YlYVpQ9C_lAIngjPqUA.
2025-07-18T07:37:41.307Z  INFO 27376 --- [0-event-handler] o.a.k.c.ReplicationControlManager        : [QuorumController id=0] CreateTopics result(s): CreatableTopic(name='__consumer_offsets', numPartitions=50, replicationFactor=1, assignments=[], configs=[CreateableTopicConfig(name='compression.type', value='producer'), CreateableTopicConfig(name='cleanup.policy', value='compact'), CreateableTopicConfig(name='segment.bytes', value='104857600')]): SUCCESS
2025-07-18T07:37:41.308Z  INFO 27376 --- [0-event-handler] o.a.k.c.ReplicationControlManager        : [QuorumController id=0] Replayed TopicRecord for topic __consumer_offsets with topic ID wjRqmEiHSmOsn7Bavi_w0Q.
2025-07-18T07:37:41.308Z  INFO 27376 --- [0-event-handler] o.a.k.c.ConfigurationControlManager      : [QuorumController id=0] Replayed ConfigRecord for ConfigResource(type=TOPIC, name='__consumer_offsets') which set configuration compression.type to producer
2025-07-18T07:37:41.308Z  INFO 27376 --- [0-event-handler] o.a.k.c.ConfigurationControlManager      : [QuorumController id=0] Replayed ConfigRecord for ConfigResource(type=TOPIC, name='__consumer_offsets') which set configuration cleanup.policy to compact
2025-07-18T07:37:41.308Z  INFO 27376 --- [0-event-handler] o.a.k.c.ConfigurationControlManager      : [QuorumController id=0] Replayed ConfigRecord for ConfigResource(type=TOPIC, name='__consumer_offsets') which set configuration segment.bytes to 104857600
2025-07-18T07:37:41.308Z  INFO 27376 --- [0-event-handler] o.a.k.c.ReplicationControlManager        : [QuorumController id=0] Replayed PartitionRecord for new partition __consumer_offsets-0 with topic ID wjRqmEiHSmOsn7Bavi_w0Q and PartitionRegistration(replicas=[0], isr=[0], removingReplicas=[], addingReplicas=[], leader=0, leaderRecoveryState=RECOVERED, leaderEpoch=0, partitionEpoch=0).
2025-07-18T07:37:41.308Z  INFO 27376 --- [0-event-handler] o.a.k.c.ReplicationControlManager        : [QuorumController id=0] Replayed PartitionRecord for new partition __consumer_offsets-1 with topic ID wjRqmEiHSmOsn7Bavi_w0Q and PartitionRegistration(replicas=[0], isr=[0], removingReplicas=[], addingReplicas=[], leader=0, leaderRecoveryState=RECOVERED, leaderEpoch=0, partitionEpoch=0).
2025-07-18T07:37:41.308Z  INFO 27376 --- [0-event-handler] o.a.k.c.ReplicationControlManager        : [QuorumController id=0] Replayed PartitionRecord for new partition __consumer_offsets-2 with topic ID wjRqmEiHSmOsn7Bavi_w0Q and PartitionRegistration(replicas=[0], isr=[0], removingReplicas=[], addingReplicas=[], leader=0, leaderRecoveryState=RECOVERED, leaderEpoch=0, partitionEpoch=0).
2025-07-18T07:37:41.308Z  INFO 27376 --- [0-event-handler] o.a.k.c.ReplicationControlManager        : [QuorumController id=0] Replayed PartitionRecord for new partition __consumer_offsets-3 with topic ID wjRqmEiHSmOsn7Bavi_w0Q and PartitionRegistration(replicas=[0], isr=[0], removingReplicas=[], addingReplicas=[], leader=0, leaderRecoveryState=RECOVERED, leaderEpoch=0, partitionEpoch=0).
2025-07-18T07:37:41.308Z  INFO 27376 --- [0-event-handler] o.a.k.c.ReplicationControlManager        : [QuorumController id=0] Replayed PartitionRecord for new partition __consumer_offsets-4 with topic ID wjRqmEiHSmOsn7Bavi_w0Q and PartitionRegistration(replicas=[0], isr=[0], removingReplicas=[], addingReplicas=[], leader=0, leaderRecoveryState=RECOVERED, leaderEpoch=0, partitionEpoch=0).
2025-07-18T07:37:41.308Z  INFO 27376 --- [0-event-handler] o.a.k.c.ReplicationControlManager        : [QuorumController id=0] Replayed PartitionRecord for new partition __consumer_offsets-5 with topic ID wjRqmEiHSmOsn7Bavi_w0Q and PartitionRegistration(replicas=[0], isr=[0], removingReplicas=[], addingReplicas=[], leader=0, leaderRecoveryState=RECOVERED, leaderEpoch=0, partitionEpoch=0).
2025-07-18T07:37:41.309Z  INFO 27376 --- [0-event-handler] o.a.k.c.ReplicationControlManager        : [QuorumController id=0] Replayed PartitionRecord for new partition __consumer_offsets-6 with topic ID wjRqmEiHSmOsn7Bavi_w0Q and PartitionRegistration(replicas=[0], isr=[0], removingReplicas=[], addingReplicas=[], leader=0, leaderRecoveryState=RECOVERED, leaderEpoch=0, partitionEpoch=0).
2025-07-18T07:37:41.309Z  INFO 27376 --- [0-event-handler] o.a.k.c.ReplicationControlManager        : [QuorumController id=0] Replayed PartitionRecord for new partition __consumer_offsets-7 with topic ID wjRqmEiHSmOsn7Bavi_w0Q and PartitionRegistration(replicas=[0], isr=[0], removingReplicas=[], addingReplicas=[], leader=0, leaderRecoveryState=RECOVERED, leaderEpoch=0, partitionEpoch=0).
2025-07-18T07:37:41.309Z  INFO 27376 --- [0-event-handler] o.a.k.c.ReplicationControlManager        : [QuorumController id=0] Replayed PartitionRecord for new partition __consumer_offsets-8 with topic ID wjRqmEiHSmOsn7Bavi_w0Q and PartitionRegistration(replicas=[0], isr=[0], removingReplicas=[], addingReplicas=[], leader=0, leaderRecoveryState=RECOVERED, leaderEpoch=0, partitionEpoch=0).
2025-07-18T07:37:41.309Z  INFO 27376 --- [0-event-handler] o.a.k.c.ReplicationControlManager        : [QuorumController id=0] Replayed PartitionRecord for new partition __consumer_offsets-9 with topic ID wjRqmEiHSmOsn7Bavi_w0Q and PartitionRegistration(replicas=[0], isr=[0], removingReplicas=[], addingReplicas=[], leader=0, leaderRecoveryState=RECOVERED, leaderEpoch=0, partitionEpoch=0).
2025-07-18T07:37:41.309Z  INFO 27376 --- [0-event-handler] o.a.k.c.ReplicationControlManager        : [QuorumController id=0] Replayed PartitionRecord for new partition __consumer_offsets-10 with topic ID wjRqmEiHSmOsn7Bavi_w0Q and PartitionRegistration(replicas=[0], isr=[0], removingReplicas=[], addingReplicas=[], leader=0, leaderRecoveryState=RECOVERED, leaderEpoch=0, partitionEpoch=0).
2025-07-18T07:37:41.310Z  INFO 27376 --- [0-event-handler] o.a.k.c.ReplicationControlManager        : [QuorumController id=0] Replayed PartitionRecord for new partition __consumer_offsets-11 with topic ID wjRqmEiHSmOsn7Bavi_w0Q and PartitionRegistration(replicas=[0], isr=[0], removingReplicas=[], addingReplicas=[], leader=0, leaderRecoveryState=RECOVERED, leaderEpoch=0, partitionEpoch=0).
2025-07-18T07:37:41.310Z  INFO 27376 --- [0-event-handler] o.a.k.c.ReplicationControlManager        : [QuorumController id=0] Replayed PartitionRecord for new partition __consumer_offsets-12 with topic ID wjRqmEiHSmOsn7Bavi_w0Q and PartitionRegistration(replicas=[0], isr=[0], removingReplicas=[], addingReplicas=[], leader=0, leaderRecoveryState=RECOVERED, leaderEpoch=0, partitionEpoch=0).
2025-07-18T07:37:41.310Z  INFO 27376 --- [0-event-handler] o.a.k.c.ReplicationControlManager        : [QuorumController id=0] Replayed PartitionRecord for new partition __consumer_offsets-13 with topic ID wjRqmEiHSmOsn7Bavi_w0Q and PartitionRegistration(replicas=[0], isr=[0], removingReplicas=[], addingReplicas=[], leader=0, leaderRecoveryState=RECOVERED, leaderEpoch=0, partitionEpoch=0).
2025-07-18T07:37:41.310Z  INFO 27376 --- [0-event-handler] o.a.k.c.ReplicationControlManager        : [QuorumController id=0] Replayed PartitionRecord for new partition __consumer_offsets-14 with topic ID wjRqmEiHSmOsn7Bavi_w0Q and PartitionRegistration(replicas=[0], isr=[0], removingReplicas=[], addingReplicas=[], leader=0, leaderRecoveryState=RECOVERED, leaderEpoch=0, partitionEpoch=0).
2025-07-18T07:37:41.310Z  INFO 27376 --- [0-event-handler] o.a.k.c.ReplicationControlManager        : [QuorumController id=0] Replayed PartitionRecord for new partition __consumer_offsets-15 with topic ID wjRqmEiHSmOsn7Bavi_w0Q and PartitionRegistration(replicas=[0], isr=[0], removingReplicas=[], addingReplicas=[], leader=0, leaderRecoveryState=RECOVERED, leaderEpoch=0, partitionEpoch=0).
2025-07-18T07:37:41.310Z  INFO 27376 --- [0-event-handler] o.a.k.c.ReplicationControlManager        : [QuorumController id=0] Replayed PartitionRecord for new partition __consumer_offsets-16 with topic ID wjRqmEiHSmOsn7Bavi_w0Q and PartitionRegistration(replicas=[0], isr=[0], removingReplicas=[], addingReplicas=[], leader=0, leaderRecoveryState=RECOVERED, leaderEpoch=0, partitionEpoch=0).
2025-07-18T07:37:41.310Z  INFO 27376 --- [0-event-handler] o.a.k.c.ReplicationControlManager        : [QuorumController id=0] Replayed PartitionRecord for new partition __consumer_offsets-17 with topic ID wjRqmEiHSmOsn7Bavi_w0Q and PartitionRegistration(replicas=[0], isr=[0], removingReplicas=[], addingReplicas=[], leader=0, leaderRecoveryState=RECOVERED, leaderEpoch=0, partitionEpoch=0).
2025-07-18T07:37:41.310Z  INFO 27376 --- [0-event-handler] o.a.k.c.ReplicationControlManager        : [QuorumController id=0] Replayed PartitionRecord for new partition __consumer_offsets-18 with topic ID wjRqmEiHSmOsn7Bavi_w0Q and PartitionRegistration(replicas=[0], isr=[0], removingReplicas=[], addingReplicas=[], leader=0, leaderRecoveryState=RECOVERED, leaderEpoch=0, partitionEpoch=0).
2025-07-18T07:37:41.311Z  INFO 27376 --- [0-event-handler] o.a.k.c.ReplicationControlManager        : [QuorumController id=0] Replayed PartitionRecord for new partition __consumer_offsets-19 with topic ID wjRqmEiHSmOsn7Bavi_w0Q and PartitionRegistration(replicas=[0], isr=[0], removingReplicas=[], addingReplicas=[], leader=0, leaderRecoveryState=RECOVERED, leaderEpoch=0, partitionEpoch=0).
2025-07-18T07:37:41.311Z  INFO 27376 --- [0-event-handler] o.a.k.c.ReplicationControlManager        : [QuorumController id=0] Replayed PartitionRecord for new partition __consumer_offsets-20 with topic ID wjRqmEiHSmOsn7Bavi_w0Q and PartitionRegistration(replicas=[0], isr=[0], removingReplicas=[], addingReplicas=[], leader=0, leaderRecoveryState=RECOVERED, leaderEpoch=0, partitionEpoch=0).
2025-07-18T07:37:41.311Z  INFO 27376 --- [0-event-handler] o.a.k.c.ReplicationControlManager        : [QuorumController id=0] Replayed PartitionRecord for new partition __consumer_offsets-21 with topic ID wjRqmEiHSmOsn7Bavi_w0Q and PartitionRegistration(replicas=[0], isr=[0], removingReplicas=[], addingReplicas=[], leader=0, leaderRecoveryState=RECOVERED, leaderEpoch=0, partitionEpoch=0).
2025-07-18T07:37:41.311Z  INFO 27376 --- [0-event-handler] o.a.k.c.ReplicationControlManager        : [QuorumController id=0] Replayed PartitionRecord for new partition __consumer_offsets-22 with topic ID wjRqmEiHSmOsn7Bavi_w0Q and PartitionRegistration(replicas=[0], isr=[0], removingReplicas=[], addingReplicas=[], leader=0, leaderRecoveryState=RECOVERED, leaderEpoch=0, partitionEpoch=0).
2025-07-18T07:37:41.311Z  INFO 27376 --- [0-event-handler] o.a.k.c.ReplicationControlManager        : [QuorumController id=0] Replayed PartitionRecord for new partition __consumer_offsets-23 with topic ID wjRqmEiHSmOsn7Bavi_w0Q and PartitionRegistration(replicas=[0], isr=[0], removingReplicas=[], addingReplicas=[], leader=0, leaderRecoveryState=RECOVERED, leaderEpoch=0, partitionEpoch=0).
2025-07-18T07:37:41.311Z  INFO 27376 --- [0-event-handler] o.a.k.c.ReplicationControlManager        : [QuorumController id=0] Replayed PartitionRecord for new partition __consumer_offsets-24 with topic ID wjRqmEiHSmOsn7Bavi_w0Q and PartitionRegistration(replicas=[0], isr=[0], removingReplicas=[], addingReplicas=[], leader=0, leaderRecoveryState=RECOVERED, leaderEpoch=0, partitionEpoch=0).
2025-07-18T07:37:41.311Z  INFO 27376 --- [0-event-handler] o.a.k.c.ReplicationControlManager        : [QuorumController id=0] Replayed PartitionRecord for new partition __consumer_offsets-25 with topic ID wjRqmEiHSmOsn7Bavi_w0Q and PartitionRegistration(replicas=[0], isr=[0], removingReplicas=[], addingReplicas=[], leader=0, leaderRecoveryState=RECOVERED, leaderEpoch=0, partitionEpoch=0).
2025-07-18T07:37:41.311Z  INFO 27376 --- [0-event-handler] o.a.k.c.ReplicationControlManager        : [QuorumController id=0] Replayed PartitionRecord for new partition __consumer_offsets-26 with topic ID wjRqmEiHSmOsn7Bavi_w0Q and PartitionRegistration(replicas=[0], isr=[0], removingReplicas=[], addingReplicas=[], leader=0, leaderRecoveryState=RECOVERED, leaderEpoch=0, partitionEpoch=0).
2025-07-18T07:37:41.311Z  INFO 27376 --- [0-event-handler] o.a.k.c.ReplicationControlManager        : [QuorumController id=0] Replayed PartitionRecord for new partition __consumer_offsets-27 with topic ID wjRqmEiHSmOsn7Bavi_w0Q and PartitionRegistration(replicas=[0], isr=[0], removingReplicas=[], addingReplicas=[], leader=0, leaderRecoveryState=RECOVERED, leaderEpoch=0, partitionEpoch=0).
2025-07-18T07:37:41.311Z  INFO 27376 --- [0-event-handler] o.a.k.c.ReplicationControlManager        : [QuorumController id=0] Replayed PartitionRecord for new partition __consumer_offsets-28 with topic ID wjRqmEiHSmOsn7Bavi_w0Q and PartitionRegistration(replicas=[0], isr=[0], removingReplicas=[], addingReplicas=[], leader=0, leaderRecoveryState=RECOVERED, leaderEpoch=0, partitionEpoch=0).
2025-07-18T07:37:41.312Z  INFO 27376 --- [0-event-handler] o.a.k.c.ReplicationControlManager        : [QuorumController id=0] Replayed PartitionRecord for new partition __consumer_offsets-29 with topic ID wjRqmEiHSmOsn7Bavi_w0Q and PartitionRegistration(replicas=[0], isr=[0], removingReplicas=[], addingReplicas=[], leader=0, leaderRecoveryState=RECOVERED, leaderEpoch=0, partitionEpoch=0).
2025-07-18T07:37:41.312Z  INFO 27376 --- [0-event-handler] o.a.k.c.ReplicationControlManager        : [QuorumController id=0] Replayed PartitionRecord for new partition __consumer_offsets-30 with topic ID wjRqmEiHSmOsn7Bavi_w0Q and PartitionRegistration(replicas=[0], isr=[0], removingReplicas=[], addingReplicas=[], leader=0, leaderRecoveryState=RECOVERED, leaderEpoch=0, partitionEpoch=0).
2025-07-18T07:37:41.312Z  INFO 27376 --- [0-event-handler] o.a.k.c.ReplicationControlManager        : [QuorumController id=0] Replayed PartitionRecord for new partition __consumer_offsets-31 with topic ID wjRqmEiHSmOsn7Bavi_w0Q and PartitionRegistration(replicas=[0], isr=[0], removingReplicas=[], addingReplicas=[], leader=0, leaderRecoveryState=RECOVERED, leaderEpoch=0, partitionEpoch=0).
2025-07-18T07:37:41.312Z  INFO 27376 --- [0-event-handler] o.a.k.c.ReplicationControlManager        : [QuorumController id=0] Replayed PartitionRecord for new partition __consumer_offsets-32 with topic ID wjRqmEiHSmOsn7Bavi_w0Q and PartitionRegistration(replicas=[0], isr=[0], removingReplicas=[], addingReplicas=[], leader=0, leaderRecoveryState=RECOVERED, leaderEpoch=0, partitionEpoch=0).
2025-07-18T07:37:41.312Z  INFO 27376 --- [0-event-handler] o.a.k.c.ReplicationControlManager        : [QuorumController id=0] Replayed PartitionRecord for new partition __consumer_offsets-33 with topic ID wjRqmEiHSmOsn7Bavi_w0Q and PartitionRegistration(replicas=[0], isr=[0], removingReplicas=[], addingReplicas=[], leader=0, leaderRecoveryState=RECOVERED, leaderEpoch=0, partitionEpoch=0).
2025-07-18T07:37:41.312Z  INFO 27376 --- [0-event-handler] o.a.k.c.ReplicationControlManager        : [QuorumController id=0] Replayed PartitionRecord for new partition __consumer_offsets-34 with topic ID wjRqmEiHSmOsn7Bavi_w0Q and PartitionRegistration(replicas=[0], isr=[0], removingReplicas=[], addingReplicas=[], leader=0, leaderRecoveryState=RECOVERED, leaderEpoch=0, partitionEpoch=0).
2025-07-18T07:37:41.312Z  INFO 27376 --- [0-event-handler] o.a.k.c.ReplicationControlManager        : [QuorumController id=0] Replayed PartitionRecord for new partition __consumer_offsets-35 with topic ID wjRqmEiHSmOsn7Bavi_w0Q and PartitionRegistration(replicas=[0], isr=[0], removingReplicas=[], addingReplicas=[], leader=0, leaderRecoveryState=RECOVERED, leaderEpoch=0, partitionEpoch=0).
2025-07-18T07:37:41.312Z  INFO 27376 --- [0-event-handler] o.a.k.c.ReplicationControlManager        : [QuorumController id=0] Replayed PartitionRecord for new partition __consumer_offsets-36 with topic ID wjRqmEiHSmOsn7Bavi_w0Q and PartitionRegistration(replicas=[0], isr=[0], removingReplicas=[], addingReplicas=[], leader=0, leaderRecoveryState=RECOVERED, leaderEpoch=0, partitionEpoch=0).
2025-07-18T07:37:41.313Z  INFO 27376 --- [0-event-handler] o.a.k.c.ReplicationControlManager        : [QuorumController id=0] Replayed PartitionRecord for new partition __consumer_offsets-37 with topic ID wjRqmEiHSmOsn7Bavi_w0Q and PartitionRegistration(replicas=[0], isr=[0], removingReplicas=[], addingReplicas=[], leader=0, leaderRecoveryState=RECOVERED, leaderEpoch=0, partitionEpoch=0).
2025-07-18T07:37:41.313Z  INFO 27376 --- [0-event-handler] o.a.k.c.ReplicationControlManager        : [QuorumController id=0] Replayed PartitionRecord for new partition __consumer_offsets-38 with topic ID wjRqmEiHSmOsn7Bavi_w0Q and PartitionRegistration(replicas=[0], isr=[0], removingReplicas=[], addingReplicas=[], leader=0, leaderRecoveryState=RECOVERED, leaderEpoch=0, partitionEpoch=0).
2025-07-18T07:37:41.313Z  INFO 27376 --- [0-event-handler] o.a.k.c.ReplicationControlManager        : [QuorumController id=0] Replayed PartitionRecord for new partition __consumer_offsets-39 with topic ID wjRqmEiHSmOsn7Bavi_w0Q and PartitionRegistration(replicas=[0], isr=[0], removingReplicas=[], addingReplicas=[], leader=0, leaderRecoveryState=RECOVERED, leaderEpoch=0, partitionEpoch=0).
2025-07-18T07:37:41.313Z  INFO 27376 --- [0-event-handler] o.a.k.c.ReplicationControlManager        : [QuorumController id=0] Replayed PartitionRecord for new partition __consumer_offsets-40 with topic ID wjRqmEiHSmOsn7Bavi_w0Q and PartitionRegistration(replicas=[0], isr=[0], removingReplicas=[], addingReplicas=[], leader=0, leaderRecoveryState=RECOVERED, leaderEpoch=0, partitionEpoch=0).
2025-07-18T07:37:41.313Z  INFO 27376 --- [0-event-handler] o.a.k.c.ReplicationControlManager        : [QuorumController id=0] Replayed PartitionRecord for new partition __consumer_offsets-41 with topic ID wjRqmEiHSmOsn7Bavi_w0Q and PartitionRegistration(replicas=[0], isr=[0], removingReplicas=[], addingReplicas=[], leader=0, leaderRecoveryState=RECOVERED, leaderEpoch=0, partitionEpoch=0).
2025-07-18T07:37:41.313Z  INFO 27376 --- [0-event-handler] o.a.k.c.ReplicationControlManager        : [QuorumController id=0] Replayed PartitionRecord for new partition __consumer_offsets-42 with topic ID wjRqmEiHSmOsn7Bavi_w0Q and PartitionRegistration(replicas=[0], isr=[0], removingReplicas=[], addingReplicas=[], leader=0, leaderRecoveryState=RECOVERED, leaderEpoch=0, partitionEpoch=0).
2025-07-18T07:37:41.313Z  INFO 27376 --- [0-event-handler] o.a.k.c.ReplicationControlManager        : [QuorumController id=0] Replayed PartitionRecord for new partition __consumer_offsets-43 with topic ID wjRqmEiHSmOsn7Bavi_w0Q and PartitionRegistration(replicas=[0], isr=[0], removingReplicas=[], addingReplicas=[], leader=0, leaderRecoveryState=RECOVERED, leaderEpoch=0, partitionEpoch=0).
2025-07-18T07:37:41.313Z  INFO 27376 --- [0-event-handler] o.a.k.c.ReplicationControlManager        : [QuorumController id=0] Replayed PartitionRecord for new partition __consumer_offsets-44 with topic ID wjRqmEiHSmOsn7Bavi_w0Q and PartitionRegistration(replicas=[0], isr=[0], removingReplicas=[], addingReplicas=[], leader=0, leaderRecoveryState=RECOVERED, leaderEpoch=0, partitionEpoch=0).
2025-07-18T07:37:41.314Z  INFO 27376 --- [0-event-handler] o.a.k.c.ReplicationControlManager        : [QuorumController id=0] Replayed PartitionRecord for new partition __consumer_offsets-45 with topic ID wjRqmEiHSmOsn7Bavi_w0Q and PartitionRegistration(replicas=[0], isr=[0], removingReplicas=[], addingReplicas=[], leader=0, leaderRecoveryState=RECOVERED, leaderEpoch=0, partitionEpoch=0).
2025-07-18T07:37:41.314Z  INFO 27376 --- [0-event-handler] o.a.k.c.ReplicationControlManager        : [QuorumController id=0] Replayed PartitionRecord for new partition __consumer_offsets-46 with topic ID wjRqmEiHSmOsn7Bavi_w0Q and PartitionRegistration(replicas=[0], isr=[0], removingReplicas=[], addingReplicas=[], leader=0, leaderRecoveryState=RECOVERED, leaderEpoch=0, partitionEpoch=0).
2025-07-18T07:37:41.314Z  INFO 27376 --- [0-event-handler] o.a.k.c.ReplicationControlManager        : [QuorumController id=0] Replayed PartitionRecord for new partition __consumer_offsets-47 with topic ID wjRqmEiHSmOsn7Bavi_w0Q and PartitionRegistration(replicas=[0], isr=[0], removingReplicas=[], addingReplicas=[], leader=0, leaderRecoveryState=RECOVERED, leaderEpoch=0, partitionEpoch=0).
2025-07-18T07:37:41.314Z  INFO 27376 --- [0-event-handler] o.a.k.c.ReplicationControlManager        : [QuorumController id=0] Replayed PartitionRecord for new partition __consumer_offsets-48 with topic ID wjRqmEiHSmOsn7Bavi_w0Q and PartitionRegistration(replicas=[0], isr=[0], removingReplicas=[], addingReplicas=[], leader=0, leaderRecoveryState=RECOVERED, leaderEpoch=0, partitionEpoch=0).
2025-07-18T07:37:41.314Z  INFO 27376 --- [0-event-handler] o.a.k.c.ReplicationControlManager        : [QuorumController id=0] Replayed PartitionRecord for new partition __consumer_offsets-49 with topic ID wjRqmEiHSmOsn7Bavi_w0Q and PartitionRegistration(replicas=[0], isr=[0], removingReplicas=[], addingReplicas=[], leader=0, leaderRecoveryState=RECOVERED, leaderEpoch=0, partitionEpoch=0).
2025-07-18T07:37:41.326Z  INFO 27376 --- [r-event-handler] kafka.log.UnifiedLog$                    : [LogLoader partition=transaction-topic-0, dir=/tmp/kafka-9291295645755567285/broker_0_data0] Loading producer state till offset 0 with message format version 2
2025-07-18T07:37:41.328Z  INFO 27376 --- [r-event-handler] kafka.log.LogManager                     : Created log for partition transaction-topic-0 in /tmp/kafka-9291295645755567285/broker_0_data0/transaction-topic-0 with properties {}
2025-07-18T07:37:41.330Z  INFO 27376 --- [r-event-handler] kafka.cluster.Partition                  : [Partition transaction-topic-0 broker=0] No checkpointed highwatermark is found for partition transaction-topic-0
2025-07-18T07:37:41.332Z  INFO 27376 --- [r-event-handler] kafka.cluster.Partition                  : [Partition transaction-topic-0 broker=0] Log loaded for partition transaction-topic-0 with initial high watermark 0
2025-07-18T07:37:41.336Z  INFO 27376 --- [r-event-handler] state.change.logger                      : [Broker id=0] Leader transaction-topic-0 with topic id Some(UB1YlYVpQ9C_lAIngjPqUA) starts at leader epoch 0 from offset 0 with partition epoch 0, high watermark 0, ISR [0], adding replicas [] and removing replicas [] . Previous leader None and previous leader epoch was -1.
2025-07-18T07:37:41.349Z  INFO 27376 --- [r-event-handler] state.change.logger                      : [Broker id=0] Transitioning 50 partition(s) to local leaders.
2025-07-18T07:37:41.349Z  INFO 27376 --- [r-event-handler] kafka.server.ReplicaFetcherManager       : [ReplicaFetcherManager on broker 0] Removed fetcher for partitions Set(__consumer_offsets-13, __consumer_offsets-46, __consumer_offsets-9, __consumer_offsets-42, __consumer_offsets-21, __consumer_offsets-17, __consumer_offsets-30, __consumer_offsets-26, __consumer_offsets-5, __consumer_offsets-38, __consumer_offsets-1, __consumer_offsets-34, __consumer_offsets-16, __consumer_offsets-45, __consumer_offsets-12, __consumer_offsets-41, __consumer_offsets-24, __consumer_offsets-20, __consumer_offsets-49, __consumer_offsets-0, __consumer_offsets-29, __consumer_offsets-25, __consumer_offsets-8, __consumer_offsets-37, __consumer_offsets-4, __consumer_offsets-33, __consumer_offsets-15, __consumer_offsets-48, __consumer_offsets-11, __consumer_offsets-44, __consumer_offsets-23, __consumer_offsets-19, __consumer_offsets-32, __consumer_offsets-28, __consumer_offsets-7, __consumer_offsets-40, __consumer_offsets-3, __consumer_offsets-36, __consumer_offsets-47, __consumer_offsets-14, __consumer_offsets-43, __consumer_offsets-10, __consumer_offsets-22, __consumer_offsets-18, __consumer_offsets-31, __consumer_offsets-27, __consumer_offsets-39, __consumer_offsets-6, __consumer_offsets-35, __consumer_offsets-2)
2025-07-18T07:37:41.350Z  INFO 27376 --- [r-event-handler] state.change.logger                      : [Broker id=0] Creating new partition __consumer_offsets-13 with topic id wjRqmEiHSmOsn7Bavi_w0Q.
2025-07-18T07:37:41.354Z  INFO 27376 --- [r-event-handler] kafka.log.UnifiedLog$                    : [LogLoader partition=__consumer_offsets-13, dir=/tmp/kafka-9291295645755567285/broker_0_data0] Loading producer state till offset 0 with message format version 2
2025-07-18T07:37:41.355Z  INFO 27376 --- [r-event-handler] kafka.log.LogManager                     : Created log for partition __consumer_offsets-13 in /tmp/kafka-9291295645755567285/broker_0_data0/__consumer_offsets-13 with properties {cleanup.policy=compact, compression.type="producer", segment.bytes=104857600}
2025-07-18T07:37:41.355Z  INFO 27376 --- [r-event-handler] kafka.cluster.Partition                  : [Partition __consumer_offsets-13 broker=0] No checkpointed highwatermark is found for partition __consumer_offsets-13
2025-07-18T07:37:41.355Z  INFO 27376 --- [r-event-handler] kafka.cluster.Partition                  : [Partition __consumer_offsets-13 broker=0] Log loaded for partition __consumer_offsets-13 with initial high watermark 0
2025-07-18T07:37:41.355Z  INFO 27376 --- [r-event-handler] state.change.logger                      : [Broker id=0] Leader __consumer_offsets-13 with topic id Some(wjRqmEiHSmOsn7Bavi_w0Q) starts at leader epoch 0 from offset 0 with partition epoch 0, high watermark 0, ISR [0], adding replicas [] and removing replicas [] . Previous leader None and previous leader epoch was -1.
2025-07-18T07:37:41.366Z  INFO 27376 --- [r-event-handler] state.change.logger                      : [Broker id=0] Creating new partition __consumer_offsets-46 with topic id wjRqmEiHSmOsn7Bavi_w0Q.
2025-07-18T07:37:41.370Z  INFO 27376 --- [r-event-handler] kafka.log.UnifiedLog$                    : [LogLoader partition=__consumer_offsets-46, dir=/tmp/kafka-9291295645755567285/broker_0_data0] Loading producer state till offset 0 with message format version 2
2025-07-18T07:37:41.369Z  INFO 27376 --- [ntainer#0-0-C-1] o.a.k.c.c.internals.ConsumerCoordinator  : [Consumer clientId=consumer-transaction-consumer-group-1, groupId=transaction-consumer-group] Discovered group coordinator localhost:41641 (id: 2147483647 rack: null)
2025-07-18T07:37:41.371Z  INFO 27376 --- [r-event-handler] kafka.log.LogManager                     : Created log for partition __consumer_offsets-46 in /tmp/kafka-9291295645755567285/broker_0_data0/__consumer_offsets-46 with properties {cleanup.policy=compact, compression.type="producer", segment.bytes=104857600}
2025-07-18T07:37:41.372Z  INFO 27376 --- [r-event-handler] kafka.cluster.Partition                  : [Partition __consumer_offsets-46 broker=0] No checkpointed highwatermark is found for partition __consumer_offsets-46
2025-07-18T07:37:41.372Z  INFO 27376 --- [r-event-handler] kafka.cluster.Partition                  : [Partition __consumer_offsets-46 broker=0] Log loaded for partition __consumer_offsets-46 with initial high watermark 0
2025-07-18T07:37:41.372Z  INFO 27376 --- [r-event-handler] state.change.logger                      : [Broker id=0] Leader __consumer_offsets-46 with topic id Some(wjRqmEiHSmOsn7Bavi_w0Q) starts at leader epoch 0 from offset 0 with partition epoch 0, high watermark 0, ISR [0], adding replicas [] and removing replicas [] . Previous leader None and previous leader epoch was -1.
2025-07-18T07:37:41.373Z  INFO 27376 --- [ntainer#0-0-C-1] o.a.k.c.c.internals.ConsumerCoordinator  : [Consumer clientId=consumer-transaction-consumer-group-1, groupId=transaction-consumer-group] (Re-)joining group
2025-07-18T07:37:41.381Z  INFO 27376 --- [r-event-handler] state.change.logger                      : [Broker id=0] Creating new partition __consumer_offsets-9 with topic id wjRqmEiHSmOsn7Bavi_w0Q.
2025-07-18T07:37:41.386Z  INFO 27376 --- [r-event-handler] kafka.log.UnifiedLog$                    : [LogLoader partition=__consumer_offsets-9, dir=/tmp/kafka-9291295645755567285/broker_0_data0] Loading producer state till offset 0 with message format version 2
2025-07-18T07:37:41.387Z  INFO 27376 --- [r-event-handler] kafka.log.LogManager                     : Created log for partition __consumer_offsets-9 in /tmp/kafka-9291295645755567285/broker_0_data0/__consumer_offsets-9 with properties {cleanup.policy=compact, compression.type="producer", segment.bytes=104857600}
2025-07-18T07:37:41.387Z  INFO 27376 --- [r-event-handler] kafka.cluster.Partition                  : [Partition __consumer_offsets-9 broker=0] No checkpointed highwatermark is found for partition __consumer_offsets-9
2025-07-18T07:37:41.387Z  INFO 27376 --- [r-event-handler] kafka.cluster.Partition                  : [Partition __consumer_offsets-9 broker=0] Log loaded for partition __consumer_offsets-9 with initial high watermark 0
2025-07-18T07:37:41.387Z  INFO 27376 --- [r-event-handler] state.change.logger                      : [Broker id=0] Leader __consumer_offsets-9 with topic id Some(wjRqmEiHSmOsn7Bavi_w0Q) starts at leader epoch 0 from offset 0 with partition epoch 0, high watermark 0, ISR [0], adding replicas [] and removing replicas [] . Previous leader None and previous leader epoch was -1.
2025-07-18T07:37:41.394Z  INFO 27376 --- [ntainer#0-0-C-1] o.a.k.c.c.internals.ConsumerCoordinator  : [Consumer clientId=consumer-transaction-consumer-group-1, groupId=transaction-consumer-group] Group coordinator localhost:41641 (id: 2147483647 rack: null) is unavailable or invalid due to cause: error response NOT_COORDINATOR. isDisconnected: false. Rediscovery will be attempted.
2025-07-18T07:37:41.394Z  INFO 27376 --- [ntainer#0-0-C-1] o.a.k.c.c.internals.ConsumerCoordinator  : [Consumer clientId=consumer-transaction-consumer-group-1, groupId=transaction-consumer-group] Requesting disconnect from last known coordinator localhost:41641 (id: 2147483647 rack: null)
2025-07-18T07:37:41.394Z  INFO 27376 --- [ntainer#0-0-C-1] o.a.k.c.c.internals.ConsumerCoordinator  : [Consumer clientId=consumer-transaction-consumer-group-1, groupId=transaction-consumer-group] JoinGroup failed: This is not the correct coordinator. Marking coordinator unknown. Sent generation was Generation{generationId=-1, memberId='', protocol='null'}
2025-07-18T07:37:41.395Z  INFO 27376 --- [ntainer#0-0-C-1] org.apache.kafka.clients.NetworkClient   : [Consumer clientId=consumer-transaction-consumer-group-1, groupId=transaction-consumer-group] Client requested disconnect from node 2147483647
2025-07-18T07:37:41.398Z  INFO 27376 --- [r-event-handler] state.change.logger                      : [Broker id=0] Creating new partition __consumer_offsets-42 with topic id wjRqmEiHSmOsn7Bavi_w0Q.
2025-07-18T07:37:41.399Z  INFO 27376 --- [ntainer#0-0-C-1] o.a.k.c.c.internals.ConsumerCoordinator  : [Consumer clientId=consumer-transaction-consumer-group-1, groupId=transaction-consumer-group] Discovered group coordinator localhost:41641 (id: 2147483647 rack: null)
2025-07-18T07:37:41.399Z  INFO 27376 --- [ntainer#0-0-C-1] o.a.k.c.c.internals.ConsumerCoordinator  : [Consumer clientId=consumer-transaction-consumer-group-1, groupId=transaction-consumer-group] Group coordinator localhost:41641 (id: 2147483647 rack: null) is unavailable or invalid due to cause: coordinator unavailable. isDisconnected: false. Rediscovery will be attempted.
2025-07-18T07:37:41.399Z  INFO 27376 --- [ntainer#0-0-C-1] o.a.k.c.c.internals.ConsumerCoordinator  : [Consumer clientId=consumer-transaction-consumer-group-1, groupId=transaction-consumer-group] Requesting disconnect from last known coordinator localhost:41641 (id: 2147483647 rack: null)
2025-07-18T07:37:41.402Z  INFO 27376 --- [r-event-handler] kafka.log.UnifiedLog$                    : [LogLoader partition=__consumer_offsets-42, dir=/tmp/kafka-9291295645755567285/broker_0_data0] Loading producer state till offset 0 with message format version 2
2025-07-18T07:37:41.403Z  INFO 27376 --- [r-event-handler] kafka.log.LogManager                     : Created log for partition __consumer_offsets-42 in /tmp/kafka-9291295645755567285/broker_0_data0/__consumer_offsets-42 with properties {cleanup.policy=compact, compression.type="producer", segment.bytes=104857600}
2025-07-18T07:37:41.403Z  INFO 27376 --- [r-event-handler] kafka.cluster.Partition                  : [Partition __consumer_offsets-42 broker=0] No checkpointed highwatermark is found for partition __consumer_offsets-42
2025-07-18T07:37:41.403Z  INFO 27376 --- [r-event-handler] kafka.cluster.Partition                  : [Partition __consumer_offsets-42 broker=0] Log loaded for partition __consumer_offsets-42 with initial high watermark 0
2025-07-18T07:37:41.403Z  INFO 27376 --- [r-event-handler] state.change.logger                      : [Broker id=0] Leader __consumer_offsets-42 with topic id Some(wjRqmEiHSmOsn7Bavi_w0Q) starts at leader epoch 0 from offset 0 with partition epoch 0, high watermark 0, ISR [0], adding replicas [] and removing replicas [] . Previous leader None and previous leader epoch was -1.
2025-07-18T07:37:41.415Z  INFO 27376 --- [r-event-handler] state.change.logger                      : [Broker id=0] Creating new partition __consumer_offsets-21 with topic id wjRqmEiHSmOsn7Bavi_w0Q.
2025-07-18T07:37:41.419Z  INFO 27376 --- [r-event-handler] kafka.log.UnifiedLog$                    : [LogLoader partition=__consumer_offsets-21, dir=/tmp/kafka-9291295645755567285/broker_0_data0] Loading producer state till offset 0 with message format version 2
2025-07-18T07:37:41.421Z  INFO 27376 --- [r-event-handler] kafka.log.LogManager                     : Created log for partition __consumer_offsets-21 in /tmp/kafka-9291295645755567285/broker_0_data0/__consumer_offsets-21 with properties {cleanup.policy=compact, compression.type="producer", segment.bytes=104857600}
2025-07-18T07:37:41.421Z  INFO 27376 --- [r-event-handler] kafka.cluster.Partition                  : [Partition __consumer_offsets-21 broker=0] No checkpointed highwatermark is found for partition __consumer_offsets-21
2025-07-18T07:37:41.421Z  INFO 27376 --- [r-event-handler] kafka.cluster.Partition                  : [Partition __consumer_offsets-21 broker=0] Log loaded for partition __consumer_offsets-21 with initial high watermark 0
2025-07-18T07:37:41.422Z  INFO 27376 --- [r-event-handler] state.change.logger                      : [Broker id=0] Leader __consumer_offsets-21 with topic id Some(wjRqmEiHSmOsn7Bavi_w0Q) starts at leader epoch 0 from offset 0 with partition epoch 0, high watermark 0, ISR [0], adding replicas [] and removing replicas [] . Previous leader None and previous leader epoch was -1.
2025-07-18T07:37:41.432Z  INFO 27376 --- [r-event-handler] state.change.logger                      : [Broker id=0] Creating new partition __consumer_offsets-17 with topic id wjRqmEiHSmOsn7Bavi_w0Q.
2025-07-18T07:37:41.436Z  INFO 27376 --- [r-event-handler] kafka.log.UnifiedLog$                    : [LogLoader partition=__consumer_offsets-17, dir=/tmp/kafka-9291295645755567285/broker_0_data0] Loading producer state till offset 0 with message format version 2
2025-07-18T07:37:41.437Z  INFO 27376 --- [r-event-handler] kafka.log.LogManager                     : Created log for partition __consumer_offsets-17 in /tmp/kafka-9291295645755567285/broker_0_data0/__consumer_offsets-17 with properties {cleanup.policy=compact, compression.type="producer", segment.bytes=104857600}
2025-07-18T07:37:41.438Z  INFO 27376 --- [r-event-handler] kafka.cluster.Partition                  : [Partition __consumer_offsets-17 broker=0] No checkpointed highwatermark is found for partition __consumer_offsets-17
2025-07-18T07:37:41.438Z  INFO 27376 --- [r-event-handler] kafka.cluster.Partition                  : [Partition __consumer_offsets-17 broker=0] Log loaded for partition __consumer_offsets-17 with initial high watermark 0
2025-07-18T07:37:41.438Z  INFO 27376 --- [r-event-handler] state.change.logger                      : [Broker id=0] Leader __consumer_offsets-17 with topic id Some(wjRqmEiHSmOsn7Bavi_w0Q) starts at leader epoch 0 from offset 0 with partition epoch 0, high watermark 0, ISR [0], adding replicas [] and removing replicas [] . Previous leader None and previous leader epoch was -1.
2025-07-18T07:37:41.447Z  INFO 27376 --- [r-event-handler] state.change.logger                      : [Broker id=0] Creating new partition __consumer_offsets-30 with topic id wjRqmEiHSmOsn7Bavi_w0Q.
2025-07-18T07:37:41.451Z  INFO 27376 --- [r-event-handler] kafka.log.UnifiedLog$                    : [LogLoader partition=__consumer_offsets-30, dir=/tmp/kafka-9291295645755567285/broker_0_data0] Loading producer state till offset 0 with message format version 2
2025-07-18T07:37:41.452Z  INFO 27376 --- [r-event-handler] kafka.log.LogManager                     : Created log for partition __consumer_offsets-30 in /tmp/kafka-9291295645755567285/broker_0_data0/__consumer_offsets-30 with properties {cleanup.policy=compact, compression.type="producer", segment.bytes=104857600}
2025-07-18T07:37:41.453Z  INFO 27376 --- [r-event-handler] kafka.cluster.Partition                  : [Partition __consumer_offsets-30 broker=0] No checkpointed highwatermark is found for partition __consumer_offsets-30
2025-07-18T07:37:41.453Z  INFO 27376 --- [r-event-handler] kafka.cluster.Partition                  : [Partition __consumer_offsets-30 broker=0] Log loaded for partition __consumer_offsets-30 with initial high watermark 0
2025-07-18T07:37:41.453Z  INFO 27376 --- [r-event-handler] state.change.logger                      : [Broker id=0] Leader __consumer_offsets-30 with topic id Some(wjRqmEiHSmOsn7Bavi_w0Q) starts at leader epoch 0 from offset 0 with partition epoch 0, high watermark 0, ISR [0], adding replicas [] and removing replicas [] . Previous leader None and previous leader epoch was -1.
2025-07-18T07:37:41.462Z  INFO 27376 --- [r-event-handler] state.change.logger                      : [Broker id=0] Creating new partition __consumer_offsets-26 with topic id wjRqmEiHSmOsn7Bavi_w0Q.
2025-07-18T07:37:41.465Z  INFO 27376 --- [r-event-handler] kafka.log.UnifiedLog$                    : [LogLoader partition=__consumer_offsets-26, dir=/tmp/kafka-9291295645755567285/broker_0_data0] Loading producer state till offset 0 with message format version 2
2025-07-18T07:37:41.466Z  INFO 27376 --- [r-event-handler] kafka.log.LogManager                     : Created log for partition __consumer_offsets-26 in /tmp/kafka-9291295645755567285/broker_0_data0/__consumer_offsets-26 with properties {cleanup.policy=compact, compression.type="producer", segment.bytes=104857600}
2025-07-18T07:37:41.466Z  INFO 27376 --- [r-event-handler] kafka.cluster.Partition                  : [Partition __consumer_offsets-26 broker=0] No checkpointed highwatermark is found for partition __consumer_offsets-26
2025-07-18T07:37:41.466Z  INFO 27376 --- [r-event-handler] kafka.cluster.Partition                  : [Partition __consumer_offsets-26 broker=0] Log loaded for partition __consumer_offsets-26 with initial high watermark 0
2025-07-18T07:37:41.466Z  INFO 27376 --- [r-event-handler] state.change.logger                      : [Broker id=0] Leader __consumer_offsets-26 with topic id Some(wjRqmEiHSmOsn7Bavi_w0Q) starts at leader epoch 0 from offset 0 with partition epoch 0, high watermark 0, ISR [0], adding replicas [] and removing replicas [] . Previous leader None and previous leader epoch was -1.
2025-07-18T07:37:41.475Z  INFO 27376 --- [r-event-handler] state.change.logger                      : [Broker id=0] Creating new partition __consumer_offsets-5 with topic id wjRqmEiHSmOsn7Bavi_w0Q.
2025-07-18T07:37:41.479Z  INFO 27376 --- [r-event-handler] kafka.log.UnifiedLog$                    : [LogLoader partition=__consumer_offsets-5, dir=/tmp/kafka-9291295645755567285/broker_0_data0] Loading producer state till offset 0 with message format version 2
2025-07-18T07:37:41.479Z  INFO 27376 --- [r-event-handler] kafka.log.LogManager                     : Created log for partition __consumer_offsets-5 in /tmp/kafka-9291295645755567285/broker_0_data0/__consumer_offsets-5 with properties {cleanup.policy=compact, compression.type="producer", segment.bytes=104857600}
2025-07-18T07:37:41.479Z  INFO 27376 --- [r-event-handler] kafka.cluster.Partition                  : [Partition __consumer_offsets-5 broker=0] No checkpointed highwatermark is found for partition __consumer_offsets-5
2025-07-18T07:37:41.480Z  INFO 27376 --- [r-event-handler] kafka.cluster.Partition                  : [Partition __consumer_offsets-5 broker=0] Log loaded for partition __consumer_offsets-5 with initial high watermark 0
2025-07-18T07:37:41.480Z  INFO 27376 --- [r-event-handler] state.change.logger                      : [Broker id=0] Leader __consumer_offsets-5 with topic id Some(wjRqmEiHSmOsn7Bavi_w0Q) starts at leader epoch 0 from offset 0 with partition epoch 0, high watermark 0, ISR [0], adding replicas [] and removing replicas [] . Previous leader None and previous leader epoch was -1.
2025-07-18T07:37:41.489Z  INFO 27376 --- [r-event-handler] state.change.logger                      : [Broker id=0] Creating new partition __consumer_offsets-38 with topic id wjRqmEiHSmOsn7Bavi_w0Q.
2025-07-18T07:37:41.493Z  INFO 27376 --- [r-event-handler] kafka.log.UnifiedLog$                    : [LogLoader partition=__consumer_offsets-38, dir=/tmp/kafka-9291295645755567285/broker_0_data0] Loading producer state till offset 0 with message format version 2
2025-07-18T07:37:41.494Z  INFO 27376 --- [r-event-handler] kafka.log.LogManager                     : Created log for partition __consumer_offsets-38 in /tmp/kafka-9291295645755567285/broker_0_data0/__consumer_offsets-38 with properties {cleanup.policy=compact, compression.type="producer", segment.bytes=104857600}
2025-07-18T07:37:41.494Z  INFO 27376 --- [r-event-handler] kafka.cluster.Partition                  : [Partition __consumer_offsets-38 broker=0] No checkpointed highwatermark is found for partition __consumer_offsets-38
2025-07-18T07:37:41.494Z  INFO 27376 --- [r-event-handler] kafka.cluster.Partition                  : [Partition __consumer_offsets-38 broker=0] Log loaded for partition __consumer_offsets-38 with initial high watermark 0
2025-07-18T07:37:41.494Z  INFO 27376 --- [r-event-handler] state.change.logger                      : [Broker id=0] Leader __consumer_offsets-38 with topic id Some(wjRqmEiHSmOsn7Bavi_w0Q) starts at leader epoch 0 from offset 0 with partition epoch 0, high watermark 0, ISR [0], adding replicas [] and removing replicas [] . Previous leader None and previous leader epoch was -1.
2025-07-18T07:37:41.502Z  INFO 27376 --- [ntainer#0-0-C-1] o.a.k.c.c.internals.ConsumerCoordinator  : [Consumer clientId=consumer-transaction-consumer-group-1, groupId=transaction-consumer-group] Discovered group coordinator localhost:41641 (id: 2147483647 rack: null)
2025-07-18T07:37:41.503Z  INFO 27376 --- [ntainer#0-0-C-1] o.a.k.c.c.internals.ConsumerCoordinator  : [Consumer clientId=consumer-transaction-consumer-group-1, groupId=transaction-consumer-group] Request joining group due to: rebalance failed due to 'This is not the correct coordinator.' (NotCoordinatorException)
2025-07-18T07:37:41.504Z  INFO 27376 --- [ntainer#0-0-C-1] o.a.k.c.c.internals.ConsumerCoordinator  : [Consumer clientId=consumer-transaction-consumer-group-1, groupId=transaction-consumer-group] (Re-)joining group
2025-07-18T07:37:41.505Z  INFO 27376 --- [r-event-handler] state.change.logger                      : [Broker id=0] Creating new partition __consumer_offsets-1 with topic id wjRqmEiHSmOsn7Bavi_w0Q.
2025-07-18T07:37:41.508Z  INFO 27376 --- [ntainer#0-0-C-1] o.a.k.c.c.internals.ConsumerCoordinator  : [Consumer clientId=consumer-transaction-consumer-group-1, groupId=transaction-consumer-group] Group coordinator localhost:41641 (id: 2147483647 rack: null) is unavailable or invalid due to cause: error response NOT_COORDINATOR. isDisconnected: false. Rediscovery will be attempted.
2025-07-18T07:37:41.508Z  INFO 27376 --- [r-event-handler] kafka.log.UnifiedLog$                    : [LogLoader partition=__consumer_offsets-1, dir=/tmp/kafka-9291295645755567285/broker_0_data0] Loading producer state till offset 0 with message format version 2
2025-07-18T07:37:41.508Z  INFO 27376 --- [ntainer#0-0-C-1] o.a.k.c.c.internals.ConsumerCoordinator  : [Consumer clientId=consumer-transaction-consumer-group-1, groupId=transaction-consumer-group] Requesting disconnect from last known coordinator localhost:41641 (id: 2147483647 rack: null)
2025-07-18T07:37:41.509Z  INFO 27376 --- [ntainer#0-0-C-1] o.a.k.c.c.internals.ConsumerCoordinator  : [Consumer clientId=consumer-transaction-consumer-group-1, groupId=transaction-consumer-group] JoinGroup failed: This is not the correct coordinator. Marking coordinator unknown. Sent generation was Generation{generationId=-1, memberId='', protocol='null'}
2025-07-18T07:37:41.510Z  INFO 27376 --- [r-event-handler] kafka.log.LogManager                     : Created log for partition __consumer_offsets-1 in /tmp/kafka-9291295645755567285/broker_0_data0/__consumer_offsets-1 with properties {cleanup.policy=compact, compression.type="producer", segment.bytes=104857600}
2025-07-18T07:37:41.510Z  INFO 27376 --- [ntainer#0-0-C-1] org.apache.kafka.clients.NetworkClient   : [Consumer clientId=consumer-transaction-consumer-group-1, groupId=transaction-consumer-group] Client requested disconnect from node 2147483647
2025-07-18T07:37:41.510Z  INFO 27376 --- [r-event-handler] kafka.cluster.Partition                  : [Partition __consumer_offsets-1 broker=0] No checkpointed highwatermark is found for partition __consumer_offsets-1
2025-07-18T07:37:41.510Z  INFO 27376 --- [r-event-handler] kafka.cluster.Partition                  : [Partition __consumer_offsets-1 broker=0] Log loaded for partition __consumer_offsets-1 with initial high watermark 0
2025-07-18T07:37:41.511Z  INFO 27376 --- [r-event-handler] state.change.logger                      : [Broker id=0] Leader __consumer_offsets-1 with topic id Some(wjRqmEiHSmOsn7Bavi_w0Q) starts at leader epoch 0 from offset 0 with partition epoch 0, high watermark 0, ISR [0], adding replicas [] and removing replicas [] . Previous leader None and previous leader epoch was -1.
2025-07-18T07:37:41.513Z  INFO 27376 --- [ntainer#0-0-C-1] o.a.k.c.c.internals.ConsumerCoordinator  : [Consumer clientId=consumer-transaction-consumer-group-1, groupId=transaction-consumer-group] Discovered group coordinator localhost:41641 (id: 2147483647 rack: null)
2025-07-18T07:37:41.513Z  INFO 27376 --- [ntainer#0-0-C-1] o.a.k.c.c.internals.ConsumerCoordinator  : [Consumer clientId=consumer-transaction-consumer-group-1, groupId=transaction-consumer-group] Group coordinator localhost:41641 (id: 2147483647 rack: null) is unavailable or invalid due to cause: coordinator unavailable. isDisconnected: false. Rediscovery will be attempted.
2025-07-18T07:37:41.513Z  INFO 27376 --- [ntainer#0-0-C-1] o.a.k.c.c.internals.ConsumerCoordinator  : [Consumer clientId=consumer-transaction-consumer-group-1, groupId=transaction-consumer-group] Requesting disconnect from last known coordinator localhost:41641 (id: 2147483647 rack: null)
2025-07-18T07:37:41.520Z  INFO 27376 --- [r-event-handler] state.change.logger                      : [Broker id=0] Creating new partition __consumer_offsets-34 with topic id wjRqmEiHSmOsn7Bavi_w0Q.
2025-07-18T07:37:41.523Z  INFO 27376 --- [r-event-handler] kafka.log.UnifiedLog$                    : [LogLoader partition=__consumer_offsets-34, dir=/tmp/kafka-9291295645755567285/broker_0_data0] Loading producer state till offset 0 with message format version 2
2025-07-18T07:37:41.524Z  INFO 27376 --- [r-event-handler] kafka.log.LogManager                     : Created log for partition __consumer_offsets-34 in /tmp/kafka-9291295645755567285/broker_0_data0/__consumer_offsets-34 with properties {cleanup.policy=compact, compression.type="producer", segment.bytes=104857600}
2025-07-18T07:37:41.524Z  INFO 27376 --- [r-event-handler] kafka.cluster.Partition                  : [Partition __consumer_offsets-34 broker=0] No checkpointed highwatermark is found for partition __consumer_offsets-34
2025-07-18T07:37:41.524Z  INFO 27376 --- [r-event-handler] kafka.cluster.Partition                  : [Partition __consumer_offsets-34 broker=0] Log loaded for partition __consumer_offsets-34 with initial high watermark 0
2025-07-18T07:37:41.524Z  INFO 27376 --- [r-event-handler] state.change.logger                      : [Broker id=0] Leader __consumer_offsets-34 with topic id Some(wjRqmEiHSmOsn7Bavi_w0Q) starts at leader epoch 0 from offset 0 with partition epoch 0, high watermark 0, ISR [0], adding replicas [] and removing replicas [] . Previous leader None and previous leader epoch was -1.
2025-07-18T07:37:41.536Z  INFO 27376 --- [r-event-handler] state.change.logger                      : [Broker id=0] Creating new partition __consumer_offsets-16 with topic id wjRqmEiHSmOsn7Bavi_w0Q.
2025-07-18T07:37:41.539Z  INFO 27376 --- [r-event-handler] kafka.log.UnifiedLog$                    : [LogLoader partition=__consumer_offsets-16, dir=/tmp/kafka-9291295645755567285/broker_0_data0] Loading producer state till offset 0 with message format version 2
2025-07-18T07:37:41.539Z  INFO 27376 --- [r-event-handler] kafka.log.LogManager                     : Created log for partition __consumer_offsets-16 in /tmp/kafka-9291295645755567285/broker_0_data0/__consumer_offsets-16 with properties {cleanup.policy=compact, compression.type="producer", segment.bytes=104857600}
2025-07-18T07:37:41.540Z  INFO 27376 --- [r-event-handler] kafka.cluster.Partition                  : [Partition __consumer_offsets-16 broker=0] No checkpointed highwatermark is found for partition __consumer_offsets-16
2025-07-18T07:37:41.540Z  INFO 27376 --- [r-event-handler] kafka.cluster.Partition                  : [Partition __consumer_offsets-16 broker=0] Log loaded for partition __consumer_offsets-16 with initial high watermark 0
2025-07-18T07:37:41.540Z  INFO 27376 --- [r-event-handler] state.change.logger                      : [Broker id=0] Leader __consumer_offsets-16 with topic id Some(wjRqmEiHSmOsn7Bavi_w0Q) starts at leader epoch 0 from offset 0 with partition epoch 0, high watermark 0, ISR [0], adding replicas [] and removing replicas [] . Previous leader None and previous leader epoch was -1.
2025-07-18T07:37:41.549Z  INFO 27376 --- [r-event-handler] state.change.logger                      : [Broker id=0] Creating new partition __consumer_offsets-45 with topic id wjRqmEiHSmOsn7Bavi_w0Q.
2025-07-18T07:37:41.553Z  INFO 27376 --- [r-event-handler] kafka.log.UnifiedLog$                    : [LogLoader partition=__consumer_offsets-45, dir=/tmp/kafka-9291295645755567285/broker_0_data0] Loading producer state till offset 0 with message format version 2
2025-07-18T07:37:41.554Z  INFO 27376 --- [r-event-handler] kafka.log.LogManager                     : Created log for partition __consumer_offsets-45 in /tmp/kafka-9291295645755567285/broker_0_data0/__consumer_offsets-45 with properties {cleanup.policy=compact, compression.type="producer", segment.bytes=104857600}
2025-07-18T07:37:41.554Z  INFO 27376 --- [r-event-handler] kafka.cluster.Partition                  : [Partition __consumer_offsets-45 broker=0] No checkpointed highwatermark is found for partition __consumer_offsets-45
2025-07-18T07:37:41.554Z  INFO 27376 --- [r-event-handler] kafka.cluster.Partition                  : [Partition __consumer_offsets-45 broker=0] Log loaded for partition __consumer_offsets-45 with initial high watermark 0
2025-07-18T07:37:41.554Z  INFO 27376 --- [r-event-handler] state.change.logger                      : [Broker id=0] Leader __consumer_offsets-45 with topic id Some(wjRqmEiHSmOsn7Bavi_w0Q) starts at leader epoch 0 from offset 0 with partition epoch 0, high watermark 0, ISR [0], adding replicas [] and removing replicas [] . Previous leader None and previous leader epoch was -1.
2025-07-18T07:37:41.565Z  INFO 27376 --- [r-event-handler] state.change.logger                      : [Broker id=0] Creating new partition __consumer_offsets-12 with topic id wjRqmEiHSmOsn7Bavi_w0Q.
2025-07-18T07:37:41.567Z  INFO 27376 --- [r-event-handler] kafka.log.UnifiedLog$                    : [LogLoader partition=__consumer_offsets-12, dir=/tmp/kafka-9291295645755567285/broker_0_data0] Loading producer state till offset 0 with message format version 2
2025-07-18T07:37:41.568Z  INFO 27376 --- [r-event-handler] kafka.log.LogManager                     : Created log for partition __consumer_offsets-12 in /tmp/kafka-9291295645755567285/broker_0_data0/__consumer_offsets-12 with properties {cleanup.policy=compact, compression.type="producer", segment.bytes=104857600}
2025-07-18T07:37:41.568Z  INFO 27376 --- [r-event-handler] kafka.cluster.Partition                  : [Partition __consumer_offsets-12 broker=0] No checkpointed highwatermark is found for partition __consumer_offsets-12
2025-07-18T07:37:41.568Z  INFO 27376 --- [r-event-handler] kafka.cluster.Partition                  : [Partition __consumer_offsets-12 broker=0] Log loaded for partition __consumer_offsets-12 with initial high watermark 0
2025-07-18T07:37:41.569Z  INFO 27376 --- [r-event-handler] state.change.logger                      : [Broker id=0] Leader __consumer_offsets-12 with topic id Some(wjRqmEiHSmOsn7Bavi_w0Q) starts at leader epoch 0 from offset 0 with partition epoch 0, high watermark 0, ISR [0], adding replicas [] and removing replicas [] . Previous leader None and previous leader epoch was -1.
2025-07-18T07:37:41.579Z  INFO 27376 --- [r-event-handler] state.change.logger                      : [Broker id=0] Creating new partition __consumer_offsets-41 with topic id wjRqmEiHSmOsn7Bavi_w0Q.
2025-07-18T07:37:41.583Z  INFO 27376 --- [r-event-handler] kafka.log.UnifiedLog$                    : [LogLoader partition=__consumer_offsets-41, dir=/tmp/kafka-9291295645755567285/broker_0_data0] Loading producer state till offset 0 with message format version 2
2025-07-18T07:37:41.584Z  INFO 27376 --- [r-event-handler] kafka.log.LogManager                     : Created log for partition __consumer_offsets-41 in /tmp/kafka-9291295645755567285/broker_0_data0/__consumer_offsets-41 with properties {cleanup.policy=compact, compression.type="producer", segment.bytes=104857600}
2025-07-18T07:37:41.584Z  INFO 27376 --- [r-event-handler] kafka.cluster.Partition                  : [Partition __consumer_offsets-41 broker=0] No checkpointed highwatermark is found for partition __consumer_offsets-41
2025-07-18T07:37:41.585Z  INFO 27376 --- [r-event-handler] kafka.cluster.Partition                  : [Partition __consumer_offsets-41 broker=0] Log loaded for partition __consumer_offsets-41 with initial high watermark 0
2025-07-18T07:37:41.585Z  INFO 27376 --- [r-event-handler] state.change.logger                      : [Broker id=0] Leader __consumer_offsets-41 with topic id Some(wjRqmEiHSmOsn7Bavi_w0Q) starts at leader epoch 0 from offset 0 with partition epoch 0, high watermark 0, ISR [0], adding replicas [] and removing replicas [] . Previous leader None and previous leader epoch was -1.
2025-07-18T07:37:41.595Z  INFO 27376 --- [r-event-handler] state.change.logger                      : [Broker id=0] Creating new partition __consumer_offsets-24 with topic id wjRqmEiHSmOsn7Bavi_w0Q.
2025-07-18T07:37:41.599Z  INFO 27376 --- [r-event-handler] kafka.log.UnifiedLog$                    : [LogLoader partition=__consumer_offsets-24, dir=/tmp/kafka-9291295645755567285/broker_0_data0] Loading producer state till offset 0 with message format version 2
2025-07-18T07:37:41.600Z  INFO 27376 --- [r-event-handler] kafka.log.LogManager                     : Created log for partition __consumer_offsets-24 in /tmp/kafka-9291295645755567285/broker_0_data0/__consumer_offsets-24 with properties {cleanup.policy=compact, compression.type="producer", segment.bytes=104857600}
2025-07-18T07:37:41.600Z  INFO 27376 --- [r-event-handler] kafka.cluster.Partition                  : [Partition __consumer_offsets-24 broker=0] No checkpointed highwatermark is found for partition __consumer_offsets-24
2025-07-18T07:37:41.600Z  INFO 27376 --- [r-event-handler] kafka.cluster.Partition                  : [Partition __consumer_offsets-24 broker=0] Log loaded for partition __consumer_offsets-24 with initial high watermark 0
2025-07-18T07:37:41.601Z  INFO 27376 --- [r-event-handler] state.change.logger                      : [Broker id=0] Leader __consumer_offsets-24 with topic id Some(wjRqmEiHSmOsn7Bavi_w0Q) starts at leader epoch 0 from offset 0 with partition epoch 0, high watermark 0, ISR [0], adding replicas [] and removing replicas [] . Previous leader None and previous leader epoch was -1.
2025-07-18T07:37:41.611Z  INFO 27376 --- [r-event-handler] state.change.logger                      : [Broker id=0] Creating new partition __consumer_offsets-20 with topic id wjRqmEiHSmOsn7Bavi_w0Q.
2025-07-18T07:37:41.615Z  INFO 27376 --- [ntainer#0-0-C-1] o.a.k.c.c.internals.ConsumerCoordinator  : [Consumer clientId=consumer-transaction-consumer-group-1, groupId=transaction-consumer-group] Discovered group coordinator localhost:41641 (id: 2147483647 rack: null)
2025-07-18T07:37:41.616Z  INFO 27376 --- [r-event-handler] kafka.log.UnifiedLog$                    : [LogLoader partition=__consumer_offsets-20, dir=/tmp/kafka-9291295645755567285/broker_0_data0] Loading producer state till offset 0 with message format version 2
2025-07-18T07:37:41.616Z  INFO 27376 --- [ntainer#0-0-C-1] o.a.k.c.c.internals.ConsumerCoordinator  : [Consumer clientId=consumer-transaction-consumer-group-1, groupId=transaction-consumer-group] Request joining group due to: rebalance failed due to 'This is not the correct coordinator.' (NotCoordinatorException)
2025-07-18T07:37:41.616Z  INFO 27376 --- [ntainer#0-0-C-1] o.a.k.c.c.internals.ConsumerCoordinator  : [Consumer clientId=consumer-transaction-consumer-group-1, groupId=transaction-consumer-group] (Re-)joining group
2025-07-18T07:37:41.617Z  INFO 27376 --- [r-event-handler] kafka.log.LogManager                     : Created log for partition __consumer_offsets-20 in /tmp/kafka-9291295645755567285/broker_0_data0/__consumer_offsets-20 with properties {cleanup.policy=compact, compression.type="producer", segment.bytes=104857600}
2025-07-18T07:37:41.618Z  INFO 27376 --- [r-event-handler] kafka.cluster.Partition                  : [Partition __consumer_offsets-20 broker=0] No checkpointed highwatermark is found for partition __consumer_offsets-20
2025-07-18T07:37:41.619Z  INFO 27376 --- [r-event-handler] kafka.cluster.Partition                  : [Partition __consumer_offsets-20 broker=0] Log loaded for partition __consumer_offsets-20 with initial high watermark 0
2025-07-18T07:37:41.619Z  INFO 27376 --- [ntainer#0-0-C-1] o.a.k.c.c.internals.ConsumerCoordinator  : [Consumer clientId=consumer-transaction-consumer-group-1, groupId=transaction-consumer-group] Group coordinator localhost:41641 (id: 2147483647 rack: null) is unavailable or invalid due to cause: error response NOT_COORDINATOR. isDisconnected: false. Rediscovery will be attempted.
2025-07-18T07:37:41.620Z  INFO 27376 --- [ntainer#0-0-C-1] o.a.k.c.c.internals.ConsumerCoordinator  : [Consumer clientId=consumer-transaction-consumer-group-1, groupId=transaction-consumer-group] Requesting disconnect from last known coordinator localhost:41641 (id: 2147483647 rack: null)
2025-07-18T07:37:41.620Z  INFO 27376 --- [ntainer#0-0-C-1] o.a.k.c.c.internals.ConsumerCoordinator  : [Consumer clientId=consumer-transaction-consumer-group-1, groupId=transaction-consumer-group] JoinGroup failed: This is not the correct coordinator. Marking coordinator unknown. Sent generation was Generation{generationId=-1, memberId='', protocol='null'}
2025-07-18T07:37:41.620Z  INFO 27376 --- [r-event-handler] state.change.logger                      : [Broker id=0] Leader __consumer_offsets-20 with topic id Some(wjRqmEiHSmOsn7Bavi_w0Q) starts at leader epoch 0 from offset 0 with partition epoch 0, high watermark 0, ISR [0], adding replicas [] and removing replicas [] . Previous leader None and previous leader epoch was -1.
2025-07-18T07:37:41.621Z  INFO 27376 --- [ntainer#0-0-C-1] org.apache.kafka.clients.NetworkClient   : [Consumer clientId=consumer-transaction-consumer-group-1, groupId=transaction-consumer-group] Client requested disconnect from node 2147483647
2025-07-18T07:37:41.625Z  INFO 27376 --- [ntainer#0-0-C-1] o.a.k.c.c.internals.ConsumerCoordinator  : [Consumer clientId=consumer-transaction-consumer-group-1, groupId=transaction-consumer-group] Discovered group coordinator localhost:41641 (id: 2147483647 rack: null)
2025-07-18T07:37:41.625Z  INFO 27376 --- [ntainer#0-0-C-1] o.a.k.c.c.internals.ConsumerCoordinator  : [Consumer clientId=consumer-transaction-consumer-group-1, groupId=transaction-consumer-group] Group coordinator localhost:41641 (id: 2147483647 rack: null) is unavailable or invalid due to cause: coordinator unavailable. isDisconnected: false. Rediscovery will be attempted.
2025-07-18T07:37:41.625Z  INFO 27376 --- [ntainer#0-0-C-1] o.a.k.c.c.internals.ConsumerCoordinator  : [Consumer clientId=consumer-transaction-consumer-group-1, groupId=transaction-consumer-group] Requesting disconnect from last known coordinator localhost:41641 (id: 2147483647 rack: null)
2025-07-18T07:37:41.629Z  INFO 27376 --- [r-event-handler] state.change.logger                      : [Broker id=0] Creating new partition __consumer_offsets-49 with topic id wjRqmEiHSmOsn7Bavi_w0Q.
2025-07-18T07:37:41.634Z  INFO 27376 --- [r-event-handler] kafka.log.UnifiedLog$                    : [LogLoader partition=__consumer_offsets-49, dir=/tmp/kafka-9291295645755567285/broker_0_data0] Loading producer state till offset 0 with message format version 2
2025-07-18T07:37:41.634Z  INFO 27376 --- [r-event-handler] kafka.log.LogManager                     : Created log for partition __consumer_offsets-49 in /tmp/kafka-9291295645755567285/broker_0_data0/__consumer_offsets-49 with properties {cleanup.policy=compact, compression.type="producer", segment.bytes=104857600}
2025-07-18T07:37:41.634Z  INFO 27376 --- [r-event-handler] kafka.cluster.Partition                  : [Partition __consumer_offsets-49 broker=0] No checkpointed highwatermark is found for partition __consumer_offsets-49
2025-07-18T07:37:41.634Z  INFO 27376 --- [r-event-handler] kafka.cluster.Partition                  : [Partition __consumer_offsets-49 broker=0] Log loaded for partition __consumer_offsets-49 with initial high watermark 0
2025-07-18T07:37:41.635Z  INFO 27376 --- [r-event-handler] state.change.logger                      : [Broker id=0] Leader __consumer_offsets-49 with topic id Some(wjRqmEiHSmOsn7Bavi_w0Q) starts at leader epoch 0 from offset 0 with partition epoch 0, high watermark 0, ISR [0], adding replicas [] and removing replicas [] . Previous leader None and previous leader epoch was -1.
2025-07-18T07:37:41.644Z  INFO 27376 --- [r-event-handler] state.change.logger                      : [Broker id=0] Creating new partition __consumer_offsets-0 with topic id wjRqmEiHSmOsn7Bavi_w0Q.
2025-07-18T07:37:41.648Z  INFO 27376 --- [r-event-handler] kafka.log.UnifiedLog$                    : [LogLoader partition=__consumer_offsets-0, dir=/tmp/kafka-9291295645755567285/broker_0_data0] Loading producer state till offset 0 with message format version 2
2025-07-18T07:37:41.649Z  INFO 27376 --- [r-event-handler] kafka.log.LogManager                     : Created log for partition __consumer_offsets-0 in /tmp/kafka-9291295645755567285/broker_0_data0/__consumer_offsets-0 with properties {cleanup.policy=compact, compression.type="producer", segment.bytes=104857600}
2025-07-18T07:37:41.649Z  INFO 27376 --- [r-event-handler] kafka.cluster.Partition                  : [Partition __consumer_offsets-0 broker=0] No checkpointed highwatermark is found for partition __consumer_offsets-0
2025-07-18T07:37:41.649Z  INFO 27376 --- [r-event-handler] kafka.cluster.Partition                  : [Partition __consumer_offsets-0 broker=0] Log loaded for partition __consumer_offsets-0 with initial high watermark 0
2025-07-18T07:37:41.649Z  INFO 27376 --- [r-event-handler] state.change.logger                      : [Broker id=0] Leader __consumer_offsets-0 with topic id Some(wjRqmEiHSmOsn7Bavi_w0Q) starts at leader epoch 0 from offset 0 with partition epoch 0, high watermark 0, ISR [0], adding replicas [] and removing replicas [] . Previous leader None and previous leader epoch was -1.
2025-07-18T07:37:41.659Z  INFO 27376 --- [r-event-handler] state.change.logger                      : [Broker id=0] Creating new partition __consumer_offsets-29 with topic id wjRqmEiHSmOsn7Bavi_w0Q.
2025-07-18T07:37:41.663Z  INFO 27376 --- [r-event-handler] kafka.log.UnifiedLog$                    : [LogLoader partition=__consumer_offsets-29, dir=/tmp/kafka-9291295645755567285/broker_0_data0] Loading producer state till offset 0 with message format version 2
2025-07-18T07:37:41.664Z  INFO 27376 --- [r-event-handler] kafka.log.LogManager                     : Created log for partition __consumer_offsets-29 in /tmp/kafka-9291295645755567285/broker_0_data0/__consumer_offsets-29 with properties {cleanup.policy=compact, compression.type="producer", segment.bytes=104857600}
2025-07-18T07:37:41.664Z  INFO 27376 --- [r-event-handler] kafka.cluster.Partition                  : [Partition __consumer_offsets-29 broker=0] No checkpointed highwatermark is found for partition __consumer_offsets-29
2025-07-18T07:37:41.665Z  INFO 27376 --- [r-event-handler] kafka.cluster.Partition                  : [Partition __consumer_offsets-29 broker=0] Log loaded for partition __consumer_offsets-29 with initial high watermark 0
2025-07-18T07:37:41.665Z  INFO 27376 --- [r-event-handler] state.change.logger                      : [Broker id=0] Leader __consumer_offsets-29 with topic id Some(wjRqmEiHSmOsn7Bavi_w0Q) starts at leader epoch 0 from offset 0 with partition epoch 0, high watermark 0, ISR [0], adding replicas [] and removing replicas [] . Previous leader None and previous leader epoch was -1.
2025-07-18T07:37:41.675Z  INFO 27376 --- [r-event-handler] state.change.logger                      : [Broker id=0] Creating new partition __consumer_offsets-25 with topic id wjRqmEiHSmOsn7Bavi_w0Q.
2025-07-18T07:37:41.678Z  INFO 27376 --- [r-event-handler] kafka.log.UnifiedLog$                    : [LogLoader partition=__consumer_offsets-25, dir=/tmp/kafka-9291295645755567285/broker_0_data0] Loading producer state till offset 0 with message format version 2
2025-07-18T07:37:41.679Z  INFO 27376 --- [r-event-handler] kafka.log.LogManager                     : Created log for partition __consumer_offsets-25 in /tmp/kafka-9291295645755567285/broker_0_data0/__consumer_offsets-25 with properties {cleanup.policy=compact, compression.type="producer", segment.bytes=104857600}
2025-07-18T07:37:41.679Z  INFO 27376 --- [r-event-handler] kafka.cluster.Partition                  : [Partition __consumer_offsets-25 broker=0] No checkpointed highwatermark is found for partition __consumer_offsets-25
2025-07-18T07:37:41.679Z  INFO 27376 --- [r-event-handler] kafka.cluster.Partition                  : [Partition __consumer_offsets-25 broker=0] Log loaded for partition __consumer_offsets-25 with initial high watermark 0
2025-07-18T07:37:41.679Z  INFO 27376 --- [r-event-handler] state.change.logger                      : [Broker id=0] Leader __consumer_offsets-25 with topic id Some(wjRqmEiHSmOsn7Bavi_w0Q) starts at leader epoch 0 from offset 0 with partition epoch 0, high watermark 0, ISR [0], adding replicas [] and removing replicas [] . Previous leader None and previous leader epoch was -1.
2025-07-18T07:37:41.690Z  INFO 27376 --- [r-event-handler] state.change.logger                      : [Broker id=0] Creating new partition __consumer_offsets-8 with topic id wjRqmEiHSmOsn7Bavi_w0Q.
2025-07-18T07:37:41.693Z  INFO 27376 --- [r-event-handler] kafka.log.UnifiedLog$                    : [LogLoader partition=__consumer_offsets-8, dir=/tmp/kafka-9291295645755567285/broker_0_data0] Loading producer state till offset 0 with message format version 2
2025-07-18T07:37:41.694Z  INFO 27376 --- [r-event-handler] kafka.log.LogManager                     : Created log for partition __consumer_offsets-8 in /tmp/kafka-9291295645755567285/broker_0_data0/__consumer_offsets-8 with properties {cleanup.policy=compact, compression.type="producer", segment.bytes=104857600}
2025-07-18T07:37:41.694Z  INFO 27376 --- [r-event-handler] kafka.cluster.Partition                  : [Partition __consumer_offsets-8 broker=0] No checkpointed highwatermark is found for partition __consumer_offsets-8
2025-07-18T07:37:41.694Z  INFO 27376 --- [r-event-handler] kafka.cluster.Partition                  : [Partition __consumer_offsets-8 broker=0] Log loaded for partition __consumer_offsets-8 with initial high watermark 0
2025-07-18T07:37:41.695Z  INFO 27376 --- [r-event-handler] state.change.logger                      : [Broker id=0] Leader __consumer_offsets-8 with topic id Some(wjRqmEiHSmOsn7Bavi_w0Q) starts at leader epoch 0 from offset 0 with partition epoch 0, high watermark 0, ISR [0], adding replicas [] and removing replicas [] . Previous leader None and previous leader epoch was -1.
2025-07-18T07:37:41.705Z  INFO 27376 --- [r-event-handler] state.change.logger                      : [Broker id=0] Creating new partition __consumer_offsets-37 with topic id wjRqmEiHSmOsn7Bavi_w0Q.
2025-07-18T07:37:41.708Z  INFO 27376 --- [r-event-handler] kafka.log.UnifiedLog$                    : [LogLoader partition=__consumer_offsets-37, dir=/tmp/kafka-9291295645755567285/broker_0_data0] Loading producer state till offset 0 with message format version 2
2025-07-18T07:37:41.709Z  INFO 27376 --- [r-event-handler] kafka.log.LogManager                     : Created log for partition __consumer_offsets-37 in /tmp/kafka-9291295645755567285/broker_0_data0/__consumer_offsets-37 with properties {cleanup.policy=compact, compression.type="producer", segment.bytes=104857600}
2025-07-18T07:37:41.709Z  INFO 27376 --- [r-event-handler] kafka.cluster.Partition                  : [Partition __consumer_offsets-37 broker=0] No checkpointed highwatermark is found for partition __consumer_offsets-37
2025-07-18T07:37:41.709Z  INFO 27376 --- [r-event-handler] kafka.cluster.Partition                  : [Partition __consumer_offsets-37 broker=0] Log loaded for partition __consumer_offsets-37 with initial high watermark 0
2025-07-18T07:37:41.709Z  INFO 27376 --- [r-event-handler] state.change.logger                      : [Broker id=0] Leader __consumer_offsets-37 with topic id Some(wjRqmEiHSmOsn7Bavi_w0Q) starts at leader epoch 0 from offset 0 with partition epoch 0, high watermark 0, ISR [0], adding replicas [] and removing replicas [] . Previous leader None and previous leader epoch was -1.
2025-07-18T07:37:41.719Z  INFO 27376 --- [r-event-handler] state.change.logger                      : [Broker id=0] Creating new partition __consumer_offsets-4 with topic id wjRqmEiHSmOsn7Bavi_w0Q.
2025-07-18T07:37:41.723Z  INFO 27376 --- [r-event-handler] kafka.log.UnifiedLog$                    : [LogLoader partition=__consumer_offsets-4, dir=/tmp/kafka-9291295645755567285/broker_0_data0] Loading producer state till offset 0 with message format version 2
2025-07-18T07:37:41.723Z  INFO 27376 --- [r-event-handler] kafka.log.LogManager                     : Created log for partition __consumer_offsets-4 in /tmp/kafka-9291295645755567285/broker_0_data0/__consumer_offsets-4 with properties {cleanup.policy=compact, compression.type="producer", segment.bytes=104857600}
2025-07-18T07:37:41.723Z  INFO 27376 --- [r-event-handler] kafka.cluster.Partition                  : [Partition __consumer_offsets-4 broker=0] No checkpointed highwatermark is found for partition __consumer_offsets-4
2025-07-18T07:37:41.723Z  INFO 27376 --- [r-event-handler] kafka.cluster.Partition                  : [Partition __consumer_offsets-4 broker=0] Log loaded for partition __consumer_offsets-4 with initial high watermark 0
2025-07-18T07:37:41.724Z  INFO 27376 --- [r-event-handler] state.change.logger                      : [Broker id=0] Leader __consumer_offsets-4 with topic id Some(wjRqmEiHSmOsn7Bavi_w0Q) starts at leader epoch 0 from offset 0 with partition epoch 0, high watermark 0, ISR [0], adding replicas [] and removing replicas [] . Previous leader None and previous leader epoch was -1.
2025-07-18T07:37:41.727Z  INFO 27376 --- [ntainer#0-0-C-1] o.a.k.c.c.internals.ConsumerCoordinator  : [Consumer clientId=consumer-transaction-consumer-group-1, groupId=transaction-consumer-group] Discovered group coordinator localhost:41641 (id: 2147483647 rack: null)
2025-07-18T07:37:41.728Z  INFO 27376 --- [ntainer#0-0-C-1] o.a.k.c.c.internals.ConsumerCoordinator  : [Consumer clientId=consumer-transaction-consumer-group-1, groupId=transaction-consumer-group] Request joining group due to: rebalance failed due to 'This is not the correct coordinator.' (NotCoordinatorException)
2025-07-18T07:37:41.728Z  INFO 27376 --- [ntainer#0-0-C-1] o.a.k.c.c.internals.ConsumerCoordinator  : [Consumer clientId=consumer-transaction-consumer-group-1, groupId=transaction-consumer-group] (Re-)joining group
2025-07-18T07:37:41.731Z  INFO 27376 --- [ntainer#0-0-C-1] o.a.k.c.c.internals.ConsumerCoordinator  : [Consumer clientId=consumer-transaction-consumer-group-1, groupId=transaction-consumer-group] Group coordinator localhost:41641 (id: 2147483647 rack: null) is unavailable or invalid due to cause: error response NOT_COORDINATOR. isDisconnected: false. Rediscovery will be attempted.
2025-07-18T07:37:41.731Z  INFO 27376 --- [ntainer#0-0-C-1] o.a.k.c.c.internals.ConsumerCoordinator  : [Consumer clientId=consumer-transaction-consumer-group-1, groupId=transaction-consumer-group] Requesting disconnect from last known coordinator localhost:41641 (id: 2147483647 rack: null)
2025-07-18T07:37:41.731Z  INFO 27376 --- [ntainer#0-0-C-1] o.a.k.c.c.internals.ConsumerCoordinator  : [Consumer clientId=consumer-transaction-consumer-group-1, groupId=transaction-consumer-group] JoinGroup failed: This is not the correct coordinator. Marking coordinator unknown. Sent generation was Generation{generationId=-1, memberId='', protocol='null'}
2025-07-18T07:37:41.732Z  INFO 27376 --- [ntainer#0-0-C-1] org.apache.kafka.clients.NetworkClient   : [Consumer clientId=consumer-transaction-consumer-group-1, groupId=transaction-consumer-group] Client requested disconnect from node 2147483647
2025-07-18T07:37:41.734Z  INFO 27376 --- [ntainer#0-0-C-1] o.a.k.c.c.internals.ConsumerCoordinator  : [Consumer clientId=consumer-transaction-consumer-group-1, groupId=transaction-consumer-group] Discovered group coordinator localhost:41641 (id: 2147483647 rack: null)
2025-07-18T07:37:41.734Z  INFO 27376 --- [ntainer#0-0-C-1] o.a.k.c.c.internals.ConsumerCoordinator  : [Consumer clientId=consumer-transaction-consumer-group-1, groupId=transaction-consumer-group] Group coordinator localhost:41641 (id: 2147483647 rack: null) is unavailable or invalid due to cause: coordinator unavailable. isDisconnected: false. Rediscovery will be attempted.
2025-07-18T07:37:41.734Z  INFO 27376 --- [ntainer#0-0-C-1] o.a.k.c.c.internals.ConsumerCoordinator  : [Consumer clientId=consumer-transaction-consumer-group-1, groupId=transaction-consumer-group] Requesting disconnect from last known coordinator localhost:41641 (id: 2147483647 rack: null)
2025-07-18T07:37:41.734Z  INFO 27376 --- [r-event-handler] state.change.logger                      : [Broker id=0] Creating new partition __consumer_offsets-33 with topic id wjRqmEiHSmOsn7Bavi_w0Q.
2025-07-18T07:37:41.737Z  INFO 27376 --- [r-event-handler] kafka.log.UnifiedLog$                    : [LogLoader partition=__consumer_offsets-33, dir=/tmp/kafka-9291295645755567285/broker_0_data0] Loading producer state till offset 0 with message format version 2
2025-07-18T07:37:41.738Z  INFO 27376 --- [r-event-handler] kafka.log.LogManager                     : Created log for partition __consumer_offsets-33 in /tmp/kafka-9291295645755567285/broker_0_data0/__consumer_offsets-33 with properties {cleanup.policy=compact, compression.type="producer", segment.bytes=104857600}
2025-07-18T07:37:41.738Z  INFO 27376 --- [r-event-handler] kafka.cluster.Partition                  : [Partition __consumer_offsets-33 broker=0] No checkpointed highwatermark is found for partition __consumer_offsets-33
2025-07-18T07:37:41.738Z  INFO 27376 --- [r-event-handler] kafka.cluster.Partition                  : [Partition __consumer_offsets-33 broker=0] Log loaded for partition __consumer_offsets-33 with initial high watermark 0
2025-07-18T07:37:41.738Z  INFO 27376 --- [r-event-handler] state.change.logger                      : [Broker id=0] Leader __consumer_offsets-33 with topic id Some(wjRqmEiHSmOsn7Bavi_w0Q) starts at leader epoch 0 from offset 0 with partition epoch 0, high watermark 0, ISR [0], adding replicas [] and removing replicas [] . Previous leader None and previous leader epoch was -1.
2025-07-18T07:37:41.748Z  INFO 27376 --- [r-event-handler] state.change.logger                      : [Broker id=0] Creating new partition __consumer_offsets-15 with topic id wjRqmEiHSmOsn7Bavi_w0Q.
2025-07-18T07:37:41.751Z  INFO 27376 --- [r-event-handler] kafka.log.UnifiedLog$                    : [LogLoader partition=__consumer_offsets-15, dir=/tmp/kafka-9291295645755567285/broker_0_data0] Loading producer state till offset 0 with message format version 2
2025-07-18T07:37:41.751Z  INFO 27376 --- [r-event-handler] kafka.log.LogManager                     : Created log for partition __consumer_offsets-15 in /tmp/kafka-9291295645755567285/broker_0_data0/__consumer_offsets-15 with properties {cleanup.policy=compact, compression.type="producer", segment.bytes=104857600}
2025-07-18T07:37:41.751Z  INFO 27376 --- [r-event-handler] kafka.cluster.Partition                  : [Partition __consumer_offsets-15 broker=0] No checkpointed highwatermark is found for partition __consumer_offsets-15
2025-07-18T07:37:41.751Z  INFO 27376 --- [r-event-handler] kafka.cluster.Partition                  : [Partition __consumer_offsets-15 broker=0] Log loaded for partition __consumer_offsets-15 with initial high watermark 0
2025-07-18T07:37:41.752Z  INFO 27376 --- [r-event-handler] state.change.logger                      : [Broker id=0] Leader __consumer_offsets-15 with topic id Some(wjRqmEiHSmOsn7Bavi_w0Q) starts at leader epoch 0 from offset 0 with partition epoch 0, high watermark 0, ISR [0], adding replicas [] and removing replicas [] . Previous leader None and previous leader epoch was -1.
2025-07-18T07:37:41.762Z  INFO 27376 --- [r-event-handler] state.change.logger                      : [Broker id=0] Creating new partition __consumer_offsets-48 with topic id wjRqmEiHSmOsn7Bavi_w0Q.
2025-07-18T07:37:41.764Z  INFO 27376 --- [r-event-handler] kafka.log.UnifiedLog$                    : [LogLoader partition=__consumer_offsets-48, dir=/tmp/kafka-9291295645755567285/broker_0_data0] Loading producer state till offset 0 with message format version 2
2025-07-18T07:37:41.764Z  INFO 27376 --- [r-event-handler] kafka.log.LogManager                     : Created log for partition __consumer_offsets-48 in /tmp/kafka-9291295645755567285/broker_0_data0/__consumer_offsets-48 with properties {cleanup.policy=compact, compression.type="producer", segment.bytes=104857600}
2025-07-18T07:37:41.765Z  INFO 27376 --- [r-event-handler] kafka.cluster.Partition                  : [Partition __consumer_offsets-48 broker=0] No checkpointed highwatermark is found for partition __consumer_offsets-48
2025-07-18T07:37:41.765Z  INFO 27376 --- [r-event-handler] kafka.cluster.Partition                  : [Partition __consumer_offsets-48 broker=0] Log loaded for partition __consumer_offsets-48 with initial high watermark 0
2025-07-18T07:37:41.765Z  INFO 27376 --- [r-event-handler] state.change.logger                      : [Broker id=0] Leader __consumer_offsets-48 with topic id Some(wjRqmEiHSmOsn7Bavi_w0Q) starts at leader epoch 0 from offset 0 with partition epoch 0, high watermark 0, ISR [0], adding replicas [] and removing replicas [] . Previous leader None and previous leader epoch was -1.
2025-07-18T07:37:41.776Z  INFO 27376 --- [r-event-handler] state.change.logger                      : [Broker id=0] Creating new partition __consumer_offsets-11 with topic id wjRqmEiHSmOsn7Bavi_w0Q.
2025-07-18T07:37:41.834Z  INFO 27376 --- [r-event-handler] kafka.log.UnifiedLog$                    : [LogLoader partition=__consumer_offsets-11, dir=/tmp/kafka-9291295645755567285/broker_0_data0] Loading producer state till offset 0 with message format version 2
2025-07-18T07:37:41.835Z  INFO 27376 --- [r-event-handler] kafka.log.LogManager                     : Created log for partition __consumer_offsets-11 in /tmp/kafka-9291295645755567285/broker_0_data0/__consumer_offsets-11 with properties {cleanup.policy=compact, compression.type="producer", segment.bytes=104857600}
2025-07-18T07:37:41.835Z  INFO 27376 --- [r-event-handler] kafka.cluster.Partition                  : [Partition __consumer_offsets-11 broker=0] No checkpointed highwatermark is found for partition __consumer_offsets-11
2025-07-18T07:37:41.836Z  INFO 27376 --- [r-event-handler] kafka.cluster.Partition                  : [Partition __consumer_offsets-11 broker=0] Log loaded for partition __consumer_offsets-11 with initial high watermark 0
2025-07-18T07:37:41.836Z  INFO 27376 --- [r-event-handler] state.change.logger                      : [Broker id=0] Leader __consumer_offsets-11 with topic id Some(wjRqmEiHSmOsn7Bavi_w0Q) starts at leader epoch 0 from offset 0 with partition epoch 0, high watermark 0, ISR [0], adding replicas [] and removing replicas [] . Previous leader None and previous leader epoch was -1.
2025-07-18T07:37:41.837Z  INFO 27376 --- [ntainer#0-0-C-1] o.a.k.c.c.internals.ConsumerCoordinator  : [Consumer clientId=consumer-transaction-consumer-group-1, groupId=transaction-consumer-group] Discovered group coordinator localhost:41641 (id: 2147483647 rack: null)
2025-07-18T07:37:41.837Z  INFO 27376 --- [ntainer#0-0-C-1] o.a.k.c.c.internals.ConsumerCoordinator  : [Consumer clientId=consumer-transaction-consumer-group-1, groupId=transaction-consumer-group] Request joining group due to: rebalance failed due to 'This is not the correct coordinator.' (NotCoordinatorException)
2025-07-18T07:37:41.838Z  INFO 27376 --- [ntainer#0-0-C-1] o.a.k.c.c.internals.ConsumerCoordinator  : [Consumer clientId=consumer-transaction-consumer-group-1, groupId=transaction-consumer-group] (Re-)joining group
2025-07-18T07:37:41.840Z  INFO 27376 --- [ntainer#0-0-C-1] o.a.k.c.c.internals.ConsumerCoordinator  : [Consumer clientId=consumer-transaction-consumer-group-1, groupId=transaction-consumer-group] Group coordinator localhost:41641 (id: 2147483647 rack: null) is unavailable or invalid due to cause: error response NOT_COORDINATOR. isDisconnected: false. Rediscovery will be attempted.
2025-07-18T07:37:41.840Z  INFO 27376 --- [ntainer#0-0-C-1] o.a.k.c.c.internals.ConsumerCoordinator  : [Consumer clientId=consumer-transaction-consumer-group-1, groupId=transaction-consumer-group] Requesting disconnect from last known coordinator localhost:41641 (id: 2147483647 rack: null)
2025-07-18T07:37:41.840Z  INFO 27376 --- [ntainer#0-0-C-1] o.a.k.c.c.internals.ConsumerCoordinator  : [Consumer clientId=consumer-transaction-consumer-group-1, groupId=transaction-consumer-group] JoinGroup failed: This is not the correct coordinator. Marking coordinator unknown. Sent generation was Generation{generationId=-1, memberId='', protocol='null'}
2025-07-18T07:37:41.841Z  INFO 27376 --- [ntainer#0-0-C-1] org.apache.kafka.clients.NetworkClient   : [Consumer clientId=consumer-transaction-consumer-group-1, groupId=transaction-consumer-group] Client requested disconnect from node 2147483647
2025-07-18T07:37:41.842Z  INFO 27376 --- [ntainer#0-0-C-1] o.a.k.c.c.internals.ConsumerCoordinator  : [Consumer clientId=consumer-transaction-consumer-group-1, groupId=transaction-consumer-group] Discovered group coordinator localhost:41641 (id: 2147483647 rack: null)
2025-07-18T07:37:41.843Z  INFO 27376 --- [ntainer#0-0-C-1] o.a.k.c.c.internals.ConsumerCoordinator  : [Consumer clientId=consumer-transaction-consumer-group-1, groupId=transaction-consumer-group] Group coordinator localhost:41641 (id: 2147483647 rack: null) is unavailable or invalid due to cause: coordinator unavailable. isDisconnected: false. Rediscovery will be attempted.
2025-07-18T07:37:41.843Z  INFO 27376 --- [ntainer#0-0-C-1] o.a.k.c.c.internals.ConsumerCoordinator  : [Consumer clientId=consumer-transaction-consumer-group-1, groupId=transaction-consumer-group] Requesting disconnect from last known coordinator localhost:41641 (id: 2147483647 rack: null)
2025-07-18T07:37:41.847Z  INFO 27376 --- [r-event-handler] state.change.logger                      : [Broker id=0] Creating new partition __consumer_offsets-44 with topic id wjRqmEiHSmOsn7Bavi_w0Q.
2025-07-18T07:37:41.850Z  INFO 27376 --- [r-event-handler] kafka.log.UnifiedLog$                    : [LogLoader partition=__consumer_offsets-44, dir=/tmp/kafka-9291295645755567285/broker_0_data0] Loading producer state till offset 0 with message format version 2
2025-07-18T07:37:41.851Z  INFO 27376 --- [r-event-handler] kafka.log.LogManager                     : Created log for partition __consumer_offsets-44 in /tmp/kafka-9291295645755567285/broker_0_data0/__consumer_offsets-44 with properties {cleanup.policy=compact, compression.type="producer", segment.bytes=104857600}
2025-07-18T07:37:41.851Z  INFO 27376 --- [r-event-handler] kafka.cluster.Partition                  : [Partition __consumer_offsets-44 broker=0] No checkpointed highwatermark is found for partition __consumer_offsets-44
2025-07-18T07:37:41.851Z  INFO 27376 --- [r-event-handler] kafka.cluster.Partition                  : [Partition __consumer_offsets-44 broker=0] Log loaded for partition __consumer_offsets-44 with initial high watermark 0
2025-07-18T07:37:41.852Z  INFO 27376 --- [r-event-handler] state.change.logger                      : [Broker id=0] Leader __consumer_offsets-44 with topic id Some(wjRqmEiHSmOsn7Bavi_w0Q) starts at leader epoch 0 from offset 0 with partition epoch 0, high watermark 0, ISR [0], adding replicas [] and removing replicas [] . Previous leader None and previous leader epoch was -1.
2025-07-18T07:37:41.862Z  INFO 27376 --- [r-event-handler] state.change.logger                      : [Broker id=0] Creating new partition __consumer_offsets-23 with topic id wjRqmEiHSmOsn7Bavi_w0Q.
2025-07-18T07:37:41.865Z  INFO 27376 --- [r-event-handler] kafka.log.UnifiedLog$                    : [LogLoader partition=__consumer_offsets-23, dir=/tmp/kafka-9291295645755567285/broker_0_data0] Loading producer state till offset 0 with message format version 2
2025-07-18T07:37:41.866Z  INFO 27376 --- [r-event-handler] kafka.log.LogManager                     : Created log for partition __consumer_offsets-23 in /tmp/kafka-9291295645755567285/broker_0_data0/__consumer_offsets-23 with properties {cleanup.policy=compact, compression.type="producer", segment.bytes=104857600}
2025-07-18T07:37:41.866Z  INFO 27376 --- [r-event-handler] kafka.cluster.Partition                  : [Partition __consumer_offsets-23 broker=0] No checkpointed highwatermark is found for partition __consumer_offsets-23
2025-07-18T07:37:41.866Z  INFO 27376 --- [r-event-handler] kafka.cluster.Partition                  : [Partition __consumer_offsets-23 broker=0] Log loaded for partition __consumer_offsets-23 with initial high watermark 0
2025-07-18T07:37:41.866Z  INFO 27376 --- [r-event-handler] state.change.logger                      : [Broker id=0] Leader __consumer_offsets-23 with topic id Some(wjRqmEiHSmOsn7Bavi_w0Q) starts at leader epoch 0 from offset 0 with partition epoch 0, high watermark 0, ISR [0], adding replicas [] and removing replicas [] . Previous leader None and previous leader epoch was -1.
2025-07-18T07:37:41.878Z  INFO 27376 --- [r-event-handler] state.change.logger                      : [Broker id=0] Creating new partition __consumer_offsets-19 with topic id wjRqmEiHSmOsn7Bavi_w0Q.
2025-07-18T07:37:41.881Z  INFO 27376 --- [r-event-handler] kafka.log.UnifiedLog$                    : [LogLoader partition=__consumer_offsets-19, dir=/tmp/kafka-9291295645755567285/broker_0_data0] Loading producer state till offset 0 with message format version 2
2025-07-18T07:37:41.881Z  INFO 27376 --- [r-event-handler] kafka.log.LogManager                     : Created log for partition __consumer_offsets-19 in /tmp/kafka-9291295645755567285/broker_0_data0/__consumer_offsets-19 with properties {cleanup.policy=compact, compression.type="producer", segment.bytes=104857600}
2025-07-18T07:37:41.881Z  INFO 27376 --- [r-event-handler] kafka.cluster.Partition                  : [Partition __consumer_offsets-19 broker=0] No checkpointed highwatermark is found for partition __consumer_offsets-19
2025-07-18T07:37:41.881Z  INFO 27376 --- [r-event-handler] kafka.cluster.Partition                  : [Partition __consumer_offsets-19 broker=0] Log loaded for partition __consumer_offsets-19 with initial high watermark 0
2025-07-18T07:37:41.881Z  INFO 27376 --- [r-event-handler] state.change.logger                      : [Broker id=0] Leader __consumer_offsets-19 with topic id Some(wjRqmEiHSmOsn7Bavi_w0Q) starts at leader epoch 0 from offset 0 with partition epoch 0, high watermark 0, ISR [0], adding replicas [] and removing replicas [] . Previous leader None and previous leader epoch was -1.
2025-07-18T07:37:41.893Z  INFO 27376 --- [r-event-handler] state.change.logger                      : [Broker id=0] Creating new partition __consumer_offsets-32 with topic id wjRqmEiHSmOsn7Bavi_w0Q.
2025-07-18T07:37:41.896Z  INFO 27376 --- [r-event-handler] kafka.log.UnifiedLog$                    : [LogLoader partition=__consumer_offsets-32, dir=/tmp/kafka-9291295645755567285/broker_0_data0] Loading producer state till offset 0 with message format version 2
2025-07-18T07:37:41.897Z  INFO 27376 --- [r-event-handler] kafka.log.LogManager                     : Created log for partition __consumer_offsets-32 in /tmp/kafka-9291295645755567285/broker_0_data0/__consumer_offsets-32 with properties {cleanup.policy=compact, compression.type="producer", segment.bytes=104857600}
2025-07-18T07:37:41.897Z  INFO 27376 --- [r-event-handler] kafka.cluster.Partition                  : [Partition __consumer_offsets-32 broker=0] No checkpointed highwatermark is found for partition __consumer_offsets-32
2025-07-18T07:37:41.897Z  INFO 27376 --- [r-event-handler] kafka.cluster.Partition                  : [Partition __consumer_offsets-32 broker=0] Log loaded for partition __consumer_offsets-32 with initial high watermark 0
2025-07-18T07:37:41.897Z  INFO 27376 --- [r-event-handler] state.change.logger                      : [Broker id=0] Leader __consumer_offsets-32 with topic id Some(wjRqmEiHSmOsn7Bavi_w0Q) starts at leader epoch 0 from offset 0 with partition epoch 0, high watermark 0, ISR [0], adding replicas [] and removing replicas [] . Previous leader None and previous leader epoch was -1.
2025-07-18T07:37:41.909Z  INFO 27376 --- [r-event-handler] state.change.logger                      : [Broker id=0] Creating new partition __consumer_offsets-28 with topic id wjRqmEiHSmOsn7Bavi_w0Q.
2025-07-18T07:37:41.912Z  INFO 27376 --- [r-event-handler] kafka.log.UnifiedLog$                    : [LogLoader partition=__consumer_offsets-28, dir=/tmp/kafka-9291295645755567285/broker_0_data0] Loading producer state till offset 0 with message format version 2
2025-07-18T07:37:41.913Z  INFO 27376 --- [r-event-handler] kafka.log.LogManager                     : Created log for partition __consumer_offsets-28 in /tmp/kafka-9291295645755567285/broker_0_data0/__consumer_offsets-28 with properties {cleanup.policy=compact, compression.type="producer", segment.bytes=104857600}
2025-07-18T07:37:41.913Z  INFO 27376 --- [r-event-handler] kafka.cluster.Partition                  : [Partition __consumer_offsets-28 broker=0] No checkpointed highwatermark is found for partition __consumer_offsets-28
2025-07-18T07:37:41.913Z  INFO 27376 --- [r-event-handler] kafka.cluster.Partition                  : [Partition __consumer_offsets-28 broker=0] Log loaded for partition __consumer_offsets-28 with initial high watermark 0
2025-07-18T07:37:41.913Z  INFO 27376 --- [r-event-handler] state.change.logger                      : [Broker id=0] Leader __consumer_offsets-28 with topic id Some(wjRqmEiHSmOsn7Bavi_w0Q) starts at leader epoch 0 from offset 0 with partition epoch 0, high watermark 0, ISR [0], adding replicas [] and removing replicas [] . Previous leader None and previous leader epoch was -1.
2025-07-18T07:37:41.915Z  INFO 27376 --- [           main] o.a.k.clients.producer.ProducerConfig    : ProducerConfig values: 
	acks = -1
	auto.include.jmx.reporter = true
	batch.size = 16384
	bootstrap.servers = [localhost:41641]
	buffer.memory = 33554432
	client.dns.lookup = use_all_dns_ips
	client.id = producer-1
	compression.type = none
	connections.max.idle.ms = 540000
	delivery.timeout.ms = 120000
	enable.idempotence = true
	interceptor.classes = []
	key.serializer = class org.apache.kafka.common.serialization.StringSerializer
	linger.ms = 0
	max.block.ms = 60000
	max.in.flight.requests.per.connection = 5
	max.request.size = 1048576
	metadata.max.age.ms = 300000
	metadata.max.idle.ms = 300000
	metric.reporters = []
	metrics.num.samples = 2
	metrics.recording.level = INFO
	metrics.sample.window.ms = 30000
	partitioner.adaptive.partitioning.enable = true
	partitioner.availability.timeout.ms = 0
	partitioner.class = null
	partitioner.ignore.keys = false
	receive.buffer.bytes = 32768
	reconnect.backoff.max.ms = 1000
	reconnect.backoff.ms = 50
	request.timeout.ms = 30000
	retries = 2147483647
	retry.backoff.ms = 100
	sasl.client.callback.handler.class = null
	sasl.jaas.config = null
	sasl.kerberos.kinit.cmd = /usr/bin/kinit
	sasl.kerberos.min.time.before.relogin = 60000
	sasl.kerberos.service.name = null
	sasl.kerberos.ticket.renew.jitter = 0.05
	sasl.kerberos.ticket.renew.window.factor = 0.8
	sasl.login.callback.handler.class = null
	sasl.login.class = null
	sasl.login.connect.timeout.ms = null
	sasl.login.read.timeout.ms = null
	sasl.login.refresh.buffer.seconds = 300
	sasl.login.refresh.min.period.seconds = 60
	sasl.login.refresh.window.factor = 0.8
	sasl.login.refresh.window.jitter = 0.05
	sasl.login.retry.backoff.max.ms = 10000
	sasl.login.retry.backoff.ms = 100
	sasl.mechanism = GSSAPI
	sasl.oauthbearer.clock.skew.seconds = 30
	sasl.oauthbearer.expected.audience = null
	sasl.oauthbearer.expected.issuer = null
	sasl.oauthbearer.jwks.endpoint.refresh.ms = 3600000
	sasl.oauthbearer.jwks.endpoint.retry.backoff.max.ms = 10000
	sasl.oauthbearer.jwks.endpoint.retry.backoff.ms = 100
	sasl.oauthbearer.jwks.endpoint.url = null
	sasl.oauthbearer.scope.claim.name = scope
	sasl.oauthbearer.sub.claim.name = sub
	sasl.oauthbearer.token.endpoint.url = null
	security.protocol = PLAINTEXT
	security.providers = null
	send.buffer.bytes = 131072
	socket.connection.setup.timeout.max.ms = 30000
	socket.connection.setup.timeout.ms = 10000
	ssl.cipher.suites = null
	ssl.enabled.protocols = [TLSv1.2, TLSv1.3]
	ssl.endpoint.identification.algorithm = https
	ssl.engine.factory.class = null
	ssl.key.password = null
	ssl.keymanager.algorithm = SunX509
	ssl.keystore.certificate.chain = null
	ssl.keystore.key = null
	ssl.keystore.location = null
	ssl.keystore.password = null
	ssl.keystore.type = JKS
	ssl.protocol = TLSv1.3
	ssl.provider = null
	ssl.secure.random.implementation = null
	ssl.trustmanager.algorithm = PKIX
	ssl.truststore.certificates = null
	ssl.truststore.location = null
	ssl.truststore.password = null
	ssl.truststore.type = JKS
	transaction.timeout.ms = 60000
	transactional.id = null
	value.serializer = class org.springframework.kafka.support.serializer.JsonSerializer

2025-07-18T07:37:41.924Z  INFO 27376 --- [r-event-handler] state.change.logger                      : [Broker id=0] Creating new partition __consumer_offsets-7 with topic id wjRqmEiHSmOsn7Bavi_w0Q.
2025-07-18T07:37:41.924Z  INFO 27376 --- [           main] o.a.k.clients.producer.KafkaProducer     : [Producer clientId=producer-1] Instantiated an idempotent producer.
2025-07-18T07:37:41.926Z  INFO 27376 --- [r-event-handler] kafka.log.UnifiedLog$                    : [LogLoader partition=__consumer_offsets-7, dir=/tmp/kafka-9291295645755567285/broker_0_data0] Loading producer state till offset 0 with message format version 2
2025-07-18T07:37:41.927Z  INFO 27376 --- [r-event-handler] kafka.log.LogManager                     : Created log for partition __consumer_offsets-7 in /tmp/kafka-9291295645755567285/broker_0_data0/__consumer_offsets-7 with properties {cleanup.policy=compact, compression.type="producer", segment.bytes=104857600}
2025-07-18T07:37:41.927Z  INFO 27376 --- [r-event-handler] kafka.cluster.Partition                  : [Partition __consumer_offsets-7 broker=0] No checkpointed highwatermark is found for partition __consumer_offsets-7
2025-07-18T07:37:41.927Z  INFO 27376 --- [r-event-handler] kafka.cluster.Partition                  : [Partition __consumer_offsets-7 broker=0] Log loaded for partition __consumer_offsets-7 with initial high watermark 0
2025-07-18T07:37:41.927Z  INFO 27376 --- [r-event-handler] state.change.logger                      : [Broker id=0] Leader __consumer_offsets-7 with topic id Some(wjRqmEiHSmOsn7Bavi_w0Q) starts at leader epoch 0 from offset 0 with partition epoch 0, high watermark 0, ISR [0], adding replicas [] and removing replicas [] . Previous leader None and previous leader epoch was -1.
2025-07-18T07:37:41.935Z  INFO 27376 --- [           main] o.a.kafka.common.utils.AppInfoParser     : Kafka version: 3.6.2
2025-07-18T07:37:41.935Z  INFO 27376 --- [           main] o.a.kafka.common.utils.AppInfoParser     : Kafka commitId: c4deed513057c94e
2025-07-18T07:37:41.935Z  INFO 27376 --- [           main] o.a.kafka.common.utils.AppInfoParser     : Kafka startTimeMs: 1752824261935
2025-07-18T07:37:41.937Z  INFO 27376 --- [r-event-handler] state.change.logger                      : [Broker id=0] Creating new partition __consumer_offsets-40 with topic id wjRqmEiHSmOsn7Bavi_w0Q.
2025-07-18T07:37:41.939Z  INFO 27376 --- [r-event-handler] kafka.log.UnifiedLog$                    : [LogLoader partition=__consumer_offsets-40, dir=/tmp/kafka-9291295645755567285/broker_0_data0] Loading producer state till offset 0 with message format version 2
2025-07-18T07:37:41.940Z  INFO 27376 --- [r-event-handler] kafka.log.LogManager                     : Created log for partition __consumer_offsets-40 in /tmp/kafka-9291295645755567285/broker_0_data0/__consumer_offsets-40 with properties {cleanup.policy=compact, compression.type="producer", segment.bytes=104857600}
2025-07-18T07:37:41.940Z  INFO 27376 --- [r-event-handler] kafka.cluster.Partition                  : [Partition __consumer_offsets-40 broker=0] No checkpointed highwatermark is found for partition __consumer_offsets-40
2025-07-18T07:37:41.940Z  INFO 27376 --- [r-event-handler] kafka.cluster.Partition                  : [Partition __consumer_offsets-40 broker=0] Log loaded for partition __consumer_offsets-40 with initial high watermark 0
2025-07-18T07:37:41.940Z  INFO 27376 --- [r-event-handler] state.change.logger                      : [Broker id=0] Leader __consumer_offsets-40 with topic id Some(wjRqmEiHSmOsn7Bavi_w0Q) starts at leader epoch 0 from offset 0 with partition epoch 0, high watermark 0, ISR [0], adding replicas [] and removing replicas [] . Previous leader None and previous leader epoch was -1.
2025-07-18T07:37:41.940Z  INFO 27376 --- [ad | producer-1] org.apache.kafka.clients.Metadata        : [Producer clientId=producer-1] Cluster ID: vr5-Gqx2QXCQegI0tO5bxw
2025-07-18T07:37:41.945Z  INFO 27376 --- [0-event-handler] o.a.k.c.ProducerIdControlManager         : [QuorumController id=0] Replaying ProducerIdsRecord ProducerIdsRecord(brokerId=0, brokerEpoch=5, nextProducerId=1000)
2025-07-18T07:37:41.945Z  INFO 27376 --- [ntainer#0-0-C-1] o.a.k.c.c.internals.ConsumerCoordinator  : [Consumer clientId=consumer-transaction-consumer-group-1, groupId=transaction-consumer-group] Discovered group coordinator localhost:41641 (id: 2147483647 rack: null)
2025-07-18T07:37:41.946Z  INFO 27376 --- [ntainer#0-0-C-1] o.a.k.c.c.internals.ConsumerCoordinator  : [Consumer clientId=consumer-transaction-consumer-group-1, groupId=transaction-consumer-group] Request joining group due to: rebalance failed due to 'This is not the correct coordinator.' (NotCoordinatorException)
2025-07-18T07:37:41.946Z  INFO 27376 --- [ntainer#0-0-C-1] o.a.k.c.c.internals.ConsumerCoordinator  : [Consumer clientId=consumer-transaction-consumer-group-1, groupId=transaction-consumer-group] (Re-)joining group
2025-07-18T07:37:41.947Z  INFO 27376 --- [r-event-handler] state.change.logger                      : [Broker id=0] Creating new partition __consumer_offsets-3 with topic id wjRqmEiHSmOsn7Bavi_w0Q.
2025-07-18T07:37:41.949Z  INFO 27376 --- [ntainer#0-0-C-1] o.a.k.c.c.internals.ConsumerCoordinator  : [Consumer clientId=consumer-transaction-consumer-group-1, groupId=transaction-consumer-group] Group coordinator localhost:41641 (id: 2147483647 rack: null) is unavailable or invalid due to cause: error response NOT_COORDINATOR. isDisconnected: false. Rediscovery will be attempted.
2025-07-18T07:37:41.949Z  INFO 27376 --- [ntainer#0-0-C-1] o.a.k.c.c.internals.ConsumerCoordinator  : [Consumer clientId=consumer-transaction-consumer-group-1, groupId=transaction-consumer-group] Requesting disconnect from last known coordinator localhost:41641 (id: 2147483647 rack: null)
2025-07-18T07:37:41.949Z  INFO 27376 --- [ntainer#0-0-C-1] o.a.k.c.c.internals.ConsumerCoordinator  : [Consumer clientId=consumer-transaction-consumer-group-1, groupId=transaction-consumer-group] JoinGroup failed: This is not the correct coordinator. Marking coordinator unknown. Sent generation was Generation{generationId=-1, memberId='', protocol='null'}
2025-07-18T07:37:41.949Z  INFO 27376 --- [ntainer#0-0-C-1] org.apache.kafka.clients.NetworkClient   : [Consumer clientId=consumer-transaction-consumer-group-1, groupId=transaction-consumer-group] Client requested disconnect from node 2147483647
2025-07-18T07:37:41.949Z  INFO 27376 --- [r-event-handler] kafka.log.UnifiedLog$                    : [LogLoader partition=__consumer_offsets-3, dir=/tmp/kafka-9291295645755567285/broker_0_data0] Loading producer state till offset 0 with message format version 2
2025-07-18T07:37:41.950Z  INFO 27376 --- [r-event-handler] kafka.log.LogManager                     : Created log for partition __consumer_offsets-3 in /tmp/kafka-9291295645755567285/broker_0_data0/__consumer_offsets-3 with properties {cleanup.policy=compact, compression.type="producer", segment.bytes=104857600}
2025-07-18T07:37:41.950Z  INFO 27376 --- [r-event-handler] kafka.cluster.Partition                  : [Partition __consumer_offsets-3 broker=0] No checkpointed highwatermark is found for partition __consumer_offsets-3
2025-07-18T07:37:41.950Z  INFO 27376 --- [r-event-handler] kafka.cluster.Partition                  : [Partition __consumer_offsets-3 broker=0] Log loaded for partition __consumer_offsets-3 with initial high watermark 0
2025-07-18T07:37:41.950Z  INFO 27376 --- [r-event-handler] state.change.logger                      : [Broker id=0] Leader __consumer_offsets-3 with topic id Some(wjRqmEiHSmOsn7Bavi_w0Q) starts at leader epoch 0 from offset 0 with partition epoch 0, high watermark 0, ISR [0], adding replicas [] and removing replicas [] . Previous leader None and previous leader epoch was -1.
2025-07-18T07:37:41.951Z  INFO 27376 --- [ntainer#0-0-C-1] o.a.k.c.c.internals.ConsumerCoordinator  : [Consumer clientId=consumer-transaction-consumer-group-1, groupId=transaction-consumer-group] Discovered group coordinator localhost:41641 (id: 2147483647 rack: null)
2025-07-18T07:37:41.951Z  INFO 27376 --- [ntainer#0-0-C-1] o.a.k.c.c.internals.ConsumerCoordinator  : [Consumer clientId=consumer-transaction-consumer-group-1, groupId=transaction-consumer-group] Group coordinator localhost:41641 (id: 2147483647 rack: null) is unavailable or invalid due to cause: coordinator unavailable. isDisconnected: false. Rediscovery will be attempted.
2025-07-18T07:37:41.951Z  INFO 27376 --- [ntainer#0-0-C-1] o.a.k.c.c.internals.ConsumerCoordinator  : [Consumer clientId=consumer-transaction-consumer-group-1, groupId=transaction-consumer-group] Requesting disconnect from last known coordinator localhost:41641 (id: 2147483647 rack: null)
2025-07-18T07:37:41.960Z  INFO 27376 --- [r-event-handler] state.change.logger                      : [Broker id=0] Creating new partition __consumer_offsets-36 with topic id wjRqmEiHSmOsn7Bavi_w0Q.
2025-07-18T07:37:41.962Z  INFO 27376 --- [r-event-handler] kafka.log.UnifiedLog$                    : [LogLoader partition=__consumer_offsets-36, dir=/tmp/kafka-9291295645755567285/broker_0_data0] Loading producer state till offset 0 with message format version 2
2025-07-18T07:37:41.963Z  INFO 27376 --- [r-event-handler] kafka.log.LogManager                     : Created log for partition __consumer_offsets-36 in /tmp/kafka-9291295645755567285/broker_0_data0/__consumer_offsets-36 with properties {cleanup.policy=compact, compression.type="producer", segment.bytes=104857600}
2025-07-18T07:37:41.963Z  INFO 27376 --- [r-event-handler] kafka.cluster.Partition                  : [Partition __consumer_offsets-36 broker=0] No checkpointed highwatermark is found for partition __consumer_offsets-36
2025-07-18T07:37:41.963Z  INFO 27376 --- [r-event-handler] kafka.cluster.Partition                  : [Partition __consumer_offsets-36 broker=0] Log loaded for partition __consumer_offsets-36 with initial high watermark 0
2025-07-18T07:37:41.963Z  INFO 27376 --- [r-event-handler] state.change.logger                      : [Broker id=0] Leader __consumer_offsets-36 with topic id Some(wjRqmEiHSmOsn7Bavi_w0Q) starts at leader epoch 0 from offset 0 with partition epoch 0, high watermark 0, ISR [0], adding replicas [] and removing replicas [] . Previous leader None and previous leader epoch was -1.
2025-07-18T07:37:41.972Z  INFO 27376 --- [r-event-handler] state.change.logger                      : [Broker id=0] Creating new partition __consumer_offsets-47 with topic id wjRqmEiHSmOsn7Bavi_w0Q.
2025-07-18T07:37:41.975Z  INFO 27376 --- [r-event-handler] kafka.log.UnifiedLog$                    : [LogLoader partition=__consumer_offsets-47, dir=/tmp/kafka-9291295645755567285/broker_0_data0] Loading producer state till offset 0 with message format version 2
2025-07-18T07:37:41.976Z  INFO 27376 --- [r-event-handler] kafka.log.LogManager                     : Created log for partition __consumer_offsets-47 in /tmp/kafka-9291295645755567285/broker_0_data0/__consumer_offsets-47 with properties {cleanup.policy=compact, compression.type="producer", segment.bytes=104857600}
2025-07-18T07:37:41.976Z  INFO 27376 --- [r-event-handler] kafka.cluster.Partition                  : [Partition __consumer_offsets-47 broker=0] No checkpointed highwatermark is found for partition __consumer_offsets-47
2025-07-18T07:37:41.976Z  INFO 27376 --- [r-event-handler] kafka.cluster.Partition                  : [Partition __consumer_offsets-47 broker=0] Log loaded for partition __consumer_offsets-47 with initial high watermark 0
2025-07-18T07:37:41.976Z  INFO 27376 --- [r-event-handler] state.change.logger                      : [Broker id=0] Leader __consumer_offsets-47 with topic id Some(wjRqmEiHSmOsn7Bavi_w0Q) starts at leader epoch 0 from offset 0 with partition epoch 0, high watermark 0, ISR [0], adding replicas [] and removing replicas [] . Previous leader None and previous leader epoch was -1.
2025-07-18T07:37:41.985Z  INFO 27376 --- [r-event-handler] state.change.logger                      : [Broker id=0] Creating new partition __consumer_offsets-14 with topic id wjRqmEiHSmOsn7Bavi_w0Q.
2025-07-18T07:37:41.988Z  INFO 27376 --- [r-event-handler] kafka.log.UnifiedLog$                    : [LogLoader partition=__consumer_offsets-14, dir=/tmp/kafka-9291295645755567285/broker_0_data0] Loading producer state till offset 0 with message format version 2
2025-07-18T07:37:41.988Z  INFO 27376 --- [r-event-handler] kafka.log.LogManager                     : Created log for partition __consumer_offsets-14 in /tmp/kafka-9291295645755567285/broker_0_data0/__consumer_offsets-14 with properties {cleanup.policy=compact, compression.type="producer", segment.bytes=104857600}
2025-07-18T07:37:41.988Z  INFO 27376 --- [r-event-handler] kafka.cluster.Partition                  : [Partition __consumer_offsets-14 broker=0] No checkpointed highwatermark is found for partition __consumer_offsets-14
2025-07-18T07:37:41.988Z  INFO 27376 --- [r-event-handler] kafka.cluster.Partition                  : [Partition __consumer_offsets-14 broker=0] Log loaded for partition __consumer_offsets-14 with initial high watermark 0
2025-07-18T07:37:41.989Z  INFO 27376 --- [r-event-handler] state.change.logger                      : [Broker id=0] Leader __consumer_offsets-14 with topic id Some(wjRqmEiHSmOsn7Bavi_w0Q) starts at leader epoch 0 from offset 0 with partition epoch 0, high watermark 0, ISR [0], adding replicas [] and removing replicas [] . Previous leader None and previous leader epoch was -1.
2025-07-18T07:37:41.998Z  INFO 27376 --- [r-event-handler] state.change.logger                      : [Broker id=0] Creating new partition __consumer_offsets-43 with topic id wjRqmEiHSmOsn7Bavi_w0Q.
2025-07-18T07:37:42.000Z  INFO 27376 --- [r-event-handler] kafka.log.UnifiedLog$                    : [LogLoader partition=__consumer_offsets-43, dir=/tmp/kafka-9291295645755567285/broker_0_data0] Loading producer state till offset 0 with message format version 2
2025-07-18T07:37:42.001Z  INFO 27376 --- [r-event-handler] kafka.log.LogManager                     : Created log for partition __consumer_offsets-43 in /tmp/kafka-9291295645755567285/broker_0_data0/__consumer_offsets-43 with properties {cleanup.policy=compact, compression.type="producer", segment.bytes=104857600}
2025-07-18T07:37:42.001Z  INFO 27376 --- [r-event-handler] kafka.cluster.Partition                  : [Partition __consumer_offsets-43 broker=0] No checkpointed highwatermark is found for partition __consumer_offsets-43
2025-07-18T07:37:42.001Z  INFO 27376 --- [r-event-handler] kafka.cluster.Partition                  : [Partition __consumer_offsets-43 broker=0] Log loaded for partition __consumer_offsets-43 with initial high watermark 0
2025-07-18T07:37:42.001Z  INFO 27376 --- [r-event-handler] state.change.logger                      : [Broker id=0] Leader __consumer_offsets-43 with topic id Some(wjRqmEiHSmOsn7Bavi_w0Q) starts at leader epoch 0 from offset 0 with partition epoch 0, high watermark 0, ISR [0], adding replicas [] and removing replicas [] . Previous leader None and previous leader epoch was -1.
2025-07-18T07:37:42.011Z  INFO 27376 --- [r-event-handler] state.change.logger                      : [Broker id=0] Creating new partition __consumer_offsets-10 with topic id wjRqmEiHSmOsn7Bavi_w0Q.
2025-07-18T07:37:42.013Z  INFO 27376 --- [r-event-handler] kafka.log.UnifiedLog$                    : [LogLoader partition=__consumer_offsets-10, dir=/tmp/kafka-9291295645755567285/broker_0_data0] Loading producer state till offset 0 with message format version 2
2025-07-18T07:37:42.013Z  INFO 27376 --- [r-event-handler] kafka.log.LogManager                     : Created log for partition __consumer_offsets-10 in /tmp/kafka-9291295645755567285/broker_0_data0/__consumer_offsets-10 with properties {cleanup.policy=compact, compression.type="producer", segment.bytes=104857600}
2025-07-18T07:37:42.013Z  INFO 27376 --- [r-event-handler] kafka.cluster.Partition                  : [Partition __consumer_offsets-10 broker=0] No checkpointed highwatermark is found for partition __consumer_offsets-10
2025-07-18T07:37:42.013Z  INFO 27376 --- [r-event-handler] kafka.cluster.Partition                  : [Partition __consumer_offsets-10 broker=0] Log loaded for partition __consumer_offsets-10 with initial high watermark 0
2025-07-18T07:37:42.013Z  INFO 27376 --- [r-event-handler] state.change.logger                      : [Broker id=0] Leader __consumer_offsets-10 with topic id Some(wjRqmEiHSmOsn7Bavi_w0Q) starts at leader epoch 0 from offset 0 with partition epoch 0, high watermark 0, ISR [0], adding replicas [] and removing replicas [] . Previous leader None and previous leader epoch was -1.
2025-07-18T07:37:42.022Z  INFO 27376 --- [r-event-handler] state.change.logger                      : [Broker id=0] Creating new partition __consumer_offsets-22 with topic id wjRqmEiHSmOsn7Bavi_w0Q.
2025-07-18T07:37:42.024Z  INFO 27376 --- [r-event-handler] kafka.log.UnifiedLog$                    : [LogLoader partition=__consumer_offsets-22, dir=/tmp/kafka-9291295645755567285/broker_0_data0] Loading producer state till offset 0 with message format version 2
2025-07-18T07:37:42.024Z  INFO 27376 --- [r-event-handler] kafka.log.LogManager                     : Created log for partition __consumer_offsets-22 in /tmp/kafka-9291295645755567285/broker_0_data0/__consumer_offsets-22 with properties {cleanup.policy=compact, compression.type="producer", segment.bytes=104857600}
2025-07-18T07:37:42.024Z  INFO 27376 --- [r-event-handler] kafka.cluster.Partition                  : [Partition __consumer_offsets-22 broker=0] No checkpointed highwatermark is found for partition __consumer_offsets-22
2025-07-18T07:37:42.024Z  INFO 27376 --- [r-event-handler] kafka.cluster.Partition                  : [Partition __consumer_offsets-22 broker=0] Log loaded for partition __consumer_offsets-22 with initial high watermark 0
2025-07-18T07:37:42.025Z  INFO 27376 --- [r-event-handler] state.change.logger                      : [Broker id=0] Leader __consumer_offsets-22 with topic id Some(wjRqmEiHSmOsn7Bavi_w0Q) starts at leader epoch 0 from offset 0 with partition epoch 0, high watermark 0, ISR [0], adding replicas [] and removing replicas [] . Previous leader None and previous leader epoch was -1.
2025-07-18T07:37:42.035Z  INFO 27376 --- [r-event-handler] state.change.logger                      : [Broker id=0] Creating new partition __consumer_offsets-18 with topic id wjRqmEiHSmOsn7Bavi_w0Q.
2025-07-18T07:37:42.038Z  INFO 27376 --- [r-event-handler] kafka.log.UnifiedLog$                    : [LogLoader partition=__consumer_offsets-18, dir=/tmp/kafka-9291295645755567285/broker_0_data0] Loading producer state till offset 0 with message format version 2
2025-07-18T07:37:42.038Z  INFO 27376 --- [r-event-handler] kafka.log.LogManager                     : Created log for partition __consumer_offsets-18 in /tmp/kafka-9291295645755567285/broker_0_data0/__consumer_offsets-18 with properties {cleanup.policy=compact, compression.type="producer", segment.bytes=104857600}
2025-07-18T07:37:42.038Z  INFO 27376 --- [r-event-handler] kafka.cluster.Partition                  : [Partition __consumer_offsets-18 broker=0] No checkpointed highwatermark is found for partition __consumer_offsets-18
2025-07-18T07:37:42.038Z  INFO 27376 --- [r-event-handler] kafka.cluster.Partition                  : [Partition __consumer_offsets-18 broker=0] Log loaded for partition __consumer_offsets-18 with initial high watermark 0
2025-07-18T07:37:42.039Z  INFO 27376 --- [r-event-handler] state.change.logger                      : [Broker id=0] Leader __consumer_offsets-18 with topic id Some(wjRqmEiHSmOsn7Bavi_w0Q) starts at leader epoch 0 from offset 0 with partition epoch 0, high watermark 0, ISR [0], adding replicas [] and removing replicas [] . Previous leader None and previous leader epoch was -1.
2025-07-18T07:37:42.048Z  INFO 27376 --- [r-event-handler] state.change.logger                      : [Broker id=0] Creating new partition __consumer_offsets-31 with topic id wjRqmEiHSmOsn7Bavi_w0Q.
2025-07-18T07:37:42.048Z  INFO 27376 --- [ad | producer-1] o.a.k.c.p.internals.TransactionManager   : [Producer clientId=producer-1] ProducerId set to 0 with epoch 0
2025-07-18T07:37:42.050Z  INFO 27376 --- [r-event-handler] kafka.log.UnifiedLog$                    : [LogLoader partition=__consumer_offsets-31, dir=/tmp/kafka-9291295645755567285/broker_0_data0] Loading producer state till offset 0 with message format version 2
2025-07-18T07:37:42.050Z  INFO 27376 --- [r-event-handler] kafka.log.LogManager                     : Created log for partition __consumer_offsets-31 in /tmp/kafka-9291295645755567285/broker_0_data0/__consumer_offsets-31 with properties {cleanup.policy=compact, compression.type="producer", segment.bytes=104857600}
2025-07-18T07:37:42.050Z  INFO 27376 --- [r-event-handler] kafka.cluster.Partition                  : [Partition __consumer_offsets-31 broker=0] No checkpointed highwatermark is found for partition __consumer_offsets-31
2025-07-18T07:37:42.050Z  INFO 27376 --- [r-event-handler] kafka.cluster.Partition                  : [Partition __consumer_offsets-31 broker=0] Log loaded for partition __consumer_offsets-31 with initial high watermark 0
2025-07-18T07:37:42.051Z  INFO 27376 --- [r-event-handler] state.change.logger                      : [Broker id=0] Leader __consumer_offsets-31 with topic id Some(wjRqmEiHSmOsn7Bavi_w0Q) starts at leader epoch 0 from offset 0 with partition epoch 0, high watermark 0, ISR [0], adding replicas [] and removing replicas [] . Previous leader None and previous leader epoch was -1.
2025-07-18T07:37:42.053Z  INFO 27376 --- [ntainer#0-0-C-1] o.a.k.c.c.internals.ConsumerCoordinator  : [Consumer clientId=consumer-transaction-consumer-group-1, groupId=transaction-consumer-group] Discovered group coordinator localhost:41641 (id: 2147483647 rack: null)
2025-07-18T07:37:42.054Z  INFO 27376 --- [ntainer#0-0-C-1] o.a.k.c.c.internals.ConsumerCoordinator  : [Consumer clientId=consumer-transaction-consumer-group-1, groupId=transaction-consumer-group] Request joining group due to: rebalance failed due to 'This is not the correct coordinator.' (NotCoordinatorException)
2025-07-18T07:37:42.054Z  INFO 27376 --- [ntainer#0-0-C-1] o.a.k.c.c.internals.ConsumerCoordinator  : [Consumer clientId=consumer-transaction-consumer-group-1, groupId=transaction-consumer-group] (Re-)joining group
2025-07-18T07:37:42.057Z  INFO 27376 --- [ntainer#0-0-C-1] o.a.k.c.c.internals.ConsumerCoordinator  : [Consumer clientId=consumer-transaction-consumer-group-1, groupId=transaction-consumer-group] Group coordinator localhost:41641 (id: 2147483647 rack: null) is unavailable or invalid due to cause: error response NOT_COORDINATOR. isDisconnected: false. Rediscovery will be attempted.
2025-07-18T07:37:42.057Z  INFO 27376 --- [ntainer#0-0-C-1] o.a.k.c.c.internals.ConsumerCoordinator  : [Consumer clientId=consumer-transaction-consumer-group-1, groupId=transaction-consumer-group] Requesting disconnect from last known coordinator localhost:41641 (id: 2147483647 rack: null)
2025-07-18T07:37:42.057Z  INFO 27376 --- [ntainer#0-0-C-1] o.a.k.c.c.internals.ConsumerCoordinator  : [Consumer clientId=consumer-transaction-consumer-group-1, groupId=transaction-consumer-group] JoinGroup failed: This is not the correct coordinator. Marking coordinator unknown. Sent generation was Generation{generationId=-1, memberId='', protocol='null'}
2025-07-18T07:37:42.057Z  INFO 27376 --- [ntainer#0-0-C-1] org.apache.kafka.clients.NetworkClient   : [Consumer clientId=consumer-transaction-consumer-group-1, groupId=transaction-consumer-group] Client requested disconnect from node 2147483647
2025-07-18T07:37:42.059Z  INFO 27376 --- [ntainer#0-0-C-1] o.a.k.c.c.internals.ConsumerCoordinator  : [Consumer clientId=consumer-transaction-consumer-group-1, groupId=transaction-consumer-group] Discovered group coordinator localhost:41641 (id: 2147483647 rack: null)
2025-07-18T07:37:42.059Z  INFO 27376 --- [ntainer#0-0-C-1] o.a.k.c.c.internals.ConsumerCoordinator  : [Consumer clientId=consumer-transaction-consumer-group-1, groupId=transaction-consumer-group] Group coordinator localhost:41641 (id: 2147483647 rack: null) is unavailable or invalid due to cause: coordinator unavailable. isDisconnected: false. Rediscovery will be attempted.
2025-07-18T07:37:42.059Z  INFO 27376 --- [ntainer#0-0-C-1] o.a.k.c.c.internals.ConsumerCoordinator  : [Consumer clientId=consumer-transaction-consumer-group-1, groupId=transaction-consumer-group] Requesting disconnect from last known coordinator localhost:41641 (id: 2147483647 rack: null)
2025-07-18T07:37:42.061Z  INFO 27376 --- [r-event-handler] state.change.logger                      : [Broker id=0] Creating new partition __consumer_offsets-27 with topic id wjRqmEiHSmOsn7Bavi_w0Q.
2025-07-18T07:37:42.063Z  INFO 27376 --- [r-event-handler] kafka.log.UnifiedLog$                    : [LogLoader partition=__consumer_offsets-27, dir=/tmp/kafka-9291295645755567285/broker_0_data0] Loading producer state till offset 0 with message format version 2
2025-07-18T07:37:42.064Z  INFO 27376 --- [r-event-handler] kafka.log.LogManager                     : Created log for partition __consumer_offsets-27 in /tmp/kafka-9291295645755567285/broker_0_data0/__consumer_offsets-27 with properties {cleanup.policy=compact, compression.type="producer", segment.bytes=104857600}
2025-07-18T07:37:42.064Z  INFO 27376 --- [r-event-handler] kafka.cluster.Partition                  : [Partition __consumer_offsets-27 broker=0] No checkpointed highwatermark is found for partition __consumer_offsets-27
2025-07-18T07:37:42.064Z  INFO 27376 --- [r-event-handler] kafka.cluster.Partition                  : [Partition __consumer_offsets-27 broker=0] Log loaded for partition __consumer_offsets-27 with initial high watermark 0
2025-07-18T07:37:42.064Z  INFO 27376 --- [r-event-handler] state.change.logger                      : [Broker id=0] Leader __consumer_offsets-27 with topic id Some(wjRqmEiHSmOsn7Bavi_w0Q) starts at leader epoch 0 from offset 0 with partition epoch 0, high watermark 0, ISR [0], adding replicas [] and removing replicas [] . Previous leader None and previous leader epoch was -1.
2025-07-18T07:37:42.070Z  INFO 27376 --- [r-event-handler] state.change.logger                      : [Broker id=0] Creating new partition __consumer_offsets-39 with topic id wjRqmEiHSmOsn7Bavi_w0Q.
2025-07-18T07:37:42.073Z  INFO 27376 --- [r-event-handler] kafka.log.UnifiedLog$                    : [LogLoader partition=__consumer_offsets-39, dir=/tmp/kafka-9291295645755567285/broker_0_data0] Loading producer state till offset 0 with message format version 2
2025-07-18T07:37:42.074Z  INFO 27376 --- [r-event-handler] kafka.log.LogManager                     : Created log for partition __consumer_offsets-39 in /tmp/kafka-9291295645755567285/broker_0_data0/__consumer_offsets-39 with properties {cleanup.policy=compact, compression.type="producer", segment.bytes=104857600}
2025-07-18T07:37:42.074Z  INFO 27376 --- [r-event-handler] kafka.cluster.Partition                  : [Partition __consumer_offsets-39 broker=0] No checkpointed highwatermark is found for partition __consumer_offsets-39
2025-07-18T07:37:42.074Z  INFO 27376 --- [r-event-handler] kafka.cluster.Partition                  : [Partition __consumer_offsets-39 broker=0] Log loaded for partition __consumer_offsets-39 with initial high watermark 0
2025-07-18T07:37:42.074Z  INFO 27376 --- [r-event-handler] state.change.logger                      : [Broker id=0] Leader __consumer_offsets-39 with topic id Some(wjRqmEiHSmOsn7Bavi_w0Q) starts at leader epoch 0 from offset 0 with partition epoch 0, high watermark 0, ISR [0], adding replicas [] and removing replicas [] . Previous leader None and previous leader epoch was -1.
2025-07-18T07:37:42.086Z  INFO 27376 --- [r-event-handler] state.change.logger                      : [Broker id=0] Creating new partition __consumer_offsets-6 with topic id wjRqmEiHSmOsn7Bavi_w0Q.
2025-07-18T07:37:42.088Z  INFO 27376 --- [r-event-handler] kafka.log.UnifiedLog$                    : [LogLoader partition=__consumer_offsets-6, dir=/tmp/kafka-9291295645755567285/broker_0_data0] Loading producer state till offset 0 with message format version 2
2025-07-18T07:37:42.089Z  INFO 27376 --- [r-event-handler] kafka.log.LogManager                     : Created log for partition __consumer_offsets-6 in /tmp/kafka-9291295645755567285/broker_0_data0/__consumer_offsets-6 with properties {cleanup.policy=compact, compression.type="producer", segment.bytes=104857600}
2025-07-18T07:37:42.089Z  INFO 27376 --- [r-event-handler] kafka.cluster.Partition                  : [Partition __consumer_offsets-6 broker=0] No checkpointed highwatermark is found for partition __consumer_offsets-6
2025-07-18T07:37:42.089Z  INFO 27376 --- [r-event-handler] kafka.cluster.Partition                  : [Partition __consumer_offsets-6 broker=0] Log loaded for partition __consumer_offsets-6 with initial high watermark 0
2025-07-18T07:37:42.089Z  INFO 27376 --- [r-event-handler] state.change.logger                      : [Broker id=0] Leader __consumer_offsets-6 with topic id Some(wjRqmEiHSmOsn7Bavi_w0Q) starts at leader epoch 0 from offset 0 with partition epoch 0, high watermark 0, ISR [0], adding replicas [] and removing replicas [] . Previous leader None and previous leader epoch was -1.
2025-07-18T07:37:42.100Z  INFO 27376 --- [r-event-handler] state.change.logger                      : [Broker id=0] Creating new partition __consumer_offsets-35 with topic id wjRqmEiHSmOsn7Bavi_w0Q.
2025-07-18T07:37:42.102Z  INFO 27376 --- [r-event-handler] kafka.log.UnifiedLog$                    : [LogLoader partition=__consumer_offsets-35, dir=/tmp/kafka-9291295645755567285/broker_0_data0] Loading producer state till offset 0 with message format version 2
2025-07-18T07:37:42.103Z  INFO 27376 --- [r-event-handler] kafka.log.LogManager                     : Created log for partition __consumer_offsets-35 in /tmp/kafka-9291295645755567285/broker_0_data0/__consumer_offsets-35 with properties {cleanup.policy=compact, compression.type="producer", segment.bytes=104857600}
2025-07-18T07:37:42.103Z  INFO 27376 --- [r-event-handler] kafka.cluster.Partition                  : [Partition __consumer_offsets-35 broker=0] No checkpointed highwatermark is found for partition __consumer_offsets-35
2025-07-18T07:37:42.103Z  INFO 27376 --- [r-event-handler] kafka.cluster.Partition                  : [Partition __consumer_offsets-35 broker=0] Log loaded for partition __consumer_offsets-35 with initial high watermark 0
2025-07-18T07:37:42.103Z  INFO 27376 --- [r-event-handler] state.change.logger                      : [Broker id=0] Leader __consumer_offsets-35 with topic id Some(wjRqmEiHSmOsn7Bavi_w0Q) starts at leader epoch 0 from offset 0 with partition epoch 0, high watermark 0, ISR [0], adding replicas [] and removing replicas [] . Previous leader None and previous leader epoch was -1.
2025-07-18T07:37:42.119Z  INFO 27376 --- [r-event-handler] state.change.logger                      : [Broker id=0] Creating new partition __consumer_offsets-2 with topic id wjRqmEiHSmOsn7Bavi_w0Q.
2025-07-18T07:37:42.122Z  INFO 27376 --- [r-event-handler] kafka.log.UnifiedLog$                    : [LogLoader partition=__consumer_offsets-2, dir=/tmp/kafka-9291295645755567285/broker_0_data0] Loading producer state till offset 0 with message format version 2
2025-07-18T07:37:42.122Z  INFO 27376 --- [r-event-handler] kafka.log.LogManager                     : Created log for partition __consumer_offsets-2 in /tmp/kafka-9291295645755567285/broker_0_data0/__consumer_offsets-2 with properties {cleanup.policy=compact, compression.type="producer", segment.bytes=104857600}
2025-07-18T07:37:42.122Z  INFO 27376 --- [r-event-handler] kafka.cluster.Partition                  : [Partition __consumer_offsets-2 broker=0] No checkpointed highwatermark is found for partition __consumer_offsets-2
2025-07-18T07:37:42.123Z  INFO 27376 --- [r-event-handler] kafka.cluster.Partition                  : [Partition __consumer_offsets-2 broker=0] Log loaded for partition __consumer_offsets-2 with initial high watermark 0
2025-07-18T07:37:42.123Z  INFO 27376 --- [r-event-handler] state.change.logger                      : [Broker id=0] Leader __consumer_offsets-2 with topic id Some(wjRqmEiHSmOsn7Bavi_w0Q) starts at leader epoch 0 from offset 0 with partition epoch 0, high watermark 0, ISR [0], adding replicas [] and removing replicas [] . Previous leader None and previous leader epoch was -1.
2025-07-18T07:37:42.135Z  INFO 27376 --- [r-event-handler] k.coordinator.group.GroupCoordinator     : [GroupCoordinator 0]: Elected as the group coordinator for partition 13 in epoch 0
2025-07-18T07:37:42.135Z  INFO 27376 --- [r-event-handler] k.c.group.GroupMetadataManager           : [GroupMetadataManager brokerId=0] Scheduling loading of offsets and group metadata from __consumer_offsets-13 for epoch 0
2025-07-18T07:37:42.136Z  INFO 27376 --- [r-event-handler] k.coordinator.group.GroupCoordinator     : [GroupCoordinator 0]: Elected as the group coordinator for partition 46 in epoch 0
2025-07-18T07:37:42.136Z  INFO 27376 --- [r-event-handler] k.c.group.GroupMetadataManager           : [GroupMetadataManager brokerId=0] Scheduling loading of offsets and group metadata from __consumer_offsets-46 for epoch 0
2025-07-18T07:37:42.136Z  INFO 27376 --- [r-event-handler] k.coordinator.group.GroupCoordinator     : [GroupCoordinator 0]: Elected as the group coordinator for partition 9 in epoch 0
2025-07-18T07:37:42.136Z  INFO 27376 --- [r-event-handler] k.c.group.GroupMetadataManager           : [GroupMetadataManager brokerId=0] Scheduling loading of offsets and group metadata from __consumer_offsets-9 for epoch 0
2025-07-18T07:37:42.136Z  INFO 27376 --- [r-event-handler] k.coordinator.group.GroupCoordinator     : [GroupCoordinator 0]: Elected as the group coordinator for partition 42 in epoch 0
2025-07-18T07:37:42.136Z  INFO 27376 --- [r-event-handler] k.c.group.GroupMetadataManager           : [GroupMetadataManager brokerId=0] Scheduling loading of offsets and group metadata from __consumer_offsets-42 for epoch 0
2025-07-18T07:37:42.136Z  INFO 27376 --- [r-event-handler] k.coordinator.group.GroupCoordinator     : [GroupCoordinator 0]: Elected as the group coordinator for partition 21 in epoch 0
2025-07-18T07:37:42.136Z  INFO 27376 --- [r-event-handler] k.c.group.GroupMetadataManager           : [GroupMetadataManager brokerId=0] Scheduling loading of offsets and group metadata from __consumer_offsets-21 for epoch 0
2025-07-18T07:37:42.136Z  INFO 27376 --- [r-event-handler] k.coordinator.group.GroupCoordinator     : [GroupCoordinator 0]: Elected as the group coordinator for partition 17 in epoch 0
2025-07-18T07:37:42.136Z  INFO 27376 --- [r-event-handler] k.c.group.GroupMetadataManager           : [GroupMetadataManager brokerId=0] Scheduling loading of offsets and group metadata from __consumer_offsets-17 for epoch 0
2025-07-18T07:37:42.136Z  INFO 27376 --- [r-event-handler] k.coordinator.group.GroupCoordinator     : [GroupCoordinator 0]: Elected as the group coordinator for partition 30 in epoch 0
2025-07-18T07:37:42.136Z  INFO 27376 --- [r-event-handler] k.c.group.GroupMetadataManager           : [GroupMetadataManager brokerId=0] Scheduling loading of offsets and group metadata from __consumer_offsets-30 for epoch 0
2025-07-18T07:37:42.136Z  INFO 27376 --- [r-event-handler] k.coordinator.group.GroupCoordinator     : [GroupCoordinator 0]: Elected as the group coordinator for partition 26 in epoch 0
2025-07-18T07:37:42.136Z  INFO 27376 --- [r-event-handler] k.c.group.GroupMetadataManager           : [GroupMetadataManager brokerId=0] Scheduling loading of offsets and group metadata from __consumer_offsets-26 for epoch 0
2025-07-18T07:37:42.136Z  INFO 27376 --- [r-event-handler] k.coordinator.group.GroupCoordinator     : [GroupCoordinator 0]: Elected as the group coordinator for partition 5 in epoch 0
2025-07-18T07:37:42.136Z  INFO 27376 --- [r-event-handler] k.c.group.GroupMetadataManager           : [GroupMetadataManager brokerId=0] Scheduling loading of offsets and group metadata from __consumer_offsets-5 for epoch 0
2025-07-18T07:37:42.136Z  INFO 27376 --- [r-event-handler] k.coordinator.group.GroupCoordinator     : [GroupCoordinator 0]: Elected as the group coordinator for partition 38 in epoch 0
2025-07-18T07:37:42.136Z  INFO 27376 --- [r-event-handler] k.c.group.GroupMetadataManager           : [GroupMetadataManager brokerId=0] Scheduling loading of offsets and group metadata from __consumer_offsets-38 for epoch 0
2025-07-18T07:37:42.136Z  INFO 27376 --- [r-event-handler] k.coordinator.group.GroupCoordinator     : [GroupCoordinator 0]: Elected as the group coordinator for partition 1 in epoch 0
2025-07-18T07:37:42.136Z  INFO 27376 --- [r-event-handler] k.c.group.GroupMetadataManager           : [GroupMetadataManager brokerId=0] Scheduling loading of offsets and group metadata from __consumer_offsets-1 for epoch 0
2025-07-18T07:37:42.136Z  INFO 27376 --- [r-event-handler] k.coordinator.group.GroupCoordinator     : [GroupCoordinator 0]: Elected as the group coordinator for partition 34 in epoch 0
2025-07-18T07:37:42.136Z  INFO 27376 --- [r-event-handler] k.c.group.GroupMetadataManager           : [GroupMetadataManager brokerId=0] Scheduling loading of offsets and group metadata from __consumer_offsets-34 for epoch 0
2025-07-18T07:37:42.136Z  INFO 27376 --- [r-event-handler] k.coordinator.group.GroupCoordinator     : [GroupCoordinator 0]: Elected as the group coordinator for partition 16 in epoch 0
2025-07-18T07:37:42.136Z  INFO 27376 --- [r-event-handler] k.c.group.GroupMetadataManager           : [GroupMetadataManager brokerId=0] Scheduling loading of offsets and group metadata from __consumer_offsets-16 for epoch 0
2025-07-18T07:37:42.136Z  INFO 27376 --- [r-event-handler] k.coordinator.group.GroupCoordinator     : [GroupCoordinator 0]: Elected as the group coordinator for partition 45 in epoch 0
2025-07-18T07:37:42.136Z  INFO 27376 --- [r-event-handler] k.c.group.GroupMetadataManager           : [GroupMetadataManager brokerId=0] Scheduling loading of offsets and group metadata from __consumer_offsets-45 for epoch 0
2025-07-18T07:37:42.136Z  INFO 27376 --- [r-event-handler] k.coordinator.group.GroupCoordinator     : [GroupCoordinator 0]: Elected as the group coordinator for partition 12 in epoch 0
2025-07-18T07:37:42.136Z  INFO 27376 --- [r-event-handler] k.c.group.GroupMetadataManager           : [GroupMetadataManager brokerId=0] Scheduling loading of offsets and group metadata from __consumer_offsets-12 for epoch 0
2025-07-18T07:37:42.136Z  INFO 27376 --- [r-event-handler] k.coordinator.group.GroupCoordinator     : [GroupCoordinator 0]: Elected as the group coordinator for partition 41 in epoch 0
2025-07-18T07:37:42.136Z  INFO 27376 --- [r-event-handler] k.c.group.GroupMetadataManager           : [GroupMetadataManager brokerId=0] Scheduling loading of offsets and group metadata from __consumer_offsets-41 for epoch 0
2025-07-18T07:37:42.137Z  INFO 27376 --- [r-event-handler] k.coordinator.group.GroupCoordinator     : [GroupCoordinator 0]: Elected as the group coordinator for partition 24 in epoch 0
2025-07-18T07:37:42.137Z  INFO 27376 --- [r-event-handler] k.c.group.GroupMetadataManager           : [GroupMetadataManager brokerId=0] Scheduling loading of offsets and group metadata from __consumer_offsets-24 for epoch 0
2025-07-18T07:37:42.137Z  INFO 27376 --- [r-event-handler] k.coordinator.group.GroupCoordinator     : [GroupCoordinator 0]: Elected as the group coordinator for partition 20 in epoch 0
2025-07-18T07:37:42.137Z  INFO 27376 --- [r-event-handler] k.c.group.GroupMetadataManager           : [GroupMetadataManager brokerId=0] Scheduling loading of offsets and group metadata from __consumer_offsets-20 for epoch 0
2025-07-18T07:37:42.137Z  INFO 27376 --- [r-event-handler] k.coordinator.group.GroupCoordinator     : [GroupCoordinator 0]: Elected as the group coordinator for partition 49 in epoch 0
2025-07-18T07:37:42.137Z  INFO 27376 --- [r-event-handler] k.c.group.GroupMetadataManager           : [GroupMetadataManager brokerId=0] Scheduling loading of offsets and group metadata from __consumer_offsets-49 for epoch 0
2025-07-18T07:37:42.137Z  INFO 27376 --- [r-event-handler] k.coordinator.group.GroupCoordinator     : [GroupCoordinator 0]: Elected as the group coordinator for partition 0 in epoch 0
2025-07-18T07:37:42.137Z  INFO 27376 --- [r-event-handler] k.c.group.GroupMetadataManager           : [GroupMetadataManager brokerId=0] Scheduling loading of offsets and group metadata from __consumer_offsets-0 for epoch 0
2025-07-18T07:37:42.137Z  INFO 27376 --- [r-event-handler] k.coordinator.group.GroupCoordinator     : [GroupCoordinator 0]: Elected as the group coordinator for partition 29 in epoch 0
2025-07-18T07:37:42.137Z  INFO 27376 --- [r-event-handler] k.c.group.GroupMetadataManager           : [GroupMetadataManager brokerId=0] Scheduling loading of offsets and group metadata from __consumer_offsets-29 for epoch 0
2025-07-18T07:37:42.137Z  INFO 27376 --- [r-event-handler] k.coordinator.group.GroupCoordinator     : [GroupCoordinator 0]: Elected as the group coordinator for partition 25 in epoch 0
2025-07-18T07:37:42.137Z  INFO 27376 --- [r-event-handler] k.c.group.GroupMetadataManager           : [GroupMetadataManager brokerId=0] Scheduling loading of offsets and group metadata from __consumer_offsets-25 for epoch 0
2025-07-18T07:37:42.137Z  INFO 27376 --- [r-event-handler] k.coordinator.group.GroupCoordinator     : [GroupCoordinator 0]: Elected as the group coordinator for partition 8 in epoch 0
2025-07-18T07:37:42.137Z  INFO 27376 --- [r-event-handler] k.c.group.GroupMetadataManager           : [GroupMetadataManager brokerId=0] Scheduling loading of offsets and group metadata from __consumer_offsets-8 for epoch 0
2025-07-18T07:37:42.137Z  INFO 27376 --- [r-event-handler] k.coordinator.group.GroupCoordinator     : [GroupCoordinator 0]: Elected as the group coordinator for partition 37 in epoch 0
2025-07-18T07:37:42.137Z  INFO 27376 --- [r-event-handler] k.c.group.GroupMetadataManager           : [GroupMetadataManager brokerId=0] Scheduling loading of offsets and group metadata from __consumer_offsets-37 for epoch 0
2025-07-18T07:37:42.137Z  INFO 27376 --- [r-event-handler] k.coordinator.group.GroupCoordinator     : [GroupCoordinator 0]: Elected as the group coordinator for partition 4 in epoch 0
2025-07-18T07:37:42.137Z  INFO 27376 --- [r-event-handler] k.c.group.GroupMetadataManager           : [GroupMetadataManager brokerId=0] Scheduling loading of offsets and group metadata from __consumer_offsets-4 for epoch 0
2025-07-18T07:37:42.137Z  INFO 27376 --- [r-event-handler] k.coordinator.group.GroupCoordinator     : [GroupCoordinator 0]: Elected as the group coordinator for partition 33 in epoch 0
2025-07-18T07:37:42.137Z  INFO 27376 --- [r-event-handler] k.c.group.GroupMetadataManager           : [GroupMetadataManager brokerId=0] Scheduling loading of offsets and group metadata from __consumer_offsets-33 for epoch 0
2025-07-18T07:37:42.137Z  INFO 27376 --- [r-event-handler] k.coordinator.group.GroupCoordinator     : [GroupCoordinator 0]: Elected as the group coordinator for partition 15 in epoch 0
2025-07-18T07:37:42.137Z  INFO 27376 --- [r-event-handler] k.c.group.GroupMetadataManager           : [GroupMetadataManager brokerId=0] Scheduling loading of offsets and group metadata from __consumer_offsets-15 for epoch 0
2025-07-18T07:37:42.137Z  INFO 27376 --- [r-event-handler] k.coordinator.group.GroupCoordinator     : [GroupCoordinator 0]: Elected as the group coordinator for partition 48 in epoch 0
2025-07-18T07:37:42.137Z  INFO 27376 --- [r-event-handler] k.c.group.GroupMetadataManager           : [GroupMetadataManager brokerId=0] Scheduling loading of offsets and group metadata from __consumer_offsets-48 for epoch 0
2025-07-18T07:37:42.137Z  INFO 27376 --- [r-event-handler] k.coordinator.group.GroupCoordinator     : [GroupCoordinator 0]: Elected as the group coordinator for partition 11 in epoch 0
2025-07-18T07:37:42.137Z  INFO 27376 --- [r-event-handler] k.c.group.GroupMetadataManager           : [GroupMetadataManager brokerId=0] Scheduling loading of offsets and group metadata from __consumer_offsets-11 for epoch 0
2025-07-18T07:37:42.137Z  INFO 27376 --- [r-event-handler] k.coordinator.group.GroupCoordinator     : [GroupCoordinator 0]: Elected as the group coordinator for partition 44 in epoch 0
2025-07-18T07:37:42.137Z  INFO 27376 --- [r-event-handler] k.c.group.GroupMetadataManager           : [GroupMetadataManager brokerId=0] Scheduling loading of offsets and group metadata from __consumer_offsets-44 for epoch 0
2025-07-18T07:37:42.138Z  INFO 27376 --- [r-event-handler] k.coordinator.group.GroupCoordinator     : [GroupCoordinator 0]: Elected as the group coordinator for partition 23 in epoch 0
2025-07-18T07:37:42.138Z  INFO 27376 --- [r-event-handler] k.c.group.GroupMetadataManager           : [GroupMetadataManager brokerId=0] Scheduling loading of offsets and group metadata from __consumer_offsets-23 for epoch 0
2025-07-18T07:37:42.138Z  INFO 27376 --- [r-event-handler] k.coordinator.group.GroupCoordinator     : [GroupCoordinator 0]: Elected as the group coordinator for partition 19 in epoch 0
2025-07-18T07:37:42.138Z  INFO 27376 --- [r-event-handler] k.c.group.GroupMetadataManager           : [GroupMetadataManager brokerId=0] Scheduling loading of offsets and group metadata from __consumer_offsets-19 for epoch 0
2025-07-18T07:37:42.138Z  INFO 27376 --- [r-event-handler] k.coordinator.group.GroupCoordinator     : [GroupCoordinator 0]: Elected as the group coordinator for partition 32 in epoch 0
2025-07-18T07:37:42.138Z  INFO 27376 --- [r-event-handler] k.c.group.GroupMetadataManager           : [GroupMetadataManager brokerId=0] Scheduling loading of offsets and group metadata from __consumer_offsets-32 for epoch 0
2025-07-18T07:37:42.138Z  INFO 27376 --- [r-event-handler] k.coordinator.group.GroupCoordinator     : [GroupCoordinator 0]: Elected as the group coordinator for partition 28 in epoch 0
2025-07-18T07:37:42.138Z  INFO 27376 --- [r-event-handler] k.c.group.GroupMetadataManager           : [GroupMetadataManager brokerId=0] Scheduling loading of offsets and group metadata from __consumer_offsets-28 for epoch 0
2025-07-18T07:37:42.138Z  INFO 27376 --- [r-event-handler] k.coordinator.group.GroupCoordinator     : [GroupCoordinator 0]: Elected as the group coordinator for partition 7 in epoch 0
2025-07-18T07:37:42.138Z  INFO 27376 --- [r-event-handler] k.c.group.GroupMetadataManager           : [GroupMetadataManager brokerId=0] Scheduling loading of offsets and group metadata from __consumer_offsets-7 for epoch 0
2025-07-18T07:37:42.138Z  INFO 27376 --- [r-event-handler] k.coordinator.group.GroupCoordinator     : [GroupCoordinator 0]: Elected as the group coordinator for partition 40 in epoch 0
2025-07-18T07:37:42.138Z  INFO 27376 --- [r-event-handler] k.c.group.GroupMetadataManager           : [GroupMetadataManager brokerId=0] Scheduling loading of offsets and group metadata from __consumer_offsets-40 for epoch 0
2025-07-18T07:37:42.138Z  INFO 27376 --- [r-event-handler] k.coordinator.group.GroupCoordinator     : [GroupCoordinator 0]: Elected as the group coordinator for partition 3 in epoch 0
2025-07-18T07:37:42.138Z  INFO 27376 --- [r-event-handler] k.c.group.GroupMetadataManager           : [GroupMetadataManager brokerId=0] Scheduling loading of offsets and group metadata from __consumer_offsets-3 for epoch 0
2025-07-18T07:37:42.138Z  INFO 27376 --- [r-event-handler] k.coordinator.group.GroupCoordinator     : [GroupCoordinator 0]: Elected as the group coordinator for partition 36 in epoch 0
2025-07-18T07:37:42.138Z  INFO 27376 --- [r-event-handler] k.c.group.GroupMetadataManager           : [GroupMetadataManager brokerId=0] Scheduling loading of offsets and group metadata from __consumer_offsets-36 for epoch 0
2025-07-18T07:37:42.138Z  INFO 27376 --- [r-event-handler] k.coordinator.group.GroupCoordinator     : [GroupCoordinator 0]: Elected as the group coordinator for partition 47 in epoch 0
2025-07-18T07:37:42.138Z  INFO 27376 --- [r-event-handler] k.c.group.GroupMetadataManager           : [GroupMetadataManager brokerId=0] Scheduling loading of offsets and group metadata from __consumer_offsets-47 for epoch 0
2025-07-18T07:37:42.138Z  INFO 27376 --- [r-event-handler] k.coordinator.group.GroupCoordinator     : [GroupCoordinator 0]: Elected as the group coordinator for partition 14 in epoch 0
2025-07-18T07:37:42.138Z  INFO 27376 --- [r-event-handler] k.c.group.GroupMetadataManager           : [GroupMetadataManager brokerId=0] Scheduling loading of offsets and group metadata from __consumer_offsets-14 for epoch 0
2025-07-18T07:37:42.138Z  INFO 27376 --- [r-event-handler] k.coordinator.group.GroupCoordinator     : [GroupCoordinator 0]: Elected as the group coordinator for partition 43 in epoch 0
2025-07-18T07:37:42.138Z  INFO 27376 --- [r-event-handler] k.c.group.GroupMetadataManager           : [GroupMetadataManager brokerId=0] Scheduling loading of offsets and group metadata from __consumer_offsets-43 for epoch 0
2025-07-18T07:37:42.138Z  INFO 27376 --- [r-event-handler] k.coordinator.group.GroupCoordinator     : [GroupCoordinator 0]: Elected as the group coordinator for partition 10 in epoch 0
2025-07-18T07:37:42.138Z  INFO 27376 --- [r-event-handler] k.c.group.GroupMetadataManager           : [GroupMetadataManager brokerId=0] Scheduling loading of offsets and group metadata from __consumer_offsets-10 for epoch 0
2025-07-18T07:37:42.138Z  INFO 27376 --- [r-event-handler] k.coordinator.group.GroupCoordinator     : [GroupCoordinator 0]: Elected as the group coordinator for partition 22 in epoch 0
2025-07-18T07:37:42.138Z  INFO 27376 --- [r-event-handler] k.c.group.GroupMetadataManager           : [GroupMetadataManager brokerId=0] Scheduling loading of offsets and group metadata from __consumer_offsets-22 for epoch 0
2025-07-18T07:37:42.138Z  INFO 27376 --- [r-event-handler] k.coordinator.group.GroupCoordinator     : [GroupCoordinator 0]: Elected as the group coordinator for partition 18 in epoch 0
2025-07-18T07:37:42.138Z  INFO 27376 --- [r-event-handler] k.c.group.GroupMetadataManager           : [GroupMetadataManager brokerId=0] Scheduling loading of offsets and group metadata from __consumer_offsets-18 for epoch 0
2025-07-18T07:37:42.138Z  INFO 27376 --- [r-event-handler] k.coordinator.group.GroupCoordinator     : [GroupCoordinator 0]: Elected as the group coordinator for partition 31 in epoch 0
2025-07-18T07:37:42.138Z  INFO 27376 --- [r-event-handler] k.c.group.GroupMetadataManager           : [GroupMetadataManager brokerId=0] Scheduling loading of offsets and group metadata from __consumer_offsets-31 for epoch 0
2025-07-18T07:37:42.138Z  INFO 27376 --- [r-event-handler] k.coordinator.group.GroupCoordinator     : [GroupCoordinator 0]: Elected as the group coordinator for partition 27 in epoch 0
2025-07-18T07:37:42.138Z  INFO 27376 --- [r-event-handler] k.c.group.GroupMetadataManager           : [GroupMetadataManager brokerId=0] Scheduling loading of offsets and group metadata from __consumer_offsets-27 for epoch 0
2025-07-18T07:37:42.138Z  INFO 27376 --- [r-event-handler] k.coordinator.group.GroupCoordinator     : [GroupCoordinator 0]: Elected as the group coordinator for partition 39 in epoch 0
2025-07-18T07:37:42.138Z  INFO 27376 --- [r-event-handler] k.c.group.GroupMetadataManager           : [GroupMetadataManager brokerId=0] Scheduling loading of offsets and group metadata from __consumer_offsets-39 for epoch 0
2025-07-18T07:37:42.138Z  INFO 27376 --- [r-event-handler] k.coordinator.group.GroupCoordinator     : [GroupCoordinator 0]: Elected as the group coordinator for partition 6 in epoch 0
2025-07-18T07:37:42.138Z  INFO 27376 --- [r-event-handler] k.c.group.GroupMetadataManager           : [GroupMetadataManager brokerId=0] Scheduling loading of offsets and group metadata from __consumer_offsets-6 for epoch 0
2025-07-18T07:37:42.138Z  INFO 27376 --- [r-event-handler] k.coordinator.group.GroupCoordinator     : [GroupCoordinator 0]: Elected as the group coordinator for partition 35 in epoch 0
2025-07-18T07:37:42.138Z  INFO 27376 --- [r-event-handler] k.c.group.GroupMetadataManager           : [GroupMetadataManager brokerId=0] Scheduling loading of offsets and group metadata from __consumer_offsets-35 for epoch 0
2025-07-18T07:37:42.138Z  INFO 27376 --- [r-event-handler] k.coordinator.group.GroupCoordinator     : [GroupCoordinator 0]: Elected as the group coordinator for partition 2 in epoch 0
2025-07-18T07:37:42.138Z  INFO 27376 --- [r-event-handler] k.c.group.GroupMetadataManager           : [GroupMetadataManager brokerId=0] Scheduling loading of offsets and group metadata from __consumer_offsets-2 for epoch 0
2025-07-18T07:37:42.140Z  INFO 27376 --- [adata-manager-0] k.c.group.GroupMetadataManager           : [GroupMetadataManager brokerId=0] Finished loading offsets and group metadata from __consumer_offsets-13 in 4 milliseconds for epoch 0, of which 1 milliseconds was spent in the scheduler.
2025-07-18T07:37:42.140Z  INFO 27376 --- [adata-manager-0] k.c.group.GroupMetadataManager           : [GroupMetadataManager brokerId=0] Finished loading offsets and group metadata from __consumer_offsets-46 in 4 milliseconds for epoch 0, of which 4 milliseconds was spent in the scheduler.
2025-07-18T07:37:42.140Z  INFO 27376 --- [adata-manager-0] k.c.group.GroupMetadataManager           : [GroupMetadataManager brokerId=0] Finished loading offsets and group metadata from __consumer_offsets-9 in 4 milliseconds for epoch 0, of which 4 milliseconds was spent in the scheduler.
2025-07-18T07:37:42.140Z  INFO 27376 --- [adata-manager-0] k.c.group.GroupMetadataManager           : [GroupMetadataManager brokerId=0] Finished loading offsets and group metadata from __consumer_offsets-42 in 4 milliseconds for epoch 0, of which 4 milliseconds was spent in the scheduler.
2025-07-18T07:37:42.141Z  INFO 27376 --- [adata-manager-0] k.c.group.GroupMetadataManager           : [GroupMetadataManager brokerId=0] Finished loading offsets and group metadata from __consumer_offsets-21 in 5 milliseconds for epoch 0, of which 4 milliseconds was spent in the scheduler.
2025-07-18T07:37:42.141Z  INFO 27376 --- [adata-manager-0] k.c.group.GroupMetadataManager           : [GroupMetadataManager brokerId=0] Finished loading offsets and group metadata from __consumer_offsets-17 in 5 milliseconds for epoch 0, of which 5 milliseconds was spent in the scheduler.
2025-07-18T07:37:42.141Z  INFO 27376 --- [adata-manager-0] k.c.group.GroupMetadataManager           : [GroupMetadataManager brokerId=0] Finished loading offsets and group metadata from __consumer_offsets-30 in 5 milliseconds for epoch 0, of which 5 milliseconds was spent in the scheduler.
2025-07-18T07:37:42.141Z  INFO 27376 --- [adata-manager-0] k.c.group.GroupMetadataManager           : [GroupMetadataManager brokerId=0] Finished loading offsets and group metadata from __consumer_offsets-26 in 5 milliseconds for epoch 0, of which 5 milliseconds was spent in the scheduler.
2025-07-18T07:37:42.141Z  INFO 27376 --- [adata-manager-0] k.c.group.GroupMetadataManager           : [GroupMetadataManager brokerId=0] Finished loading offsets and group metadata from __consumer_offsets-5 in 5 milliseconds for epoch 0, of which 5 milliseconds was spent in the scheduler.
2025-07-18T07:37:42.141Z  INFO 27376 --- [adata-manager-0] k.c.group.GroupMetadataManager           : [GroupMetadataManager brokerId=0] Finished loading offsets and group metadata from __consumer_offsets-38 in 5 milliseconds for epoch 0, of which 5 milliseconds was spent in the scheduler.
2025-07-18T07:37:42.141Z  INFO 27376 --- [adata-manager-0] k.c.group.GroupMetadataManager           : [GroupMetadataManager brokerId=0] Finished loading offsets and group metadata from __consumer_offsets-1 in 5 milliseconds for epoch 0, of which 5 milliseconds was spent in the scheduler.
2025-07-18T07:37:42.141Z  INFO 27376 --- [adata-manager-0] k.c.group.GroupMetadataManager           : [GroupMetadataManager brokerId=0] Finished loading offsets and group metadata from __consumer_offsets-34 in 5 milliseconds for epoch 0, of which 5 milliseconds was spent in the scheduler.
2025-07-18T07:37:42.141Z  INFO 27376 --- [adata-manager-0] k.c.group.GroupMetadataManager           : [GroupMetadataManager brokerId=0] Finished loading offsets and group metadata from __consumer_offsets-16 in 5 milliseconds for epoch 0, of which 5 milliseconds was spent in the scheduler.
2025-07-18T07:37:42.141Z  INFO 27376 --- [adata-manager-0] k.c.group.GroupMetadataManager           : [GroupMetadataManager brokerId=0] Finished loading offsets and group metadata from __consumer_offsets-45 in 5 milliseconds for epoch 0, of which 5 milliseconds was spent in the scheduler.
2025-07-18T07:37:42.141Z  INFO 27376 --- [adata-manager-0] k.c.group.GroupMetadataManager           : [GroupMetadataManager brokerId=0] Finished loading offsets and group metadata from __consumer_offsets-12 in 5 milliseconds for epoch 0, of which 5 milliseconds was spent in the scheduler.
2025-07-18T07:37:42.141Z  INFO 27376 --- [adata-manager-0] k.c.group.GroupMetadataManager           : [GroupMetadataManager brokerId=0] Finished loading offsets and group metadata from __consumer_offsets-41 in 4 milliseconds for epoch 0, of which 4 milliseconds was spent in the scheduler.
2025-07-18T07:37:42.141Z  INFO 27376 --- [adata-manager-0] k.c.group.GroupMetadataManager           : [GroupMetadataManager brokerId=0] Finished loading offsets and group metadata from __consumer_offsets-24 in 4 milliseconds for epoch 0, of which 4 milliseconds was spent in the scheduler.
2025-07-18T07:37:42.141Z  INFO 27376 --- [adata-manager-0] k.c.group.GroupMetadataManager           : [GroupMetadataManager brokerId=0] Finished loading offsets and group metadata from __consumer_offsets-20 in 4 milliseconds for epoch 0, of which 4 milliseconds was spent in the scheduler.
2025-07-18T07:37:42.141Z  INFO 27376 --- [adata-manager-0] k.c.group.GroupMetadataManager           : [GroupMetadataManager brokerId=0] Finished loading offsets and group metadata from __consumer_offsets-49 in 4 milliseconds for epoch 0, of which 4 milliseconds was spent in the scheduler.
2025-07-18T07:37:42.142Z  INFO 27376 --- [adata-manager-0] k.c.group.GroupMetadataManager           : [GroupMetadataManager brokerId=0] Finished loading offsets and group metadata from __consumer_offsets-0 in 5 milliseconds for epoch 0, of which 5 milliseconds was spent in the scheduler.
2025-07-18T07:37:42.142Z  INFO 27376 --- [adata-manager-0] k.c.group.GroupMetadataManager           : [GroupMetadataManager brokerId=0] Finished loading offsets and group metadata from __consumer_offsets-29 in 5 milliseconds for epoch 0, of which 5 milliseconds was spent in the scheduler.
2025-07-18T07:37:42.142Z  INFO 27376 --- [adata-manager-0] k.c.group.GroupMetadataManager           : [GroupMetadataManager brokerId=0] Finished loading offsets and group metadata from __consumer_offsets-25 in 5 milliseconds for epoch 0, of which 5 milliseconds was spent in the scheduler.
2025-07-18T07:37:42.142Z  INFO 27376 --- [adata-manager-0] k.c.group.GroupMetadataManager           : [GroupMetadataManager brokerId=0] Finished loading offsets and group metadata from __consumer_offsets-8 in 5 milliseconds for epoch 0, of which 5 milliseconds was spent in the scheduler.
2025-07-18T07:37:42.142Z  INFO 27376 --- [adata-manager-0] k.c.group.GroupMetadataManager           : [GroupMetadataManager brokerId=0] Finished loading offsets and group metadata from __consumer_offsets-37 in 5 milliseconds for epoch 0, of which 5 milliseconds was spent in the scheduler.
2025-07-18T07:37:42.142Z  INFO 27376 --- [adata-manager-0] k.c.group.GroupMetadataManager           : [GroupMetadataManager brokerId=0] Finished loading offsets and group metadata from __consumer_offsets-4 in 5 milliseconds for epoch 0, of which 5 milliseconds was spent in the scheduler.
2025-07-18T07:37:42.142Z  INFO 27376 --- [adata-manager-0] k.c.group.GroupMetadataManager           : [GroupMetadataManager brokerId=0] Finished loading offsets and group metadata from __consumer_offsets-33 in 5 milliseconds for epoch 0, of which 5 milliseconds was spent in the scheduler.
2025-07-18T07:37:42.142Z  INFO 27376 --- [adata-manager-0] k.c.group.GroupMetadataManager           : [GroupMetadataManager brokerId=0] Finished loading offsets and group metadata from __consumer_offsets-15 in 5 milliseconds for epoch 0, of which 5 milliseconds was spent in the scheduler.
2025-07-18T07:37:42.142Z  INFO 27376 --- [adata-manager-0] k.c.group.GroupMetadataManager           : [GroupMetadataManager brokerId=0] Finished loading offsets and group metadata from __consumer_offsets-48 in 5 milliseconds for epoch 0, of which 5 milliseconds was spent in the scheduler.
2025-07-18T07:37:42.142Z  INFO 27376 --- [adata-manager-0] k.c.group.GroupMetadataManager           : [GroupMetadataManager brokerId=0] Finished loading offsets and group metadata from __consumer_offsets-11 in 5 milliseconds for epoch 0, of which 5 milliseconds was spent in the scheduler.
2025-07-18T07:37:42.142Z  INFO 27376 --- [adata-manager-0] k.c.group.GroupMetadataManager           : [GroupMetadataManager brokerId=0] Finished loading offsets and group metadata from __consumer_offsets-44 in 5 milliseconds for epoch 0, of which 5 milliseconds was spent in the scheduler.
2025-07-18T07:37:42.142Z  INFO 27376 --- [r-event-handler] k.s.metadata.DynamicConfigPublisher      : [DynamicConfigPublisher broker id=0] Updating topic __consumer_offsets with new configuration : compression.type -> producer,cleanup.policy -> compact,segment.bytes -> 104857600
2025-07-18T07:37:42.142Z  INFO 27376 --- [adata-manager-0] k.c.group.GroupMetadataManager           : [GroupMetadataManager brokerId=0] Finished loading offsets and group metadata from __consumer_offsets-23 in 4 milliseconds for epoch 0, of which 4 milliseconds was spent in the scheduler.
2025-07-18T07:37:42.142Z  INFO 27376 --- [adata-manager-0] k.c.group.GroupMetadataManager           : [GroupMetadataManager brokerId=0] Finished loading offsets and group metadata from __consumer_offsets-19 in 4 milliseconds for epoch 0, of which 4 milliseconds was spent in the scheduler.
2025-07-18T07:37:42.142Z  INFO 27376 --- [adata-manager-0] k.c.group.GroupMetadataManager           : [GroupMetadataManager brokerId=0] Finished loading offsets and group metadata from __consumer_offsets-32 in 4 milliseconds for epoch 0, of which 4 milliseconds was spent in the scheduler.
2025-07-18T07:37:42.142Z  INFO 27376 --- [adata-manager-0] k.c.group.GroupMetadataManager           : [GroupMetadataManager brokerId=0] Finished loading offsets and group metadata from __consumer_offsets-28 in 4 milliseconds for epoch 0, of which 4 milliseconds was spent in the scheduler.
2025-07-18T07:37:42.142Z  INFO 27376 --- [adata-manager-0] k.c.group.GroupMetadataManager           : [GroupMetadataManager brokerId=0] Finished loading offsets and group metadata from __consumer_offsets-7 in 4 milliseconds for epoch 0, of which 4 milliseconds was spent in the scheduler.
2025-07-18T07:37:42.143Z  INFO 27376 --- [adata-manager-0] k.c.group.GroupMetadataManager           : [GroupMetadataManager brokerId=0] Finished loading offsets and group metadata from __consumer_offsets-40 in 5 milliseconds for epoch 0, of which 4 milliseconds was spent in the scheduler.
2025-07-18T07:37:42.143Z  INFO 27376 --- [adata-manager-0] k.c.group.GroupMetadataManager           : [GroupMetadataManager brokerId=0] Finished loading offsets and group metadata from __consumer_offsets-3 in 5 milliseconds for epoch 0, of which 5 milliseconds was spent in the scheduler.
2025-07-18T07:37:42.143Z  INFO 27376 --- [adata-manager-0] k.c.group.GroupMetadataManager           : [GroupMetadataManager brokerId=0] Finished loading offsets and group metadata from __consumer_offsets-36 in 5 milliseconds for epoch 0, of which 5 milliseconds was spent in the scheduler.
2025-07-18T07:37:42.143Z  INFO 27376 --- [adata-manager-0] k.c.group.GroupMetadataManager           : [GroupMetadataManager brokerId=0] Finished loading offsets and group metadata from __consumer_offsets-47 in 5 milliseconds for epoch 0, of which 5 milliseconds was spent in the scheduler.
2025-07-18T07:37:42.143Z  INFO 27376 --- [adata-manager-0] k.c.group.GroupMetadataManager           : [GroupMetadataManager brokerId=0] Finished loading offsets and group metadata from __consumer_offsets-14 in 5 milliseconds for epoch 0, of which 5 milliseconds was spent in the scheduler.
2025-07-18T07:37:42.143Z  INFO 27376 --- [adata-manager-0] k.c.group.GroupMetadataManager           : [GroupMetadataManager brokerId=0] Finished loading offsets and group metadata from __consumer_offsets-43 in 5 milliseconds for epoch 0, of which 5 milliseconds was spent in the scheduler.
2025-07-18T07:37:42.143Z  INFO 27376 --- [adata-manager-0] k.c.group.GroupMetadataManager           : [GroupMetadataManager brokerId=0] Finished loading offsets and group metadata from __consumer_offsets-10 in 5 milliseconds for epoch 0, of which 5 milliseconds was spent in the scheduler.
2025-07-18T07:37:42.143Z  INFO 27376 --- [adata-manager-0] k.c.group.GroupMetadataManager           : [GroupMetadataManager brokerId=0] Finished loading offsets and group metadata from __consumer_offsets-22 in 5 milliseconds for epoch 0, of which 5 milliseconds was spent in the scheduler.
2025-07-18T07:37:42.143Z  INFO 27376 --- [adata-manager-0] k.c.group.GroupMetadataManager           : [GroupMetadataManager brokerId=0] Finished loading offsets and group metadata from __consumer_offsets-18 in 5 milliseconds for epoch 0, of which 5 milliseconds was spent in the scheduler.
2025-07-18T07:37:42.143Z  INFO 27376 --- [adata-manager-0] k.c.group.GroupMetadataManager           : [GroupMetadataManager brokerId=0] Finished loading offsets and group metadata from __consumer_offsets-31 in 5 milliseconds for epoch 0, of which 5 milliseconds was spent in the scheduler.
2025-07-18T07:37:42.143Z  INFO 27376 --- [adata-manager-0] k.c.group.GroupMetadataManager           : [GroupMetadataManager brokerId=0] Finished loading offsets and group metadata from __consumer_offsets-27 in 5 milliseconds for epoch 0, of which 5 milliseconds was spent in the scheduler.
2025-07-18T07:37:42.143Z  INFO 27376 --- [adata-manager-0] k.c.group.GroupMetadataManager           : [GroupMetadataManager brokerId=0] Finished loading offsets and group metadata from __consumer_offsets-39 in 5 milliseconds for epoch 0, of which 5 milliseconds was spent in the scheduler.
2025-07-18T07:37:42.143Z  INFO 27376 --- [adata-manager-0] k.c.group.GroupMetadataManager           : [GroupMetadataManager brokerId=0] Finished loading offsets and group metadata from __consumer_offsets-6 in 5 milliseconds for epoch 0, of which 5 milliseconds was spent in the scheduler.
2025-07-18T07:37:42.143Z  INFO 27376 --- [adata-manager-0] k.c.group.GroupMetadataManager           : [GroupMetadataManager brokerId=0] Finished loading offsets and group metadata from __consumer_offsets-35 in 5 milliseconds for epoch 0, of which 5 milliseconds was spent in the scheduler.
2025-07-18T07:37:42.143Z  INFO 27376 --- [adata-manager-0] k.c.group.GroupMetadataManager           : [GroupMetadataManager brokerId=0] Finished loading offsets and group metadata from __consumer_offsets-2 in 5 milliseconds for epoch 0, of which 5 milliseconds was spent in the scheduler.
2025-07-18T07:37:42.162Z  INFO 27376 --- [ntainer#0-0-C-1] o.a.k.c.c.internals.ConsumerCoordinator  : [Consumer clientId=consumer-transaction-consumer-group-1, groupId=transaction-consumer-group] Discovered group coordinator localhost:41641 (id: 2147483647 rack: null)
2025-07-18T07:37:42.162Z  INFO 27376 --- [ntainer#0-0-C-1] o.a.k.c.c.internals.ConsumerCoordinator  : [Consumer clientId=consumer-transaction-consumer-group-1, groupId=transaction-consumer-group] Request joining group due to: rebalance failed due to 'This is not the correct coordinator.' (NotCoordinatorException)
2025-07-18T07:37:42.162Z  INFO 27376 --- [ntainer#0-0-C-1] o.a.k.c.c.internals.ConsumerCoordinator  : [Consumer clientId=consumer-transaction-consumer-group-1, groupId=transaction-consumer-group] (Re-)joining group
2025-07-18T07:37:42.170Z  INFO 27376 --- [quest-handler-4] k.coordinator.group.GroupCoordinator     : [GroupCoordinator 0]: Dynamic member with unknown member id joins group transaction-consumer-group in Empty state. Created a new member id consumer-transaction-consumer-group-1-dea5a8b0-9367-4290-9b72-f3c84acdd96f and request the member to rejoin with this id.
2025-07-18T07:37:42.177Z  INFO 27376 --- [ntainer#0-0-C-1] o.a.k.c.c.internals.ConsumerCoordinator  : [Consumer clientId=consumer-transaction-consumer-group-1, groupId=transaction-consumer-group] Request joining group due to: need to re-join with the given member-id: consumer-transaction-consumer-group-1-dea5a8b0-9367-4290-9b72-f3c84acdd96f
2025-07-18T07:37:42.177Z  INFO 27376 --- [ntainer#0-0-C-1] o.a.k.c.c.internals.ConsumerCoordinator  : [Consumer clientId=consumer-transaction-consumer-group-1, groupId=transaction-consumer-group] Request joining group due to: rebalance failed due to 'The group member needs to have a valid member id before actually entering a consumer group.' (MemberIdRequiredException)
2025-07-18T07:37:42.177Z  INFO 27376 --- [ntainer#0-0-C-1] o.a.k.c.c.internals.ConsumerCoordinator  : [Consumer clientId=consumer-transaction-consumer-group-1, groupId=transaction-consumer-group] (Re-)joining group
2025-07-18T07:37:42.182Z  INFO 27376 --- [quest-handler-6] k.coordinator.group.GroupCoordinator     : [GroupCoordinator 0]: Preparing to rebalance group transaction-consumer-group in state PreparingRebalance with old generation 0 (__consumer_offsets-29) (reason: Adding new member consumer-transaction-consumer-group-1-dea5a8b0-9367-4290-9b72-f3c84acdd96f with group instance id None; client reason: rebalance failed due to MemberIdRequiredException)
2025-07-18T07:37:42.189Z  INFO 27376 --- [cutor-Rebalance] k.coordinator.group.GroupCoordinator     : [GroupCoordinator 0]: Stabilized group transaction-consumer-group generation 1 (__consumer_offsets-29) with 1 members
2025-07-18T07:37:42.190Z  INFO 27376 --- [ntainer#0-0-C-1] o.a.k.c.c.internals.ConsumerCoordinator  : [Consumer clientId=consumer-transaction-consumer-group-1, groupId=transaction-consumer-group] Successfully joined group with generation Generation{generationId=1, memberId='consumer-transaction-consumer-group-1-dea5a8b0-9367-4290-9b72-f3c84acdd96f', protocol='range'}
2025-07-18T07:37:42.195Z  INFO 27376 --- [ntainer#0-0-C-1] o.a.k.c.c.internals.ConsumerCoordinator  : [Consumer clientId=consumer-transaction-consumer-group-1, groupId=transaction-consumer-group] Finished assignment for group at generation 1: {consumer-transaction-consumer-group-1-dea5a8b0-9367-4290-9b72-f3c84acdd96f=Assignment(partitions=[transaction-topic-0])}
2025-07-18T07:37:42.201Z  INFO 27376 --- [quest-handler-7] k.coordinator.group.GroupCoordinator     : [GroupCoordinator 0]: Assignment received from leader consumer-transaction-consumer-group-1-dea5a8b0-9367-4290-9b72-f3c84acdd96f for group transaction-consumer-group for generation 1. The group has 1 members, 0 of which are static.
2025-07-18T07:37:42.213Z  INFO 27376 --- [ntainer#0-0-C-1] o.a.k.c.c.internals.ConsumerCoordinator  : [Consumer clientId=consumer-transaction-consumer-group-1, groupId=transaction-consumer-group] Successfully synced group in generation Generation{generationId=1, memberId='consumer-transaction-consumer-group-1-dea5a8b0-9367-4290-9b72-f3c84acdd96f', protocol='range'}
2025-07-18T07:37:42.213Z  INFO 27376 --- [ntainer#0-0-C-1] o.a.k.c.c.internals.ConsumerCoordinator  : [Consumer clientId=consumer-transaction-consumer-group-1, groupId=transaction-consumer-group] Notifying assignor about the new Assignment(partitions=[transaction-topic-0])
2025-07-18T07:37:42.214Z  INFO 27376 --- [ntainer#0-0-C-1] o.a.k.c.c.internals.ConsumerCoordinator  : [Consumer clientId=consumer-transaction-consumer-group-1, groupId=transaction-consumer-group] Adding newly assigned partitions: transaction-topic-0
2025-07-18T07:37:42.223Z  INFO 27376 --- [ntainer#0-0-C-1] o.a.k.c.c.internals.ConsumerCoordinator  : [Consumer clientId=consumer-transaction-consumer-group-1, groupId=transaction-consumer-group] Found no committed offset for partition transaction-topic-0
2025-07-18T07:37:42.234Z  INFO 27376 --- [ntainer#0-0-C-1] o.a.k.c.c.internals.SubscriptionState    : [Consumer clientId=consumer-transaction-consumer-group-1, groupId=transaction-consumer-group] Resetting offset for partition transaction-topic-0 to position FetchPosition{offset=0, offsetEpoch=Optional.empty, currentLeader=LeaderAndEpoch{leader=Optional[localhost:41641 (id: 0 rack: null)], epoch=0}}.
2025-07-18T07:37:42.235Z  INFO 27376 --- [ntainer#0-0-C-1] o.s.k.l.KafkaMessageListenerContainer    : transaction-consumer-group: partitions assigned: [transaction-topic-0]
2025-07-18T07:37:42.289Z  INFO 27376 --- [ntainer#0-0-C-1] com.jpmc.midascore.KafkaConsumer         : Received Transaction: Transaction {senderId=3, recipientId=2, amount=123.78}
2025-07-18T07:37:42.498Z  INFO 27376 --- [ntainer#0-0-C-1] com.jpmc.midascore.KafkaConsumer         : Trans Detail Sender:User[id=3, name='maria', balance='2650.359863', Reciever:User[id=2, name='grommit', balance='2339.150146'
2025-07-18T07:37:42.499Z  INFO 27376 --- [ntainer#0-0-C-1] com.jpmc.midascore.KafkaConsumer         : Transaction recorded and balances updated.
2025-07-18T07:37:42.499Z  INFO 27376 --- [ntainer#0-0-C-1] com.jpmc.midascore.KafkaConsumer         : Received Transaction: Transaction {senderId=1, recipientId=4, amount=144.73}
2025-07-18T07:37:42.512Z  INFO 27376 --- [ntainer#0-0-C-1] com.jpmc.midascore.KafkaConsumer         : Trans Detail Sender:User[id=1, name='bernie', balance='1055.500000', Reciever:User[id=4, name='mario', balance='157.069992'
2025-07-18T07:37:42.513Z  INFO 27376 --- [ntainer#0-0-C-1] com.jpmc.midascore.KafkaConsumer         : Transaction recorded and balances updated.
2025-07-18T07:37:42.513Z  INFO 27376 --- [ntainer#0-0-C-1] com.jpmc.midascore.KafkaConsumer         : Received Transaction: Transaction {senderId=5, recipientId=2, amount=183.2}
2025-07-18T07:37:42.528Z  INFO 27376 --- [ntainer#0-0-C-1] com.jpmc.midascore.KafkaConsumer         : Trans Detail Sender:User[id=5, name='waldorf', balance='261.349976', Reciever:User[id=2, name='grommit', balance='2522.350098'
2025-07-18T07:37:42.528Z  INFO 27376 --- [ntainer#0-0-C-1] com.jpmc.midascore.KafkaConsumer         : Transaction recorded and balances updated.
2025-07-18T07:37:42.528Z  INFO 27376 --- [ntainer#0-0-C-1] com.jpmc.midascore.KafkaConsumer         : Received Transaction: Transaction {senderId=10, recipientId=1, amount=123.74}
2025-07-18T07:37:42.544Z  INFO 27376 --- [ntainer#0-0-C-1] com.jpmc.midascore.KafkaConsumer         : Trans Detail Sender:User[id=10, name='antonio', balance='1997.800049', Reciever:User[id=1, name='bernie', balance='1179.239990'
2025-07-18T07:37:42.544Z  INFO 27376 --- [ntainer#0-0-C-1] com.jpmc.midascore.KafkaConsumer         : Transaction recorded and balances updated.
2025-07-18T07:37:42.544Z  INFO 27376 --- [ntainer#0-0-C-1] com.jpmc.midascore.KafkaConsumer         : Received Transaction: Transaction {senderId=3, recipientId=2, amount=164.17}
2025-07-18T07:37:42.558Z  INFO 27376 --- [ntainer#0-0-C-1] com.jpmc.midascore.KafkaConsumer         : Trans Detail Sender:User[id=3, name='maria', balance='2486.189941', Reciever:User[id=2, name='grommit', balance='2686.520020'
2025-07-18T07:37:42.558Z  INFO 27376 --- [ntainer#0-0-C-1] com.jpmc.midascore.KafkaConsumer         : Transaction recorded and balances updated.
2025-07-18T07:37:42.558Z  INFO 27376 --- [ntainer#0-0-C-1] com.jpmc.midascore.KafkaConsumer         : Received Transaction: Transaction {senderId=2, recipientId=9, amount=20.3}
2025-07-18T07:37:42.571Z  INFO 27376 --- [ntainer#0-0-C-1] com.jpmc.midascore.KafkaConsumer         : Trans Detail Sender:User[id=2, name='grommit', balance='2666.219971', Reciever:User[id=9, name='wilbur', balance='3496.510010'
2025-07-18T07:37:42.571Z  INFO 27376 --- [ntainer#0-0-C-1] com.jpmc.midascore.KafkaConsumer         : Transaction recorded and balances updated.
2025-07-18T07:37:42.572Z  INFO 27376 --- [ntainer#0-0-C-1] com.jpmc.midascore.KafkaConsumer         : Received Transaction: Transaction {senderId=9, recipientId=3, amount=182.62}
2025-07-18T07:37:42.589Z  INFO 27376 --- [ntainer#0-0-C-1] com.jpmc.midascore.KafkaConsumer         : Trans Detail Sender:User[id=9, name='wilbur', balance='3313.890137', Reciever:User[id=3, name='maria', balance='2668.810059'
2025-07-18T07:37:42.589Z  INFO 27376 --- [ntainer#0-0-C-1] com.jpmc.midascore.KafkaConsumer         : Transaction recorded and balances updated.
2025-07-18T07:37:42.589Z  INFO 27376 --- [ntainer#0-0-C-1] com.jpmc.midascore.KafkaConsumer         : Received Transaction: Transaction {senderId=4, recipientId=8, amount=21.59}
2025-07-18T07:37:42.606Z  INFO 27376 --- [ntainer#0-0-C-1] com.jpmc.midascore.KafkaConsumer         : Trans Detail Sender:User[id=4, name='mario', balance='135.479996', Reciever:User[id=8, name='howsit', balance='90.289993'
2025-07-18T07:37:42.606Z  INFO 27376 --- [ntainer#0-0-C-1] com.jpmc.midascore.KafkaConsumer         : Transaction recorded and balances updated.
2025-07-18T07:37:42.606Z  INFO 27376 --- [ntainer#0-0-C-1] com.jpmc.midascore.KafkaConsumer         : Received Transaction: Transaction {senderId=5, recipientId=10, amount=90.29}
2025-07-18T07:37:42.621Z  INFO 27376 --- [ntainer#0-0-C-1] com.jpmc.midascore.KafkaConsumer         : Trans Detail Sender:User[id=5, name='waldorf', balance='171.059967', Reciever:User[id=10, name='antonio', balance='2088.090088'
2025-07-18T07:37:42.621Z  INFO 27376 --- [ntainer#0-0-C-1] com.jpmc.midascore.KafkaConsumer         : Transaction recorded and balances updated.
2025-07-18T07:37:42.621Z  INFO 27376 --- [ntainer#0-0-C-1] com.jpmc.midascore.KafkaConsumer         : Received Transaction: Transaction {senderId=5, recipientId=1, amount=47.96}
2025-07-18T07:37:42.634Z  INFO 27376 --- [ntainer#0-0-C-1] com.jpmc.midascore.KafkaConsumer         : Trans Detail Sender:User[id=5, name='waldorf', balance='123.099968', Reciever:User[id=1, name='bernie', balance='1227.199951'
2025-07-18T07:37:42.634Z  INFO 27376 --- [ntainer#0-0-C-1] com.jpmc.midascore.KafkaConsumer         : Transaction recorded and balances updated.
2025-07-18T07:37:42.634Z  INFO 27376 --- [ntainer#0-0-C-1] com.jpmc.midascore.KafkaConsumer         : Received Transaction: Transaction {senderId=5, recipientId=3, amount=71.52}
2025-07-18T07:37:42.650Z  INFO 27376 --- [ntainer#0-0-C-1] com.jpmc.midascore.KafkaConsumer         : Trans Detail Sender:User[id=5, name='waldorf', balance='51.579971', Reciever:User[id=3, name='maria', balance='2740.330078'
2025-07-18T07:37:42.650Z  INFO 27376 --- [ntainer#0-0-C-1] com.jpmc.midascore.KafkaConsumer         : Transaction recorded and balances updated.
2025-07-18T07:37:42.650Z  INFO 27376 --- [ntainer#0-0-C-1] com.jpmc.midascore.KafkaConsumer         : Received Transaction: Transaction {senderId=8, recipientId=7, amount=157.84}
2025-07-18T07:37:42.653Z  WARN 27376 --- [ntainer#0-0-C-1] com.jpmc.midascore.KafkaConsumer         : Invalid transaction. Sender or recipient missing, or insufficient funds.
2025-07-18T07:37:42.654Z  INFO 27376 --- [ntainer#0-0-C-1] com.jpmc.midascore.KafkaConsumer         : Received Transaction: Transaction {senderId=6, recipientId=1, amount=46.81}
2025-07-18T07:37:42.666Z  INFO 27376 --- [ntainer#0-0-C-1] com.jpmc.midascore.KafkaConsumer         : Trans Detail Sender:User[id=6, name='whosit', balance='842.090027', Reciever:User[id=1, name='bernie', balance='1274.010010'
2025-07-18T07:37:42.666Z  INFO 27376 --- [ntainer#0-0-C-1] com.jpmc.midascore.KafkaConsumer         : Transaction recorded and balances updated.
2025-07-18T07:37:42.666Z  INFO 27376 --- [ntainer#0-0-C-1] com.jpmc.midascore.KafkaConsumer         : Received Transaction: Transaction {senderId=1, recipientId=10, amount=69.1}
2025-07-18T07:37:42.683Z  INFO 27376 --- [ntainer#0-0-C-1] com.jpmc.midascore.KafkaConsumer         : Trans Detail Sender:User[id=1, name='bernie', balance='1204.910034', Reciever:User[id=10, name='antonio', balance='2157.190186'
2025-07-18T07:37:42.683Z  INFO 27376 --- [ntainer#0-0-C-1] com.jpmc.midascore.KafkaConsumer         : Transaction recorded and balances updated.
2025-07-18T07:37:42.683Z  INFO 27376 --- [ntainer#0-0-C-1] com.jpmc.midascore.KafkaConsumer         : Received Transaction: Transaction {senderId=2, recipientId=1, amount=130.97}
2025-07-18T07:37:42.698Z  INFO 27376 --- [ntainer#0-0-C-1] com.jpmc.midascore.KafkaConsumer         : Trans Detail Sender:User[id=2, name='grommit', balance='2535.250000', Reciever:User[id=1, name='bernie', balance='1335.880005'
2025-07-18T07:37:42.698Z  INFO 27376 --- [ntainer#0-0-C-1] com.jpmc.midascore.KafkaConsumer         : Transaction recorded and balances updated.
2025-07-18T07:37:42.699Z  INFO 27376 --- [ntainer#0-0-C-1] com.jpmc.midascore.KafkaConsumer         : Received Transaction: Transaction {senderId=4, recipientId=2, amount=32.27}
2025-07-18T07:37:42.714Z  INFO 27376 --- [ntainer#0-0-C-1] com.jpmc.midascore.KafkaConsumer         : Trans Detail Sender:User[id=4, name='mario', balance='103.209991', Reciever:User[id=2, name='grommit', balance='2567.520020'
2025-07-18T07:37:42.714Z  INFO 27376 --- [ntainer#0-0-C-1] com.jpmc.midascore.KafkaConsumer         : Transaction recorded and balances updated.
2025-07-18T07:37:42.714Z  INFO 27376 --- [ntainer#0-0-C-1] com.jpmc.midascore.KafkaConsumer         : Received Transaction: Transaction {senderId=8, recipientId=2, amount=92.38}
2025-07-18T07:37:42.719Z  WARN 27376 --- [ntainer#0-0-C-1] com.jpmc.midascore.KafkaConsumer         : Invalid transaction. Sender or recipient missing, or insufficient funds.
2025-07-18T07:37:42.720Z  INFO 27376 --- [ntainer#0-0-C-1] com.jpmc.midascore.KafkaConsumer         : Received Transaction: Transaction {senderId=7, recipientId=9, amount=120.11}
2025-07-18T07:37:42.738Z  INFO 27376 --- [ntainer#0-0-C-1] com.jpmc.midascore.KafkaConsumer         : Trans Detail Sender:User[id=7, name='whatsit', balance='657.489990', Reciever:User[id=9, name='wilbur', balance='3434.000244'
2025-07-18T07:37:42.738Z  INFO 27376 --- [ntainer#0-0-C-1] com.jpmc.midascore.KafkaConsumer         : Transaction recorded and balances updated.
2025-07-18T07:37:42.738Z  INFO 27376 --- [ntainer#0-0-C-1] com.jpmc.midascore.KafkaConsumer         : Received Transaction: Transaction {senderId=5, recipientId=1, amount=64.47}
2025-07-18T07:37:42.740Z  WARN 27376 --- [ntainer#0-0-C-1] com.jpmc.midascore.KafkaConsumer         : Invalid transaction. Sender or recipient missing, or insufficient funds.
2025-07-18T07:37:42.740Z  INFO 27376 --- [ntainer#0-0-C-1] com.jpmc.midascore.KafkaConsumer         : Received Transaction: Transaction {senderId=5, recipientId=4, amount=37.76}
2025-07-18T07:37:42.754Z  INFO 27376 --- [ntainer#0-0-C-1] com.jpmc.midascore.KafkaConsumer         : Trans Detail Sender:User[id=5, name='waldorf', balance='13.819973', Reciever:User[id=4, name='mario', balance='140.969986'
2025-07-18T07:37:42.754Z  INFO 27376 --- [ntainer#0-0-C-1] com.jpmc.midascore.KafkaConsumer         : Transaction recorded and balances updated.
2025-07-18T07:37:42.754Z  INFO 27376 --- [ntainer#0-0-C-1] com.jpmc.midascore.KafkaConsumer         : Received Transaction: Transaction {senderId=5, recipientId=6, amount=3.4}
2025-07-18T07:37:42.766Z  INFO 27376 --- [ntainer#0-0-C-1] com.jpmc.midascore.KafkaConsumer         : Trans Detail Sender:User[id=5, name='waldorf', balance='10.419973', Reciever:User[id=6, name='whosit', balance='845.490051'
2025-07-18T07:37:42.766Z  INFO 27376 --- [ntainer#0-0-C-1] com.jpmc.midascore.KafkaConsumer         : Transaction recorded and balances updated.
2025-07-18T07:37:42.766Z  INFO 27376 --- [ntainer#0-0-C-1] com.jpmc.midascore.KafkaConsumer         : Received Transaction: Transaction {senderId=1, recipientId=8, amount=8.9}
2025-07-18T07:37:42.777Z  INFO 27376 --- [ntainer#0-0-C-1] com.jpmc.midascore.KafkaConsumer         : Trans Detail Sender:User[id=1, name='bernie', balance='1326.979980', Reciever:User[id=8, name='howsit', balance='99.189995'
2025-07-18T07:37:42.777Z  INFO 27376 --- [ntainer#0-0-C-1] com.jpmc.midascore.KafkaConsumer         : Transaction recorded and balances updated.
2025-07-18T07:37:43.971Z  INFO 27376 --- [           main] com.jpmc.midascore.TaskFiveTests         : ----------------------------------------------------------
2025-07-18T07:37:43.971Z  INFO 27376 --- [           main] com.jpmc.midascore.TaskFiveTests         : ----------------------------------------------------------
2025-07-18T07:37:43.971Z  INFO 27376 --- [           main] com.jpmc.midascore.TaskFiveTests         : ----------------------------------------------------------
2025-07-18T07:37:43.971Z  INFO 27376 --- [           main] com.jpmc.midascore.TaskFiveTests         : submit the following output to complete the task (include begin and end output denotations)
2025-07-18T07:37:44.021Z  INFO 27376 --- [io-33400-exec-1] o.a.c.c.C.[Tomcat].[localhost].[/]       : Initializing Spring DispatcherServlet 'dispatcherServlet'
2025-07-18T07:37:44.022Z  INFO 27376 --- [io-33400-exec-1] o.s.web.servlet.DispatcherServlet        : Initializing Servlet 'dispatcherServlet'
2025-07-18T07:37:44.023Z  INFO 27376 --- [io-33400-exec-1] o.s.web.servlet.DispatcherServlet        : Completed initialization in 1 ms
2025-07-18T07:37:44.108Z  INFO 27376 --- [           main] com.jpmc.midascore.TaskFiveTests         : 
---begin output ---
Balance {amount=0.0}
Balance {amount=1326.98}
Balance {amount=2567.52}
Balance {amount=2740.33}
Balance {amount=140.96999}
Balance {amount=10.419973}
Balance {amount=845.49005}
Balance {amount=657.49}
Balance {amount=99.189995}
Balance {amount=3434.0002}
Balance {amount=2157.1902}
Balance {amount=779421.3}
Balance {amount=0.0}
---end output ---
]]></system-out>
  </testcase>
</testsuite>